<?xml version="1.0" encoding="UTF-8"?>
<TestRun id="994354db-aa38-4c17-8d94-3a560ced49db" name="Cdo@CDOVPC01 2010-06-08 17:17:40" runUser="CDOVPC01\Cdo" xmlns="http://microsoft.com/schemas/VisualStudio/TeamTest/2006">
  <TestRunConfiguration name="Local Test Run" id="a8a2e672-9ca4-4527-a674-628eb5bad686">
    <Description>This is a default test run configuration for a local test run.</Description>
    <Timeouts testTimeout="300000" />
    <Deployment runDeploymentRoot="C:\Cdo\CodePlex\TxFileManager\TestResults\Cdo_CDOVPC01 2010-06-08 17_17_40">
      <DeploymentItem filename="C:\Cdo\CodePlex\TxFileManager\ChinhDo.Transactions.FileManager\bin\Debug\ChinhDo.Transactions.dll" />
    </Deployment>
    <TestTypeSpecific />
  </TestRunConfiguration>
  <ResultSummary outcome="Completed">
    <Counters total="20" executed="20" passed="20" error="0" failed="0" timeout="0" aborted="0" inconclusive="0" passedButRunAborted="0" notRunnable="0" notExecuted="0" disconnected="0" warning="0" completed="0" inProgress="0" pending="0" />
  </ResultSummary>
  <Times creation="2010-06-08T17:17:40.8637168-04:00" queuing="2010-06-08T17:17:41.1341056-04:00" start="2010-06-08T17:17:41.2142208-04:00" finish="2010-06-08T17:17:42.0153728-04:00" />
  <TestDefinitions>
    <UnitTest name="CanCreateDirectoryAndRollback" storage="c:\cdo\codeplex\txfilemanager\chinhdo.transactions.filemanagertest\bin\debug\chinhdo.transactions.filemanagertest.dll" id="fe5b79e7-9bd7-536d-3767-abaaa615374d">
      <Css projectStructure="" iteration="" />
      <Owners>
        <Owner name="" />
      </Owners>
      <Execution id="3d531e16-8bef-43e4-af33-6a98a6b5e9ac" />
      <TestMethod codeBase="C:\Cdo\CodePlex\TxFileManager\ChinhDo.Transactions.FileManagerTest\bin\Debug\ChinhDo.Transactions.FileManagerTest.dll" adapterTypeName="Microsoft.VisualStudio.TestTools.TestTypes.Unit.UnitTestAdapter, Microsoft.VisualStudio.QualityTools.Tips.UnitTest.Adapter, Version=9.0.0.0, Culture=neutral, PublicKeyToken=b03f5f7f11d50a3a" className="ChinhDo.Transactions.FileManagerTest.FileManagerTest, ChinhDo.Transactions.FileManagerTest" name="CanCreateDirectoryAndRollback" />
    </UnitTest>
    <UnitTest name="CanNestTransactions" storage="c:\cdo\codeplex\txfilemanager\chinhdo.transactions.filemanagertest\bin\debug\chinhdo.transactions.filemanagertest.dll" id="72f2f819-10c1-d5dc-4916-1e29925832eb">
      <Css projectStructure="" iteration="" />
      <Owners>
        <Owner name="" />
      </Owners>
      <Execution id="ce28905d-2d6c-4ebd-8230-8076bc5b9384" />
      <TestMethod codeBase="C:\Cdo\CodePlex\TxFileManager\ChinhDo.Transactions.FileManagerTest\bin\Debug\ChinhDo.Transactions.FileManagerTest.dll" adapterTypeName="Microsoft.VisualStudio.TestTools.TestTypes.Unit.UnitTestAdapter, Microsoft.VisualStudio.QualityTools.Tips.UnitTest.Adapter, Version=9.0.0.0, Culture=neutral, PublicKeyToken=b03f5f7f11d50a3a" className="ChinhDo.Transactions.FileManagerTest.FileManagerTest, ChinhDo.Transactions.FileManagerTest" name="CanNestTransactions" />
    </UnitTest>
    <UnitTest name="CannotRollback" storage="c:\cdo\codeplex\txfilemanager\chinhdo.transactions.filemanagertest\bin\debug\chinhdo.transactions.filemanagertest.dll" id="6c1f1fc7-c3d8-66ef-8a35-f62bf9786a9b">
      <Css projectStructure="" iteration="" />
      <Owners>
        <Owner name="" />
      </Owners>
      <Execution id="5169c688-f768-4622-8ab9-d637b106e101" />
      <TestMethod codeBase="C:\Cdo\CodePlex\TxFileManager\ChinhDo.Transactions.FileManagerTest\bin\Debug\ChinhDo.Transactions.FileManagerTest.dll" adapterTypeName="Microsoft.VisualStudio.TestTools.TestTypes.Unit.UnitTestAdapter, Microsoft.VisualStudio.QualityTools.Tips.UnitTest.Adapter, Version=9.0.0.0, Culture=neutral, PublicKeyToken=b03f5f7f11d50a3a" className="ChinhDo.Transactions.FileManagerTest.FileManagerTest, ChinhDo.Transactions.FileManagerTest" name="CannotRollback" />
    </UnitTest>
    <UnitTest name="CanReuseManager" storage="c:\cdo\codeplex\txfilemanager\chinhdo.transactions.filemanagertest\bin\debug\chinhdo.transactions.filemanagertest.dll" id="c2aaf1a3-cdf2-a67e-9e79-74a46ecfdc37">
      <Css projectStructure="" iteration="" />
      <Owners>
        <Owner name="" />
      </Owners>
      <Execution id="5ba60d6e-61bd-4245-b5a4-1f872ca448ad" />
      <TestMethod codeBase="C:\Cdo\CodePlex\TxFileManager\ChinhDo.Transactions.FileManagerTest\bin\Debug\ChinhDo.Transactions.FileManagerTest.dll" adapterTypeName="Microsoft.VisualStudio.TestTools.TestTypes.Unit.UnitTestAdapter, Microsoft.VisualStudio.QualityTools.Tips.UnitTest.Adapter, Version=9.0.0.0, Culture=neutral, PublicKeyToken=b03f5f7f11d50a3a" className="ChinhDo.Transactions.FileManagerTest.FileManagerTest, ChinhDo.Transactions.FileManagerTest" name="CanReuseManager" />
    </UnitTest>
    <UnitTest name="CanCreateDirectory" storage="c:\cdo\codeplex\txfilemanager\chinhdo.transactions.filemanagertest\bin\debug\chinhdo.transactions.filemanagertest.dll" id="fca7f287-37ab-25c7-6968-aa30f91c14a9">
      <Css projectStructure="" iteration="" />
      <Owners>
        <Owner name="" />
      </Owners>
      <Execution id="618bc842-5c53-4856-9edf-407daf655f7e" />
      <TestMethod codeBase="C:\Cdo\CodePlex\TxFileManager\ChinhDo.Transactions.FileManagerTest\bin\Debug\ChinhDo.Transactions.FileManagerTest.dll" adapterTypeName="Microsoft.VisualStudio.TestTools.TestTypes.Unit.UnitTestAdapter, Microsoft.VisualStudio.QualityTools.Tips.UnitTest.Adapter, Version=9.0.0.0, Culture=neutral, PublicKeyToken=b03f5f7f11d50a3a" className="ChinhDo.Transactions.FileManagerTest.FileManagerTest, ChinhDo.Transactions.FileManagerTest" name="CanCreateDirectory" />
    </UnitTest>
    <UnitTest name="CanMoveFile" storage="c:\cdo\codeplex\txfilemanager\chinhdo.transactions.filemanagertest\bin\debug\chinhdo.transactions.filemanagertest.dll" id="5ab28f5f-b988-8f56-a50e-a40e7807e4d9">
      <Css projectStructure="" iteration="" />
      <Owners>
        <Owner name="" />
      </Owners>
      <Execution id="38976262-abb3-4354-9b8a-ffaf0598162e" />
      <TestMethod codeBase="C:\Cdo\CodePlex\TxFileManager\ChinhDo.Transactions.FileManagerTest\bin\Debug\ChinhDo.Transactions.FileManagerTest.dll" adapterTypeName="Microsoft.VisualStudio.TestTools.TestTypes.Unit.UnitTestAdapter, Microsoft.VisualStudio.QualityTools.Tips.UnitTest.Adapter, Version=9.0.0.0, Culture=neutral, PublicKeyToken=b03f5f7f11d50a3a" className="ChinhDo.Transactions.FileManagerTest.FileManagerTest, ChinhDo.Transactions.FileManagerTest" name="CanMoveFile" />
    </UnitTest>
    <UnitTest name="CannotAppendText" storage="c:\cdo\codeplex\txfilemanager\chinhdo.transactions.filemanagertest\bin\debug\chinhdo.transactions.filemanagertest.dll" id="dcd77c74-8e1c-4d30-6d5b-a1e5b47c5ef8">
      <Css projectStructure="" iteration="" />
      <Owners>
        <Owner name="" />
      </Owners>
      <Execution id="bb7c2e4d-bd16-4054-9ea4-a63c52c719e0" />
      <TestMethod codeBase="C:\Cdo\CodePlex\TxFileManager\ChinhDo.Transactions.FileManagerTest\bin\Debug\ChinhDo.Transactions.FileManagerTest.dll" adapterTypeName="Microsoft.VisualStudio.TestTools.TestTypes.Unit.UnitTestAdapter, Microsoft.VisualStudio.QualityTools.Tips.UnitTest.Adapter, Version=9.0.0.0, Culture=neutral, PublicKeyToken=b03f5f7f11d50a3a" className="ChinhDo.Transactions.FileManagerTest.FileManagerTest, ChinhDo.Transactions.FileManagerTest" name="CannotAppendText" />
    </UnitTest>
    <UnitTest name="CanWriteAllTextAndRollback" storage="c:\cdo\codeplex\txfilemanager\chinhdo.transactions.filemanagertest\bin\debug\chinhdo.transactions.filemanagertest.dll" id="524ba5e4-ee2e-caa0-b515-ca43807b7d4e">
      <Css projectStructure="" iteration="" />
      <Owners>
        <Owner name="" />
      </Owners>
      <Execution id="65ea2f96-6536-4185-bfca-20bd7a7c9c6e" />
      <TestMethod codeBase="C:\Cdo\CodePlex\TxFileManager\ChinhDo.Transactions.FileManagerTest\bin\Debug\ChinhDo.Transactions.FileManagerTest.dll" adapterTypeName="Microsoft.VisualStudio.TestTools.TestTypes.Unit.UnitTestAdapter, Microsoft.VisualStudio.QualityTools.Tips.UnitTest.Adapter, Version=9.0.0.0, Culture=neutral, PublicKeyToken=b03f5f7f11d50a3a" className="ChinhDo.Transactions.FileManagerTest.FileManagerTest, ChinhDo.Transactions.FileManagerTest" name="CanWriteAllTextAndRollback" />
    </UnitTest>
    <UnitTest name="CanCopy" storage="c:\cdo\codeplex\txfilemanager\chinhdo.transactions.filemanagertest\bin\debug\chinhdo.transactions.filemanagertest.dll" id="2006797b-96f3-b8d2-e69b-5b738a9e0ce3">
      <Css projectStructure="" iteration="" />
      <Owners>
        <Owner name="" />
      </Owners>
      <Execution id="3a7a1d8d-d763-4264-9caf-e60ed585f8de" />
      <TestMethod codeBase="C:\Cdo\CodePlex\TxFileManager\ChinhDo.Transactions.FileManagerTest\bin\Debug\ChinhDo.Transactions.FileManagerTest.dll" adapterTypeName="Microsoft.VisualStudio.TestTools.TestTypes.Unit.UnitTestAdapter, Microsoft.VisualStudio.QualityTools.Tips.UnitTest.Adapter, Version=9.0.0.0, Culture=neutral, PublicKeyToken=b03f5f7f11d50a3a" className="ChinhDo.Transactions.FileManagerTest.FileManagerTest, ChinhDo.Transactions.FileManagerTest" name="CanCopy" />
    </UnitTest>
    <UnitTest name="CanHandleCopyErrors" storage="c:\cdo\codeplex\txfilemanager\chinhdo.transactions.filemanagertest\bin\debug\chinhdo.transactions.filemanagertest.dll" id="6fecc392-c30e-5f7b-3615-b4cfe7262b04">
      <Css projectStructure="" iteration="" />
      <Owners>
        <Owner name="" />
      </Owners>
      <Execution id="d40218db-9086-4bc3-8899-fe46960438c1" />
      <TestMethod codeBase="C:\Cdo\CodePlex\TxFileManager\ChinhDo.Transactions.FileManagerTest\bin\Debug\ChinhDo.Transactions.FileManagerTest.dll" adapterTypeName="Microsoft.VisualStudio.TestTools.TestTypes.Unit.UnitTestAdapter, Microsoft.VisualStudio.QualityTools.Tips.UnitTest.Adapter, Version=9.0.0.0, Culture=neutral, PublicKeyToken=b03f5f7f11d50a3a" className="ChinhDo.Transactions.FileManagerTest.FileManagerTest, ChinhDo.Transactions.FileManagerTest" name="CanHandleCopyErrors" />
    </UnitTest>
    <UnitTest name="CanSupportTransactionScopeOptionSuppress" storage="c:\cdo\codeplex\txfilemanager\chinhdo.transactions.filemanagertest\bin\debug\chinhdo.transactions.filemanagertest.dll" id="bd6b40d8-311c-7954-771d-ba41d4659ca0">
      <Css projectStructure="" iteration="" />
      <Owners>
        <Owner name="" />
      </Owners>
      <Execution id="00525e28-0436-41e9-9a3a-61d9a8187446" />
      <TestMethod codeBase="C:\Cdo\CodePlex\TxFileManager\ChinhDo.Transactions.FileManagerTest\bin\Debug\ChinhDo.Transactions.FileManagerTest.dll" adapterTypeName="Microsoft.VisualStudio.TestTools.TestTypes.Unit.UnitTestAdapter, Microsoft.VisualStudio.QualityTools.Tips.UnitTest.Adapter, Version=9.0.0.0, Culture=neutral, PublicKeyToken=b03f5f7f11d50a3a" className="ChinhDo.Transactions.FileManagerTest.FileManagerTest, ChinhDo.Transactions.FileManagerTest" name="CanSupportTransactionScopeOptionSuppress" />
    </UnitTest>
    <UnitTest name="CanDeleteFile" storage="c:\cdo\codeplex\txfilemanager\chinhdo.transactions.filemanagertest\bin\debug\chinhdo.transactions.filemanagertest.dll" id="fb8ab088-327e-38c3-a6a0-f97d5c6d7056">
      <Css projectStructure="" iteration="" />
      <Owners>
        <Owner name="" />
      </Owners>
      <Execution id="4f79bed8-3c7b-4c05-876d-dbaa5c691597" />
      <TestMethod codeBase="C:\Cdo\CodePlex\TxFileManager\ChinhDo.Transactions.FileManagerTest\bin\Debug\ChinhDo.Transactions.FileManagerTest.dll" adapterTypeName="Microsoft.VisualStudio.TestTools.TestTypes.Unit.UnitTestAdapter, Microsoft.VisualStudio.QualityTools.Tips.UnitTest.Adapter, Version=9.0.0.0, Culture=neutral, PublicKeyToken=b03f5f7f11d50a3a" className="ChinhDo.Transactions.FileManagerTest.FileManagerTest, ChinhDo.Transactions.FileManagerTest" name="CanDeleteFile" />
    </UnitTest>
    <UnitTest name="CanMoveFileAndRollback" storage="c:\cdo\codeplex\txfilemanager\chinhdo.transactions.filemanagertest\bin\debug\chinhdo.transactions.filemanagertest.dll" id="05ad9006-51b8-6711-5ba1-dec35d99a4e9">
      <Css projectStructure="" iteration="" />
      <Owners>
        <Owner name="" />
      </Owners>
      <Execution id="6495daac-60f2-4325-bd1e-a57230b74ca7" />
      <TestMethod codeBase="C:\Cdo\CodePlex\TxFileManager\ChinhDo.Transactions.FileManagerTest\bin\Debug\ChinhDo.Transactions.FileManagerTest.dll" adapterTypeName="Microsoft.VisualStudio.TestTools.TestTypes.Unit.UnitTestAdapter, Microsoft.VisualStudio.QualityTools.Tips.UnitTest.Adapter, Version=9.0.0.0, Culture=neutral, PublicKeyToken=b03f5f7f11d50a3a" className="ChinhDo.Transactions.FileManagerTest.FileManagerTest, ChinhDo.Transactions.FileManagerTest" name="CanMoveFileAndRollback" />
    </UnitTest>
    <UnitTest name="CanCopyAndRollback" storage="c:\cdo\codeplex\txfilemanager\chinhdo.transactions.filemanagertest\bin\debug\chinhdo.transactions.filemanagertest.dll" id="28be67ad-27a6-95a1-3896-cfe7b42cec04">
      <Css projectStructure="" iteration="" />
      <Owners>
        <Owner name="" />
      </Owners>
      <Execution id="987eb8ec-98c5-42c0-95d6-b7a6bc1c97c7" />
      <TestMethod codeBase="C:\Cdo\CodePlex\TxFileManager\ChinhDo.Transactions.FileManagerTest\bin\Debug\ChinhDo.Transactions.FileManagerTest.dll" adapterTypeName="Microsoft.VisualStudio.TestTools.TestTypes.Unit.UnitTestAdapter, Microsoft.VisualStudio.QualityTools.Tips.UnitTest.Adapter, Version=9.0.0.0, Culture=neutral, PublicKeyToken=b03f5f7f11d50a3a" className="ChinhDo.Transactions.FileManagerTest.FileManagerTest, ChinhDo.Transactions.FileManagerTest" name="CanCopyAndRollback" />
    </UnitTest>
    <UnitTest name="CanDeleteFileAndRollback" storage="c:\cdo\codeplex\txfilemanager\chinhdo.transactions.filemanagertest\bin\debug\chinhdo.transactions.filemanagertest.dll" id="0493ba1c-4c88-2e44-3275-cffb9f7bb64b">
      <Css projectStructure="" iteration="" />
      <Owners>
        <Owner name="" />
      </Owners>
      <Execution id="19f3cf40-6f57-49b7-8c19-bf5a81c76d27" />
      <TestMethod codeBase="C:\Cdo\CodePlex\TxFileManager\ChinhDo.Transactions.FileManagerTest\bin\Debug\ChinhDo.Transactions.FileManagerTest.dll" adapterTypeName="Microsoft.VisualStudio.TestTools.TestTypes.Unit.UnitTestAdapter, Microsoft.VisualStudio.QualityTools.Tips.UnitTest.Adapter, Version=9.0.0.0, Culture=neutral, PublicKeyToken=b03f5f7f11d50a3a" className="ChinhDo.Transactions.FileManagerTest.FileManagerTest, ChinhDo.Transactions.FileManagerTest" name="CanDeleteFileAndRollback" />
    </UnitTest>
    <UnitTest name="CanAppendTextAndRollback" storage="c:\cdo\codeplex\txfilemanager\chinhdo.transactions.filemanagertest\bin\debug\chinhdo.transactions.filemanagertest.dll" id="3e1e7c49-fea8-dda1-0ccf-8ccd72bfe782">
      <Css projectStructure="" iteration="" />
      <Owners>
        <Owner name="" />
      </Owners>
      <Execution id="aca5fcaa-a0d3-44f7-ad04-4de10099378c" />
      <TestMethod codeBase="C:\Cdo\CodePlex\TxFileManager\ChinhDo.Transactions.FileManagerTest\bin\Debug\ChinhDo.Transactions.FileManagerTest.dll" adapterTypeName="Microsoft.VisualStudio.TestTools.TestTypes.Unit.UnitTestAdapter, Microsoft.VisualStudio.QualityTools.Tips.UnitTest.Adapter, Version=9.0.0.0, Culture=neutral, PublicKeyToken=b03f5f7f11d50a3a" className="ChinhDo.Transactions.FileManagerTest.FileManagerTest, ChinhDo.Transactions.FileManagerTest" name="CanAppendTextAndRollback" />
    </UnitTest>
    <UnitTest name="CanSnapshot" storage="c:\cdo\codeplex\txfilemanager\chinhdo.transactions.filemanagertest\bin\debug\chinhdo.transactions.filemanagertest.dll" id="b1e9be15-025d-8f9c-5e70-820dc988c1d4">
      <Css projectStructure="" iteration="" />
      <Owners>
        <Owner name="" />
      </Owners>
      <Execution id="92824544-d994-4cce-b7f4-675a81eecbf4" />
      <TestMethod codeBase="C:\Cdo\CodePlex\TxFileManager\ChinhDo.Transactions.FileManagerTest\bin\Debug\ChinhDo.Transactions.FileManagerTest.dll" adapterTypeName="Microsoft.VisualStudio.TestTools.TestTypes.Unit.UnitTestAdapter, Microsoft.VisualStudio.QualityTools.Tips.UnitTest.Adapter, Version=9.0.0.0, Culture=neutral, PublicKeyToken=b03f5f7f11d50a3a" className="ChinhDo.Transactions.FileManagerTest.FileManagerTest, ChinhDo.Transactions.FileManagerTest" name="CanSnapshot" />
    </UnitTest>
    <UnitTest name="CanAppendText" storage="c:\cdo\codeplex\txfilemanager\chinhdo.transactions.filemanagertest\bin\debug\chinhdo.transactions.filemanagertest.dll" id="8527ade4-4fe8-d67a-1141-2972dd56c9e2">
      <Css projectStructure="" iteration="" />
      <Owners>
        <Owner name="" />
      </Owners>
      <Execution id="dabbed15-c1ff-488a-9587-6004b05c5bce" />
      <TestMethod codeBase="C:\Cdo\CodePlex\TxFileManager\ChinhDo.Transactions.FileManagerTest\bin\Debug\ChinhDo.Transactions.FileManagerTest.dll" adapterTypeName="Microsoft.VisualStudio.TestTools.TestTypes.Unit.UnitTestAdapter, Microsoft.VisualStudio.QualityTools.Tips.UnitTest.Adapter, Version=9.0.0.0, Culture=neutral, PublicKeyToken=b03f5f7f11d50a3a" className="ChinhDo.Transactions.FileManagerTest.FileManagerTest, ChinhDo.Transactions.FileManagerTest" name="CanAppendText" />
    </UnitTest>
    <UnitTest name="CanWriteAllText" storage="c:\cdo\codeplex\txfilemanager\chinhdo.transactions.filemanagertest\bin\debug\chinhdo.transactions.filemanagertest.dll" id="129808c8-4b22-abc8-b07d-fa5da4757c17">
      <Css projectStructure="" iteration="" />
      <Owners>
        <Owner name="" />
      </Owners>
      <Execution id="cd1416e9-00cf-4974-a14c-899ed26dde82" />
      <TestMethod codeBase="C:\Cdo\CodePlex\TxFileManager\ChinhDo.Transactions.FileManagerTest\bin\Debug\ChinhDo.Transactions.FileManagerTest.dll" adapterTypeName="Microsoft.VisualStudio.TestTools.TestTypes.Unit.UnitTestAdapter, Microsoft.VisualStudio.QualityTools.Tips.UnitTest.Adapter, Version=9.0.0.0, Culture=neutral, PublicKeyToken=b03f5f7f11d50a3a" className="ChinhDo.Transactions.FileManagerTest.FileManagerTest, ChinhDo.Transactions.FileManagerTest" name="CanWriteAllText" />
    </UnitTest>
    <UnitTest name="CanDoMultiThread" storage="c:\cdo\codeplex\txfilemanager\chinhdo.transactions.filemanagertest\bin\debug\chinhdo.transactions.filemanagertest.dll" id="102b97ad-ca70-792c-e4bd-f8d57299bc4c">
      <Css projectStructure="" iteration="" />
      <Owners>
        <Owner name="" />
      </Owners>
      <Execution id="21a0a037-4c82-4899-ae85-b6078a5a3861" />
      <TestMethod codeBase="C:\Cdo\CodePlex\TxFileManager\ChinhDo.Transactions.FileManagerTest\bin\Debug\ChinhDo.Transactions.FileManagerTest.dll" adapterTypeName="Microsoft.VisualStudio.TestTools.TestTypes.Unit.UnitTestAdapter, Microsoft.VisualStudio.QualityTools.Tips.UnitTest.Adapter, Version=9.0.0.0, Culture=neutral, PublicKeyToken=b03f5f7f11d50a3a" className="ChinhDo.Transactions.FileManagerTest.FileManagerTest, ChinhDo.Transactions.FileManagerTest" name="CanDoMultiThread" />
    </UnitTest>
  </TestDefinitions>
  <TestLists>
    <TestList name="Results Not in a List" id="8c84fa94-04c1-424b-9868-57a2d4851a1d" />
    <TestList name="All Loaded Results" id="19431567-8539-422a-85d7-44ee4e166bda" />
  </TestLists>
  <TestEntries>
    <TestEntry testId="0493ba1c-4c88-2e44-3275-cffb9f7bb64b" executionId="19f3cf40-6f57-49b7-8c19-bf5a81c76d27" testListId="8c84fa94-04c1-424b-9868-57a2d4851a1d" />
    <TestEntry testId="05ad9006-51b8-6711-5ba1-dec35d99a4e9" executionId="6495daac-60f2-4325-bd1e-a57230b74ca7" testListId="8c84fa94-04c1-424b-9868-57a2d4851a1d" />
    <TestEntry testId="102b97ad-ca70-792c-e4bd-f8d57299bc4c" executionId="21a0a037-4c82-4899-ae85-b6078a5a3861" testListId="8c84fa94-04c1-424b-9868-57a2d4851a1d" />
    <TestEntry testId="129808c8-4b22-abc8-b07d-fa5da4757c17" executionId="cd1416e9-00cf-4974-a14c-899ed26dde82" testListId="8c84fa94-04c1-424b-9868-57a2d4851a1d" />
    <TestEntry testId="2006797b-96f3-b8d2-e69b-5b738a9e0ce3" executionId="3a7a1d8d-d763-4264-9caf-e60ed585f8de" testListId="8c84fa94-04c1-424b-9868-57a2d4851a1d" />
    <TestEntry testId="28be67ad-27a6-95a1-3896-cfe7b42cec04" executionId="987eb8ec-98c5-42c0-95d6-b7a6bc1c97c7" testListId="8c84fa94-04c1-424b-9868-57a2d4851a1d" />
    <TestEntry testId="3e1e7c49-fea8-dda1-0ccf-8ccd72bfe782" executionId="aca5fcaa-a0d3-44f7-ad04-4de10099378c" testListId="8c84fa94-04c1-424b-9868-57a2d4851a1d" />
    <TestEntry testId="524ba5e4-ee2e-caa0-b515-ca43807b7d4e" executionId="65ea2f96-6536-4185-bfca-20bd7a7c9c6e" testListId="8c84fa94-04c1-424b-9868-57a2d4851a1d" />
    <TestEntry testId="5ab28f5f-b988-8f56-a50e-a40e7807e4d9" executionId="38976262-abb3-4354-9b8a-ffaf0598162e" testListId="8c84fa94-04c1-424b-9868-57a2d4851a1d" />
    <TestEntry testId="6c1f1fc7-c3d8-66ef-8a35-f62bf9786a9b" executionId="5169c688-f768-4622-8ab9-d637b106e101" testListId="8c84fa94-04c1-424b-9868-57a2d4851a1d" />
    <TestEntry testId="6fecc392-c30e-5f7b-3615-b4cfe7262b04" executionId="d40218db-9086-4bc3-8899-fe46960438c1" testListId="8c84fa94-04c1-424b-9868-57a2d4851a1d" />
    <TestEntry testId="72f2f819-10c1-d5dc-4916-1e29925832eb" executionId="ce28905d-2d6c-4ebd-8230-8076bc5b9384" testListId="8c84fa94-04c1-424b-9868-57a2d4851a1d" />
    <TestEntry testId="8527ade4-4fe8-d67a-1141-2972dd56c9e2" executionId="dabbed15-c1ff-488a-9587-6004b05c5bce" testListId="8c84fa94-04c1-424b-9868-57a2d4851a1d" />
    <TestEntry testId="b1e9be15-025d-8f9c-5e70-820dc988c1d4" executionId="92824544-d994-4cce-b7f4-675a81eecbf4" testListId="8c84fa94-04c1-424b-9868-57a2d4851a1d" />
    <TestEntry testId="bd6b40d8-311c-7954-771d-ba41d4659ca0" executionId="00525e28-0436-41e9-9a3a-61d9a8187446" testListId="8c84fa94-04c1-424b-9868-57a2d4851a1d" />
    <TestEntry testId="c2aaf1a3-cdf2-a67e-9e79-74a46ecfdc37" executionId="5ba60d6e-61bd-4245-b5a4-1f872ca448ad" testListId="8c84fa94-04c1-424b-9868-57a2d4851a1d" />
    <TestEntry testId="dcd77c74-8e1c-4d30-6d5b-a1e5b47c5ef8" executionId="bb7c2e4d-bd16-4054-9ea4-a63c52c719e0" testListId="8c84fa94-04c1-424b-9868-57a2d4851a1d" />
    <TestEntry testId="fb8ab088-327e-38c3-a6a0-f97d5c6d7056" executionId="4f79bed8-3c7b-4c05-876d-dbaa5c691597" testListId="8c84fa94-04c1-424b-9868-57a2d4851a1d" />
    <TestEntry testId="fca7f287-37ab-25c7-6968-aa30f91c14a9" executionId="618bc842-5c53-4856-9edf-407daf655f7e" testListId="8c84fa94-04c1-424b-9868-57a2d4851a1d" />
    <TestEntry testId="fe5b79e7-9bd7-536d-3767-abaaa615374d" executionId="3d531e16-8bef-43e4-af33-6a98a6b5e9ac" testListId="8c84fa94-04c1-424b-9868-57a2d4851a1d" />
  </TestEntries>
  <Results>
    <UnitTestResult executionId="19f3cf40-6f57-49b7-8c19-bf5a81c76d27" testId="0493ba1c-4c88-2e44-3275-cffb9f7bb64b" testName="CanDeleteFileAndRollback" computerName="CDOVPC01" duration="00:00:00.0273244" startTime="2010-06-08T17:17:41.2342496-04:00" endTime="2010-06-08T17:17:41.5947680-04:00" testType="13cdc9d9-ddb5-4fa4-a97d-d965ccfc6d4b" outcome="Passed" testListId="8c84fa94-04c1-424b-9868-57a2d4851a1d">
      <Output>
      </Output>
    </UnitTestResult>
    <UnitTestResult executionId="6495daac-60f2-4325-bd1e-a57230b74ca7" testId="05ad9006-51b8-6711-5ba1-dec35d99a4e9" testName="CanMoveFileAndRollback" computerName="CDOVPC01" duration="00:00:00.0041242" startTime="2010-06-08T17:17:41.5947680-04:00" endTime="2010-06-08T17:17:41.6047824-04:00" testType="13cdc9d9-ddb5-4fa4-a97d-d965ccfc6d4b" outcome="Passed" testListId="8c84fa94-04c1-424b-9868-57a2d4851a1d">
      <Output>
      </Output>
    </UnitTestResult>
    <UnitTestResult executionId="21a0a037-4c82-4899-ae85-b6078a5a3861" testId="102b97ad-ca70-792c-e4bd-f8d57299bc4c" testName="CanDoMultiThread" computerName="CDOVPC01" duration="00:00:00.1782070" startTime="2010-06-08T17:17:41.6047824-04:00" endTime="2010-06-08T17:17:41.7950560-04:00" testType="13cdc9d9-ddb5-4fa4-a97d-d965ccfc6d4b" outcome="Passed" testListId="8c84fa94-04c1-424b-9868-57a2d4851a1d">
      <Output>
      </Output>
    </UnitTestResult>
    <UnitTestResult executionId="cd1416e9-00cf-4974-a14c-899ed26dde82" testId="129808c8-4b22-abc8-b07d-fa5da4757c17" testName="CanWriteAllText" computerName="CDOVPC01" duration="00:00:00.0025276" startTime="2010-06-08T17:17:41.8050704-04:00" endTime="2010-06-08T17:17:41.8050704-04:00" testType="13cdc9d9-ddb5-4fa4-a97d-d965ccfc6d4b" outcome="Passed" testListId="8c84fa94-04c1-424b-9868-57a2d4851a1d">
      <Output>
      </Output>
    </UnitTestResult>
    <UnitTestResult executionId="3a7a1d8d-d763-4264-9caf-e60ed585f8de" testId="2006797b-96f3-b8d2-e69b-5b738a9e0ce3" testName="CanCopy" computerName="CDOVPC01" duration="00:00:00.0017234" startTime="2010-06-08T17:17:41.8150848-04:00" endTime="2010-06-08T17:17:41.8150848-04:00" testType="13cdc9d9-ddb5-4fa4-a97d-d965ccfc6d4b" outcome="Passed" testListId="8c84fa94-04c1-424b-9868-57a2d4851a1d">
      <Output>
      </Output>
    </UnitTestResult>
    <UnitTestResult executionId="987eb8ec-98c5-42c0-95d6-b7a6bc1c97c7" testId="28be67ad-27a6-95a1-3896-cfe7b42cec04" testName="CanCopyAndRollback" computerName="CDOVPC01" duration="00:00:00.0017421" startTime="2010-06-08T17:17:41.8150848-04:00" endTime="2010-06-08T17:17:41.8250992-04:00" testType="13cdc9d9-ddb5-4fa4-a97d-d965ccfc6d4b" outcome="Passed" testListId="8c84fa94-04c1-424b-9868-57a2d4851a1d">
      <Output>
      </Output>
    </UnitTestResult>
    <UnitTestResult executionId="aca5fcaa-a0d3-44f7-ad04-4de10099378c" testId="3e1e7c49-fea8-dda1-0ccf-8ccd72bfe782" testName="CanAppendTextAndRollback" computerName="CDOVPC01" duration="00:00:00.0018653" startTime="2010-06-08T17:17:41.8250992-04:00" endTime="2010-06-08T17:17:41.8351136-04:00" testType="13cdc9d9-ddb5-4fa4-a97d-d965ccfc6d4b" outcome="Passed" testListId="8c84fa94-04c1-424b-9868-57a2d4851a1d">
      <Output>
      </Output>
    </UnitTestResult>
    <UnitTestResult executionId="65ea2f96-6536-4185-bfca-20bd7a7c9c6e" testId="524ba5e4-ee2e-caa0-b515-ca43807b7d4e" testName="CanWriteAllTextAndRollback" computerName="CDOVPC01" duration="00:00:00.0020485" startTime="2010-06-08T17:17:41.8351136-04:00" endTime="2010-06-08T17:17:41.8351136-04:00" testType="13cdc9d9-ddb5-4fa4-a97d-d965ccfc6d4b" outcome="Passed" testListId="8c84fa94-04c1-424b-9868-57a2d4851a1d">
      <Output>
      </Output>
    </UnitTestResult>
    <UnitTestResult executionId="38976262-abb3-4354-9b8a-ffaf0598162e" testId="5ab28f5f-b988-8f56-a50e-a40e7807e4d9" testName="CanMoveFile" computerName="CDOVPC01" duration="00:00:00.0148264" startTime="2010-06-08T17:17:41.8451280-04:00" endTime="2010-06-08T17:17:41.8551424-04:00" testType="13cdc9d9-ddb5-4fa4-a97d-d965ccfc6d4b" outcome="Passed" testListId="8c84fa94-04c1-424b-9868-57a2d4851a1d">
      <Output>
      </Output>
    </UnitTestResult>
    <UnitTestResult executionId="5169c688-f768-4622-8ab9-d637b106e101" testId="6c1f1fc7-c3d8-66ef-8a35-f62bf9786a9b" testName="CannotRollback" computerName="CDOVPC01" duration="00:00:00.0074908" startTime="2010-06-08T17:17:41.8651568-04:00" endTime="2010-06-08T17:17:41.8751712-04:00" testType="13cdc9d9-ddb5-4fa4-a97d-d965ccfc6d4b" outcome="Passed" testListId="8c84fa94-04c1-424b-9868-57a2d4851a1d">
      <Output>
      </Output>
    </UnitTestResult>
    <UnitTestResult executionId="d40218db-9086-4bc3-8899-fe46960438c1" testId="6fecc392-c30e-5f7b-3615-b4cfe7262b04" testName="CanHandleCopyErrors" computerName="CDOVPC01" duration="00:00:00.0022564" startTime="2010-06-08T17:17:41.8751712-04:00" endTime="2010-06-08T17:17:41.8851856-04:00" testType="13cdc9d9-ddb5-4fa4-a97d-d965ccfc6d4b" outcome="Passed" testListId="8c84fa94-04c1-424b-9868-57a2d4851a1d">
      <Output>
      </Output>
    </UnitTestResult>
    <UnitTestResult executionId="ce28905d-2d6c-4ebd-8230-8076bc5b9384" testId="72f2f819-10c1-d5dc-4916-1e29925832eb" testName="CanNestTransactions" computerName="CDOVPC01" duration="00:00:00.0032825" startTime="2010-06-08T17:17:41.8851856-04:00" endTime="2010-06-08T17:17:41.8952000-04:00" testType="13cdc9d9-ddb5-4fa4-a97d-d965ccfc6d4b" outcome="Passed" testListId="8c84fa94-04c1-424b-9868-57a2d4851a1d">
      <Output>
      </Output>
    </UnitTestResult>
    <UnitTestResult executionId="dabbed15-c1ff-488a-9587-6004b05c5bce" testId="8527ade4-4fe8-d67a-1141-2972dd56c9e2" testName="CanAppendText" computerName="CDOVPC01" duration="00:00:00.0014457" startTime="2010-06-08T17:17:41.8952000-04:00" endTime="2010-06-08T17:17:41.9052144-04:00" testType="13cdc9d9-ddb5-4fa4-a97d-d965ccfc6d4b" outcome="Passed" testListId="8c84fa94-04c1-424b-9868-57a2d4851a1d">
      <Output>
      </Output>
    </UnitTestResult>
    <UnitTestResult executionId="92824544-d994-4cce-b7f4-675a81eecbf4" testId="b1e9be15-025d-8f9c-5e70-820dc988c1d4" testName="CanSnapshot" computerName="CDOVPC01" duration="00:00:00.0013957" startTime="2010-06-08T17:17:41.9052144-04:00" endTime="2010-06-08T17:17:41.9052144-04:00" testType="13cdc9d9-ddb5-4fa4-a97d-d965ccfc6d4b" outcome="Passed" testListId="8c84fa94-04c1-424b-9868-57a2d4851a1d">
      <Output>
      </Output>
    </UnitTestResult>
    <UnitTestResult executionId="00525e28-0436-41e9-9a3a-61d9a8187446" testId="bd6b40d8-311c-7954-771d-ba41d4659ca0" testName="CanSupportTransactionScopeOptionSuppress" computerName="CDOVPC01" duration="00:00:00.0044891" startTime="2010-06-08T17:17:41.9052144-04:00" endTime="2010-06-08T17:17:41.9152288-04:00" testType="13cdc9d9-ddb5-4fa4-a97d-d965ccfc6d4b" outcome="Passed" testListId="8c84fa94-04c1-424b-9868-57a2d4851a1d">
      <Output>
      </Output>
    </UnitTestResult>
    <UnitTestResult executionId="5ba60d6e-61bd-4245-b5a4-1f872ca448ad" testId="c2aaf1a3-cdf2-a67e-9e79-74a46ecfdc37" testName="CanReuseManager" computerName="CDOVPC01" duration="00:00:00.0028347" startTime="2010-06-08T17:17:41.9152288-04:00" endTime="2010-06-08T17:17:41.9252432-04:00" testType="13cdc9d9-ddb5-4fa4-a97d-d965ccfc6d4b" outcome="Passed" testListId="8c84fa94-04c1-424b-9868-57a2d4851a1d">
      <Output>
      </Output>
    </UnitTestResult>
    <UnitTestResult executionId="bb7c2e4d-bd16-4054-9ea4-a63c52c719e0" testId="dcd77c74-8e1c-4d30-6d5b-a1e5b47c5ef8" testName="CannotAppendText" computerName="CDOVPC01" duration="00:00:00.0046961" startTime="2010-06-08T17:17:41.9252432-04:00" endTime="2010-06-08T17:17:41.9352576-04:00" testType="13cdc9d9-ddb5-4fa4-a97d-d965ccfc6d4b" outcome="Passed" testListId="8c84fa94-04c1-424b-9868-57a2d4851a1d">
      <Output>
      </Output>
    </UnitTestResult>
    <UnitTestResult executionId="4f79bed8-3c7b-4c05-876d-dbaa5c691597" testId="fb8ab088-327e-38c3-a6a0-f97d5c6d7056" testName="CanDeleteFile" computerName="CDOVPC01" duration="00:00:00.0016493" startTime="2010-06-08T17:17:41.9352576-04:00" endTime="2010-06-08T17:17:41.9452720-04:00" testType="13cdc9d9-ddb5-4fa4-a97d-d965ccfc6d4b" outcome="Passed" testListId="8c84fa94-04c1-424b-9868-57a2d4851a1d">
      <Output>
      </Output>
    </UnitTestResult>
    <UnitTestResult executionId="618bc842-5c53-4856-9edf-407daf655f7e" testId="fca7f287-37ab-25c7-6968-aa30f91c14a9" testName="CanCreateDirectory" computerName="CDOVPC01" duration="00:00:00.0013241" startTime="2010-06-08T17:17:41.9452720-04:00" endTime="2010-06-08T17:17:41.9452720-04:00" testType="13cdc9d9-ddb5-4fa4-a97d-d965ccfc6d4b" outcome="Passed" testListId="8c84fa94-04c1-424b-9868-57a2d4851a1d">
      <Output>
      </Output>
    </UnitTestResult>
    <UnitTestResult executionId="3d531e16-8bef-43e4-af33-6a98a6b5e9ac" testId="fe5b79e7-9bd7-536d-3767-abaaa615374d" testName="CanCreateDirectoryAndRollback" computerName="CDOVPC01" duration="00:00:00.0013188" startTime="2010-06-08T17:17:41.9552864-04:00" endTime="2010-06-08T17:17:41.9552864-04:00" testType="13cdc9d9-ddb5-4fa4-a97d-d965ccfc6d4b" outcome="Passed" testListId="8c84fa94-04c1-424b-9868-57a2d4851a1d">
      <Output>
      </Output>
    </UnitTestResult>
  </Results>
</TestRun>