<?xml version="1.0" encoding="UTF-8"?>
<TestRun id="d59880a9-8e5e-412d-9d8d-55c01374e438" name="Cdo@CDOVPC01 2010-06-08 16:07:19" runUser="CDOVPC01\Cdo" xmlns="http://microsoft.com/schemas/VisualStudio/TeamTest/2006">
  <TestRunConfiguration name="Local Test Run" id="a8a2e672-9ca4-4527-a674-628eb5bad686">
    <Description>This is a default test run configuration for a local test run.</Description>
    <Timeouts testTimeout="300000" />
    <Deployment runDeploymentRoot="C:\Cdo\CodePlex\TxFileManager\TestResults\Cdo_CDOVPC01 2010-06-08 16_07_19">
      <DeploymentItem filename="C:\Cdo\CodePlex\TxFileManager\ChinhDo.Transactions.FileManager\bin\Debug\ChinhDo.Transactions.dll" />
    </Deployment>
    <TestTypeSpecific />
  </TestRunConfiguration>
  <ResultSummary outcome="Completed">
    <Counters total="19" executed="19" passed="19" error="0" failed="0" timeout="0" aborted="0" inconclusive="0" passedButRunAborted="0" notRunnable="0" notExecuted="0" disconnected="0" warning="0" completed="0" inProgress="0" pending="0" />
  </ResultSummary>
  <Times creation="2010-06-08T16:07:19.8241600-04:00" queuing="2010-06-08T16:07:25.9930304-04:00" start="2010-06-08T16:07:26.3635632-04:00" finish="2010-06-08T16:07:28.6368320-04:00" />
  <TestDefinitions>
    <UnitTest name="CanCreateDirectoryAndRollback" storage="c:\cdo\codeplex\txfilemanager\chinhdo.transactions.filemanagertest\bin\debug\chinhdo.transactions.filemanagertest.dll" id="fe5b79e7-9bd7-536d-3767-abaaa615374d">
      <Css projectStructure="" iteration="" />
      <Owners>
        <Owner name="" />
      </Owners>
      <Execution id="edc20791-2275-4052-9bee-07e90fc2695b" />
      <TestMethod codeBase="C:\Cdo\CodePlex\TxFileManager\ChinhDo.Transactions.FileManagerTest\bin\Debug\ChinhDo.Transactions.FileManagerTest.dll" adapterTypeName="Microsoft.VisualStudio.TestTools.TestTypes.Unit.UnitTestAdapter, Microsoft.VisualStudio.QualityTools.Tips.UnitTest.Adapter, Version=9.0.0.0, Culture=neutral, PublicKeyToken=b03f5f7f11d50a3a" className="ChinhDo.Transactions.FileManagerTest.FileManagerTest, ChinhDo.Transactions.FileManagerTest" name="CanCreateDirectoryAndRollback" />
    </UnitTest>
    <UnitTest name="CanNestTransactions" storage="c:\cdo\codeplex\txfilemanager\chinhdo.transactions.filemanagertest\bin\debug\chinhdo.transactions.filemanagertest.dll" id="72f2f819-10c1-d5dc-4916-1e29925832eb">
      <Css projectStructure="" iteration="" />
      <Owners>
        <Owner name="" />
      </Owners>
      <Execution id="1b8acaa6-3d22-461d-a650-87b8b4dc3d5d" />
      <TestMethod codeBase="C:\Cdo\CodePlex\TxFileManager\ChinhDo.Transactions.FileManagerTest\bin\Debug\ChinhDo.Transactions.FileManagerTest.dll" adapterTypeName="Microsoft.VisualStudio.TestTools.TestTypes.Unit.UnitTestAdapter, Microsoft.VisualStudio.QualityTools.Tips.UnitTest.Adapter, Version=9.0.0.0, Culture=neutral, PublicKeyToken=b03f5f7f11d50a3a" className="ChinhDo.Transactions.FileManagerTest.FileManagerTest, ChinhDo.Transactions.FileManagerTest" name="CanNestTransactions" />
    </UnitTest>
    <UnitTest name="CannotRollback" storage="c:\cdo\codeplex\txfilemanager\chinhdo.transactions.filemanagertest\bin\debug\chinhdo.transactions.filemanagertest.dll" id="6c1f1fc7-c3d8-66ef-8a35-f62bf9786a9b">
      <Css projectStructure="" iteration="" />
      <Owners>
        <Owner name="" />
      </Owners>
      <Execution id="1da25c19-f4a5-4957-8d37-6f1b32afc28d" />
      <TestMethod codeBase="C:\Cdo\CodePlex\TxFileManager\ChinhDo.Transactions.FileManagerTest\bin\Debug\ChinhDo.Transactions.FileManagerTest.dll" adapterTypeName="Microsoft.VisualStudio.TestTools.TestTypes.Unit.UnitTestAdapter, Microsoft.VisualStudio.QualityTools.Tips.UnitTest.Adapter, Version=9.0.0.0, Culture=neutral, PublicKeyToken=b03f5f7f11d50a3a" className="ChinhDo.Transactions.FileManagerTest.FileManagerTest, ChinhDo.Transactions.FileManagerTest" name="CannotRollback" />
    </UnitTest>
    <UnitTest name="CanReuseManager" storage="c:\cdo\codeplex\txfilemanager\chinhdo.transactions.filemanagertest\bin\debug\chinhdo.transactions.filemanagertest.dll" id="c2aaf1a3-cdf2-a67e-9e79-74a46ecfdc37">
      <Css projectStructure="" iteration="" />
      <Owners>
        <Owner name="" />
      </Owners>
      <Execution id="914408cf-8b3a-4672-b9fd-5c4a445fc225" />
      <TestMethod codeBase="C:\Cdo\CodePlex\TxFileManager\ChinhDo.Transactions.FileManagerTest\bin\Debug\ChinhDo.Transactions.FileManagerTest.dll" adapterTypeName="Microsoft.VisualStudio.TestTools.TestTypes.Unit.UnitTestAdapter, Microsoft.VisualStudio.QualityTools.Tips.UnitTest.Adapter, Version=9.0.0.0, Culture=neutral, PublicKeyToken=b03f5f7f11d50a3a" className="ChinhDo.Transactions.FileManagerTest.FileManagerTest, ChinhDo.Transactions.FileManagerTest" name="CanReuseManager" />
    </UnitTest>
    <UnitTest name="CanCreateDirectory" storage="c:\cdo\codeplex\txfilemanager\chinhdo.transactions.filemanagertest\bin\debug\chinhdo.transactions.filemanagertest.dll" id="fca7f287-37ab-25c7-6968-aa30f91c14a9">
      <Css projectStructure="" iteration="" />
      <Owners>
        <Owner name="" />
      </Owners>
      <Execution id="3f6184bc-641d-4571-91d5-f86baeadc0b8" />
      <TestMethod codeBase="C:\Cdo\CodePlex\TxFileManager\ChinhDo.Transactions.FileManagerTest\bin\Debug\ChinhDo.Transactions.FileManagerTest.dll" adapterTypeName="Microsoft.VisualStudio.TestTools.TestTypes.Unit.UnitTestAdapter, Microsoft.VisualStudio.QualityTools.Tips.UnitTest.Adapter, Version=9.0.0.0, Culture=neutral, PublicKeyToken=b03f5f7f11d50a3a" className="ChinhDo.Transactions.FileManagerTest.FileManagerTest, ChinhDo.Transactions.FileManagerTest" name="CanCreateDirectory" />
    </UnitTest>
    <UnitTest name="CanMoveFile" storage="c:\cdo\codeplex\txfilemanager\chinhdo.transactions.filemanagertest\bin\debug\chinhdo.transactions.filemanagertest.dll" id="5ab28f5f-b988-8f56-a50e-a40e7807e4d9">
      <Css projectStructure="" iteration="" />
      <Owners>
        <Owner name="" />
      </Owners>
      <Execution id="20cf8ed0-b1b7-4ae1-a88d-621b8f81341a" />
      <TestMethod codeBase="C:\Cdo\CodePlex\TxFileManager\ChinhDo.Transactions.FileManagerTest\bin\Debug\ChinhDo.Transactions.FileManagerTest.dll" adapterTypeName="Microsoft.VisualStudio.TestTools.TestTypes.Unit.UnitTestAdapter, Microsoft.VisualStudio.QualityTools.Tips.UnitTest.Adapter, Version=9.0.0.0, Culture=neutral, PublicKeyToken=b03f5f7f11d50a3a" className="ChinhDo.Transactions.FileManagerTest.FileManagerTest, ChinhDo.Transactions.FileManagerTest" name="CanMoveFile" />
    </UnitTest>
    <UnitTest name="CannotAppendText" storage="c:\cdo\codeplex\txfilemanager\chinhdo.transactions.filemanagertest\bin\debug\chinhdo.transactions.filemanagertest.dll" id="dcd77c74-8e1c-4d30-6d5b-a1e5b47c5ef8">
      <Css projectStructure="" iteration="" />
      <Owners>
        <Owner name="" />
      </Owners>
      <Execution id="d390c09c-457c-4adb-9af9-7a2fb28a0c28" />
      <TestMethod codeBase="C:\Cdo\CodePlex\TxFileManager\ChinhDo.Transactions.FileManagerTest\bin\Debug\ChinhDo.Transactions.FileManagerTest.dll" adapterTypeName="Microsoft.VisualStudio.TestTools.TestTypes.Unit.UnitTestAdapter, Microsoft.VisualStudio.QualityTools.Tips.UnitTest.Adapter, Version=9.0.0.0, Culture=neutral, PublicKeyToken=b03f5f7f11d50a3a" className="ChinhDo.Transactions.FileManagerTest.FileManagerTest, ChinhDo.Transactions.FileManagerTest" name="CannotAppendText" />
    </UnitTest>
    <UnitTest name="CanWriteAllTextAndRollback" storage="c:\cdo\codeplex\txfilemanager\chinhdo.transactions.filemanagertest\bin\debug\chinhdo.transactions.filemanagertest.dll" id="524ba5e4-ee2e-caa0-b515-ca43807b7d4e">
      <Css projectStructure="" iteration="" />
      <Owners>
        <Owner name="" />
      </Owners>
      <Execution id="305ff91a-402e-4ef0-89d2-c3ebe66ee853" />
      <TestMethod codeBase="C:\Cdo\CodePlex\TxFileManager\ChinhDo.Transactions.FileManagerTest\bin\Debug\ChinhDo.Transactions.FileManagerTest.dll" adapterTypeName="Microsoft.VisualStudio.TestTools.TestTypes.Unit.UnitTestAdapter, Microsoft.VisualStudio.QualityTools.Tips.UnitTest.Adapter, Version=9.0.0.0, Culture=neutral, PublicKeyToken=b03f5f7f11d50a3a" className="ChinhDo.Transactions.FileManagerTest.FileManagerTest, ChinhDo.Transactions.FileManagerTest" name="CanWriteAllTextAndRollback" />
    </UnitTest>
    <UnitTest name="CanCopy" storage="c:\cdo\codeplex\txfilemanager\chinhdo.transactions.filemanagertest\bin\debug\chinhdo.transactions.filemanagertest.dll" id="2006797b-96f3-b8d2-e69b-5b738a9e0ce3">
      <Css projectStructure="" iteration="" />
      <Owners>
        <Owner name="" />
      </Owners>
      <Execution id="e5b960dd-f0e9-45c6-9f8a-f22b22406f66" />
      <TestMethod codeBase="C:\Cdo\CodePlex\TxFileManager\ChinhDo.Transactions.FileManagerTest\bin\Debug\ChinhDo.Transactions.FileManagerTest.dll" adapterTypeName="Microsoft.VisualStudio.TestTools.TestTypes.Unit.UnitTestAdapter, Microsoft.VisualStudio.QualityTools.Tips.UnitTest.Adapter, Version=9.0.0.0, Culture=neutral, PublicKeyToken=b03f5f7f11d50a3a" className="ChinhDo.Transactions.FileManagerTest.FileManagerTest, ChinhDo.Transactions.FileManagerTest" name="CanCopy" />
    </UnitTest>
    <UnitTest name="CanSupportTransactionScopeOptionSuppress" storage="c:\cdo\codeplex\txfilemanager\chinhdo.transactions.filemanagertest\bin\debug\chinhdo.transactions.filemanagertest.dll" id="bd6b40d8-311c-7954-771d-ba41d4659ca0">
      <Css projectStructure="" iteration="" />
      <Owners>
        <Owner name="" />
      </Owners>
      <Execution id="2db257f3-d40b-46c3-a2ae-8fd79dc39cbf" />
      <TestMethod codeBase="C:\Cdo\CodePlex\TxFileManager\ChinhDo.Transactions.FileManagerTest\bin\Debug\ChinhDo.Transactions.FileManagerTest.dll" adapterTypeName="Microsoft.VisualStudio.TestTools.TestTypes.Unit.UnitTestAdapter, Microsoft.VisualStudio.QualityTools.Tips.UnitTest.Adapter, Version=9.0.0.0, Culture=neutral, PublicKeyToken=b03f5f7f11d50a3a" className="ChinhDo.Transactions.FileManagerTest.FileManagerTest, ChinhDo.Transactions.FileManagerTest" name="CanSupportTransactionScopeOptionSuppress" />
    </UnitTest>
    <UnitTest name="CanDeleteFile" storage="c:\cdo\codeplex\txfilemanager\chinhdo.transactions.filemanagertest\bin\debug\chinhdo.transactions.filemanagertest.dll" id="fb8ab088-327e-38c3-a6a0-f97d5c6d7056">
      <Css projectStructure="" iteration="" />
      <Owners>
        <Owner name="" />
      </Owners>
      <Execution id="d0462457-9aee-43c1-a293-09d389763f5a" />
      <TestMethod codeBase="C:\Cdo\CodePlex\TxFileManager\ChinhDo.Transactions.FileManagerTest\bin\Debug\ChinhDo.Transactions.FileManagerTest.dll" adapterTypeName="Microsoft.VisualStudio.TestTools.TestTypes.Unit.UnitTestAdapter, Microsoft.VisualStudio.QualityTools.Tips.UnitTest.Adapter, Version=9.0.0.0, Culture=neutral, PublicKeyToken=b03f5f7f11d50a3a" className="ChinhDo.Transactions.FileManagerTest.FileManagerTest, ChinhDo.Transactions.FileManagerTest" name="CanDeleteFile" />
    </UnitTest>
    <UnitTest name="CanMoveFileAndRollback" storage="c:\cdo\codeplex\txfilemanager\chinhdo.transactions.filemanagertest\bin\debug\chinhdo.transactions.filemanagertest.dll" id="05ad9006-51b8-6711-5ba1-dec35d99a4e9">
      <Css projectStructure="" iteration="" />
      <Owners>
        <Owner name="" />
      </Owners>
      <Execution id="726430c4-4e80-44ff-86bd-bcd4b89679e3" />
      <TestMethod codeBase="C:\Cdo\CodePlex\TxFileManager\ChinhDo.Transactions.FileManagerTest\bin\Debug\ChinhDo.Transactions.FileManagerTest.dll" adapterTypeName="Microsoft.VisualStudio.TestTools.TestTypes.Unit.UnitTestAdapter, Microsoft.VisualStudio.QualityTools.Tips.UnitTest.Adapter, Version=9.0.0.0, Culture=neutral, PublicKeyToken=b03f5f7f11d50a3a" className="ChinhDo.Transactions.FileManagerTest.FileManagerTest, ChinhDo.Transactions.FileManagerTest" name="CanMoveFileAndRollback" />
    </UnitTest>
    <UnitTest name="CanCopyAndRollback" storage="c:\cdo\codeplex\txfilemanager\chinhdo.transactions.filemanagertest\bin\debug\chinhdo.transactions.filemanagertest.dll" id="28be67ad-27a6-95a1-3896-cfe7b42cec04">
      <Css projectStructure="" iteration="" />
      <Owners>
        <Owner name="" />
      </Owners>
      <Execution id="e191fbf8-a17c-47ab-9557-668d37547943" />
      <TestMethod codeBase="C:\Cdo\CodePlex\TxFileManager\ChinhDo.Transactions.FileManagerTest\bin\Debug\ChinhDo.Transactions.FileManagerTest.dll" adapterTypeName="Microsoft.VisualStudio.TestTools.TestTypes.Unit.UnitTestAdapter, Microsoft.VisualStudio.QualityTools.Tips.UnitTest.Adapter, Version=9.0.0.0, Culture=neutral, PublicKeyToken=b03f5f7f11d50a3a" className="ChinhDo.Transactions.FileManagerTest.FileManagerTest, ChinhDo.Transactions.FileManagerTest" name="CanCopyAndRollback" />
    </UnitTest>
    <UnitTest name="CanDeleteFileAndRollback" storage="c:\cdo\codeplex\txfilemanager\chinhdo.transactions.filemanagertest\bin\debug\chinhdo.transactions.filemanagertest.dll" id="0493ba1c-4c88-2e44-3275-cffb9f7bb64b">
      <Css projectStructure="" iteration="" />
      <Owners>
        <Owner name="" />
      </Owners>
      <Execution id="80f8b997-46d5-433c-abf6-56e64f1c1755" />
      <TestMethod codeBase="C:\Cdo\CodePlex\TxFileManager\ChinhDo.Transactions.FileManagerTest\bin\Debug\ChinhDo.Transactions.FileManagerTest.dll" adapterTypeName="Microsoft.VisualStudio.TestTools.TestTypes.Unit.UnitTestAdapter, Microsoft.VisualStudio.QualityTools.Tips.UnitTest.Adapter, Version=9.0.0.0, Culture=neutral, PublicKeyToken=b03f5f7f11d50a3a" className="ChinhDo.Transactions.FileManagerTest.FileManagerTest, ChinhDo.Transactions.FileManagerTest" name="CanDeleteFileAndRollback" />
    </UnitTest>
    <UnitTest name="CanAppendTextAndRollback" storage="c:\cdo\codeplex\txfilemanager\chinhdo.transactions.filemanagertest\bin\debug\chinhdo.transactions.filemanagertest.dll" id="3e1e7c49-fea8-dda1-0ccf-8ccd72bfe782">
      <Css projectStructure="" iteration="" />
      <Owners>
        <Owner name="" />
      </Owners>
      <Execution id="09c0bc72-2e30-49b4-8c86-ff15d63f6787" />
      <TestMethod codeBase="C:\Cdo\CodePlex\TxFileManager\ChinhDo.Transactions.FileManagerTest\bin\Debug\ChinhDo.Transactions.FileManagerTest.dll" adapterTypeName="Microsoft.VisualStudio.TestTools.TestTypes.Unit.UnitTestAdapter, Microsoft.VisualStudio.QualityTools.Tips.UnitTest.Adapter, Version=9.0.0.0, Culture=neutral, PublicKeyToken=b03f5f7f11d50a3a" className="ChinhDo.Transactions.FileManagerTest.FileManagerTest, ChinhDo.Transactions.FileManagerTest" name="CanAppendTextAndRollback" />
    </UnitTest>
    <UnitTest name="CanSnapshot" storage="c:\cdo\codeplex\txfilemanager\chinhdo.transactions.filemanagertest\bin\debug\chinhdo.transactions.filemanagertest.dll" id="b1e9be15-025d-8f9c-5e70-820dc988c1d4">
      <Css projectStructure="" iteration="" />
      <Owners>
        <Owner name="" />
      </Owners>
      <Execution id="59fc0229-3813-4f41-9f56-39c8e7ac49d9" />
      <TestMethod codeBase="C:\Cdo\CodePlex\TxFileManager\ChinhDo.Transactions.FileManagerTest\bin\Debug\ChinhDo.Transactions.FileManagerTest.dll" adapterTypeName="Microsoft.VisualStudio.TestTools.TestTypes.Unit.UnitTestAdapter, Microsoft.VisualStudio.QualityTools.Tips.UnitTest.Adapter, Version=9.0.0.0, Culture=neutral, PublicKeyToken=b03f5f7f11d50a3a" className="ChinhDo.Transactions.FileManagerTest.FileManagerTest, ChinhDo.Transactions.FileManagerTest" name="CanSnapshot" />
    </UnitTest>
    <UnitTest name="CanAppendText" storage="c:\cdo\codeplex\txfilemanager\chinhdo.transactions.filemanagertest\bin\debug\chinhdo.transactions.filemanagertest.dll" id="8527ade4-4fe8-d67a-1141-2972dd56c9e2">
      <Css projectStructure="" iteration="" />
      <Owners>
        <Owner name="" />
      </Owners>
      <Execution id="dc6f4ab4-40f1-4fab-8a0a-8c4389c52d37" />
      <TestMethod codeBase="C:\Cdo\CodePlex\TxFileManager\ChinhDo.Transactions.FileManagerTest\bin\Debug\ChinhDo.Transactions.FileManagerTest.dll" adapterTypeName="Microsoft.VisualStudio.TestTools.TestTypes.Unit.UnitTestAdapter, Microsoft.VisualStudio.QualityTools.Tips.UnitTest.Adapter, Version=9.0.0.0, Culture=neutral, PublicKeyToken=b03f5f7f11d50a3a" className="ChinhDo.Transactions.FileManagerTest.FileManagerTest, ChinhDo.Transactions.FileManagerTest" name="CanAppendText" />
    </UnitTest>
    <UnitTest name="CanWriteAllText" storage="c:\cdo\codeplex\txfilemanager\chinhdo.transactions.filemanagertest\bin\debug\chinhdo.transactions.filemanagertest.dll" id="129808c8-4b22-abc8-b07d-fa5da4757c17">
      <Css projectStructure="" iteration="" />
      <Owners>
        <Owner name="" />
      </Owners>
      <Execution id="7c423467-ec03-4b1e-b6ab-7b9fdb555069" />
      <TestMethod codeBase="C:\Cdo\CodePlex\TxFileManager\ChinhDo.Transactions.FileManagerTest\bin\Debug\ChinhDo.Transactions.FileManagerTest.dll" adapterTypeName="Microsoft.VisualStudio.TestTools.TestTypes.Unit.UnitTestAdapter, Microsoft.VisualStudio.QualityTools.Tips.UnitTest.Adapter, Version=9.0.0.0, Culture=neutral, PublicKeyToken=b03f5f7f11d50a3a" className="ChinhDo.Transactions.FileManagerTest.FileManagerTest, ChinhDo.Transactions.FileManagerTest" name="CanWriteAllText" />
    </UnitTest>
    <UnitTest name="CanDoMultiThread" storage="c:\cdo\codeplex\txfilemanager\chinhdo.transactions.filemanagertest\bin\debug\chinhdo.transactions.filemanagertest.dll" id="102b97ad-ca70-792c-e4bd-f8d57299bc4c">
      <Css projectStructure="" iteration="" />
      <Owners>
        <Owner name="" />
      </Owners>
      <Execution id="86a6a464-6697-45b2-9239-36b14247420c" />
      <TestMethod codeBase="C:\Cdo\CodePlex\TxFileManager\ChinhDo.Transactions.FileManagerTest\bin\Debug\ChinhDo.Transactions.FileManagerTest.dll" adapterTypeName="Microsoft.VisualStudio.TestTools.TestTypes.Unit.UnitTestAdapter, Microsoft.VisualStudio.QualityTools.Tips.UnitTest.Adapter, Version=9.0.0.0, Culture=neutral, PublicKeyToken=b03f5f7f11d50a3a" className="ChinhDo.Transactions.FileManagerTest.FileManagerTest, ChinhDo.Transactions.FileManagerTest" name="CanDoMultiThread" />
    </UnitTest>
  </TestDefinitions>
  <TestLists>
    <TestList name="Results Not in a List" id="8c84fa94-04c1-424b-9868-57a2d4851a1d" />
    <TestList name="All Loaded Results" id="19431567-8539-422a-85d7-44ee4e166bda" />
  </TestLists>
  <TestEntries>
    <TestEntry testId="0493ba1c-4c88-2e44-3275-cffb9f7bb64b" executionId="80f8b997-46d5-433c-abf6-56e64f1c1755" testListId="8c84fa94-04c1-424b-9868-57a2d4851a1d" />
    <TestEntry testId="05ad9006-51b8-6711-5ba1-dec35d99a4e9" executionId="726430c4-4e80-44ff-86bd-bcd4b89679e3" testListId="8c84fa94-04c1-424b-9868-57a2d4851a1d" />
    <TestEntry testId="102b97ad-ca70-792c-e4bd-f8d57299bc4c" executionId="86a6a464-6697-45b2-9239-36b14247420c" testListId="8c84fa94-04c1-424b-9868-57a2d4851a1d" />
    <TestEntry testId="129808c8-4b22-abc8-b07d-fa5da4757c17" executionId="7c423467-ec03-4b1e-b6ab-7b9fdb555069" testListId="8c84fa94-04c1-424b-9868-57a2d4851a1d" />
    <TestEntry testId="2006797b-96f3-b8d2-e69b-5b738a9e0ce3" executionId="e5b960dd-f0e9-45c6-9f8a-f22b22406f66" testListId="8c84fa94-04c1-424b-9868-57a2d4851a1d" />
    <TestEntry testId="28be67ad-27a6-95a1-3896-cfe7b42cec04" executionId="e191fbf8-a17c-47ab-9557-668d37547943" testListId="8c84fa94-04c1-424b-9868-57a2d4851a1d" />
    <TestEntry testId="3e1e7c49-fea8-dda1-0ccf-8ccd72bfe782" executionId="09c0bc72-2e30-49b4-8c86-ff15d63f6787" testListId="8c84fa94-04c1-424b-9868-57a2d4851a1d" />
    <TestEntry testId="524ba5e4-ee2e-caa0-b515-ca43807b7d4e" executionId="305ff91a-402e-4ef0-89d2-c3ebe66ee853" testListId="8c84fa94-04c1-424b-9868-57a2d4851a1d" />
    <TestEntry testId="5ab28f5f-b988-8f56-a50e-a40e7807e4d9" executionId="20cf8ed0-b1b7-4ae1-a88d-621b8f81341a" testListId="8c84fa94-04c1-424b-9868-57a2d4851a1d" />
    <TestEntry testId="6c1f1fc7-c3d8-66ef-8a35-f62bf9786a9b" executionId="1da25c19-f4a5-4957-8d37-6f1b32afc28d" testListId="8c84fa94-04c1-424b-9868-57a2d4851a1d" />
    <TestEntry testId="72f2f819-10c1-d5dc-4916-1e29925832eb" executionId="1b8acaa6-3d22-461d-a650-87b8b4dc3d5d" testListId="8c84fa94-04c1-424b-9868-57a2d4851a1d" />
    <TestEntry testId="8527ade4-4fe8-d67a-1141-2972dd56c9e2" executionId="dc6f4ab4-40f1-4fab-8a0a-8c4389c52d37" testListId="8c84fa94-04c1-424b-9868-57a2d4851a1d" />
    <TestEntry testId="b1e9be15-025d-8f9c-5e70-820dc988c1d4" executionId="59fc0229-3813-4f41-9f56-39c8e7ac49d9" testListId="8c84fa94-04c1-424b-9868-57a2d4851a1d" />
    <TestEntry testId="bd6b40d8-311c-7954-771d-ba41d4659ca0" executionId="2db257f3-d40b-46c3-a2ae-8fd79dc39cbf" testListId="8c84fa94-04c1-424b-9868-57a2d4851a1d" />
    <TestEntry testId="c2aaf1a3-cdf2-a67e-9e79-74a46ecfdc37" executionId="914408cf-8b3a-4672-b9fd-5c4a445fc225" testListId="8c84fa94-04c1-424b-9868-57a2d4851a1d" />
    <TestEntry testId="dcd77c74-8e1c-4d30-6d5b-a1e5b47c5ef8" executionId="d390c09c-457c-4adb-9af9-7a2fb28a0c28" testListId="8c84fa94-04c1-424b-9868-57a2d4851a1d" />
    <TestEntry testId="fb8ab088-327e-38c3-a6a0-f97d5c6d7056" executionId="d0462457-9aee-43c1-a293-09d389763f5a" testListId="8c84fa94-04c1-424b-9868-57a2d4851a1d" />
    <TestEntry testId="fca7f287-37ab-25c7-6968-aa30f91c14a9" executionId="3f6184bc-641d-4571-91d5-f86baeadc0b8" testListId="8c84fa94-04c1-424b-9868-57a2d4851a1d" />
    <TestEntry testId="fe5b79e7-9bd7-536d-3767-abaaa615374d" executionId="edc20791-2275-4052-9bee-07e90fc2695b" testListId="8c84fa94-04c1-424b-9868-57a2d4851a1d" />
  </TestEntries>
  <Results>
    <UnitTestResult executionId="80f8b997-46d5-433c-abf6-56e64f1c1755" testId="0493ba1c-4c88-2e44-3275-cffb9f7bb64b" testName="CanDeleteFileAndRollback" computerName="CDOVPC01" duration="00:00:00.2048542" startTime="2010-06-08T16:07:26.4536928-04:00" endTime="2010-06-08T16:07:27.2648592-04:00" testType="13cdc9d9-ddb5-4fa4-a97d-d965ccfc6d4b" outcome="Passed" testListId="8c84fa94-04c1-424b-9868-57a2d4851a1d">
      <Output>
      </Output>
    </UnitTestResult>
    <UnitTestResult executionId="726430c4-4e80-44ff-86bd-bcd4b89679e3" testId="05ad9006-51b8-6711-5ba1-dec35d99a4e9" testName="CanMoveFileAndRollback" computerName="CDOVPC01" duration="00:00:00.0094900" startTime="2010-06-08T16:07:27.2748736-04:00" endTime="2010-06-08T16:07:27.3049168-04:00" testType="13cdc9d9-ddb5-4fa4-a97d-d965ccfc6d4b" outcome="Passed" testListId="8c84fa94-04c1-424b-9868-57a2d4851a1d">
      <Output>
      </Output>
    </UnitTestResult>
    <UnitTestResult executionId="86a6a464-6697-45b2-9239-36b14247420c" testId="102b97ad-ca70-792c-e4bd-f8d57299bc4c" testName="CanDoMultiThread" computerName="CDOVPC01" duration="00:00:00.6264002" startTime="2010-06-08T16:07:27.3049168-04:00" endTime="2010-06-08T16:07:27.9458384-04:00" testType="13cdc9d9-ddb5-4fa4-a97d-d965ccfc6d4b" outcome="Passed" testListId="8c84fa94-04c1-424b-9868-57a2d4851a1d">
      <Output>
      </Output>
    </UnitTestResult>
    <UnitTestResult executionId="7c423467-ec03-4b1e-b6ab-7b9fdb555069" testId="129808c8-4b22-abc8-b07d-fa5da4757c17" testName="CanWriteAllText" computerName="CDOVPC01" duration="00:00:00.0027416" startTime="2010-06-08T16:07:27.9458384-04:00" endTime="2010-06-08T16:07:27.9558528-04:00" testType="13cdc9d9-ddb5-4fa4-a97d-d965ccfc6d4b" outcome="Passed" testListId="8c84fa94-04c1-424b-9868-57a2d4851a1d">
      <Output>
      </Output>
    </UnitTestResult>
    <UnitTestResult executionId="e5b960dd-f0e9-45c6-9f8a-f22b22406f66" testId="2006797b-96f3-b8d2-e69b-5b738a9e0ce3" testName="CanCopy" computerName="CDOVPC01" duration="00:00:00.0021550" startTime="2010-06-08T16:07:27.9558528-04:00" endTime="2010-06-08T16:07:27.9658672-04:00" testType="13cdc9d9-ddb5-4fa4-a97d-d965ccfc6d4b" outcome="Passed" testListId="8c84fa94-04c1-424b-9868-57a2d4851a1d">
      <Output>
      </Output>
    </UnitTestResult>
    <UnitTestResult executionId="e191fbf8-a17c-47ab-9557-668d37547943" testId="28be67ad-27a6-95a1-3896-cfe7b42cec04" testName="CanCopyAndRollback" computerName="CDOVPC01" duration="00:00:00.0023922" startTime="2010-06-08T16:07:27.9758816-04:00" endTime="2010-06-08T16:07:27.9858960-04:00" testType="13cdc9d9-ddb5-4fa4-a97d-d965ccfc6d4b" outcome="Passed" testListId="8c84fa94-04c1-424b-9868-57a2d4851a1d">
      <Output>
      </Output>
    </UnitTestResult>
    <UnitTestResult executionId="09c0bc72-2e30-49b4-8c86-ff15d63f6787" testId="3e1e7c49-fea8-dda1-0ccf-8ccd72bfe782" testName="CanAppendTextAndRollback" computerName="CDOVPC01" duration="00:00:00.0016901" startTime="2010-06-08T16:07:27.9858960-04:00" endTime="2010-06-08T16:07:27.9959104-04:00" testType="13cdc9d9-ddb5-4fa4-a97d-d965ccfc6d4b" outcome="Passed" testListId="8c84fa94-04c1-424b-9868-57a2d4851a1d">
      <Output>
      </Output>
    </UnitTestResult>
    <UnitTestResult executionId="305ff91a-402e-4ef0-89d2-c3ebe66ee853" testId="524ba5e4-ee2e-caa0-b515-ca43807b7d4e" testName="CanWriteAllTextAndRollback" computerName="CDOVPC01" duration="00:00:00.0024994" startTime="2010-06-08T16:07:28.0059248-04:00" endTime="2010-06-08T16:07:28.0059248-04:00" testType="13cdc9d9-ddb5-4fa4-a97d-d965ccfc6d4b" outcome="Passed" testListId="8c84fa94-04c1-424b-9868-57a2d4851a1d">
      <Output>
      </Output>
    </UnitTestResult>
    <UnitTestResult executionId="20cf8ed0-b1b7-4ae1-a88d-621b8f81341a" testId="5ab28f5f-b988-8f56-a50e-a40e7807e4d9" testName="CanMoveFile" computerName="CDOVPC01" duration="00:00:00.0030115" startTime="2010-06-08T16:07:28.0159392-04:00" endTime="2010-06-08T16:07:28.0259536-04:00" testType="13cdc9d9-ddb5-4fa4-a97d-d965ccfc6d4b" outcome="Passed" testListId="8c84fa94-04c1-424b-9868-57a2d4851a1d">
      <Output>
      </Output>
    </UnitTestResult>
    <UnitTestResult executionId="1da25c19-f4a5-4957-8d37-6f1b32afc28d" testId="6c1f1fc7-c3d8-66ef-8a35-f62bf9786a9b" testName="CannotRollback" computerName="CDOVPC01" duration="00:00:00.2798716" startTime="2010-06-08T16:07:28.0259536-04:00" endTime="2010-06-08T16:07:28.3163712-04:00" testType="13cdc9d9-ddb5-4fa4-a97d-d965ccfc6d4b" outcome="Passed" testListId="8c84fa94-04c1-424b-9868-57a2d4851a1d">
      <Output>
      </Output>
    </UnitTestResult>
    <UnitTestResult executionId="1b8acaa6-3d22-461d-a650-87b8b4dc3d5d" testId="72f2f819-10c1-d5dc-4916-1e29925832eb" testName="CanNestTransactions" computerName="CDOVPC01" duration="00:00:00.0069757" startTime="2010-06-08T16:07:28.3163712-04:00" endTime="2010-06-08T16:07:28.3364000-04:00" testType="13cdc9d9-ddb5-4fa4-a97d-d965ccfc6d4b" outcome="Passed" testListId="8c84fa94-04c1-424b-9868-57a2d4851a1d">
      <Output>
      </Output>
    </UnitTestResult>
    <UnitTestResult executionId="dc6f4ab4-40f1-4fab-8a0a-8c4389c52d37" testId="8527ade4-4fe8-d67a-1141-2972dd56c9e2" testName="CanAppendText" computerName="CDOVPC01" duration="00:00:00.0016010" startTime="2010-06-08T16:07:28.3364000-04:00" endTime="2010-06-08T16:07:28.3464144-04:00" testType="13cdc9d9-ddb5-4fa4-a97d-d965ccfc6d4b" outcome="Passed" testListId="8c84fa94-04c1-424b-9868-57a2d4851a1d">
      <Output>
      </Output>
    </UnitTestResult>
    <UnitTestResult executionId="59fc0229-3813-4f41-9f56-39c8e7ac49d9" testId="b1e9be15-025d-8f9c-5e70-820dc988c1d4" testName="CanSnapshot" computerName="CDOVPC01" duration="00:00:00.0018044" startTime="2010-06-08T16:07:28.3464144-04:00" endTime="2010-06-08T16:07:28.3564288-04:00" testType="13cdc9d9-ddb5-4fa4-a97d-d965ccfc6d4b" outcome="Passed" testListId="8c84fa94-04c1-424b-9868-57a2d4851a1d">
      <Output>
      </Output>
    </UnitTestResult>
    <UnitTestResult executionId="2db257f3-d40b-46c3-a2ae-8fd79dc39cbf" testId="bd6b40d8-311c-7954-771d-ba41d4659ca0" testName="CanSupportTransactionScopeOptionSuppress" computerName="CDOVPC01" duration="00:00:00.0020329" startTime="2010-06-08T16:07:28.3564288-04:00" endTime="2010-06-08T16:07:28.3664432-04:00" testType="13cdc9d9-ddb5-4fa4-a97d-d965ccfc6d4b" outcome="Passed" testListId="8c84fa94-04c1-424b-9868-57a2d4851a1d">
      <Output>
      </Output>
    </UnitTestResult>
    <UnitTestResult executionId="914408cf-8b3a-4672-b9fd-5c4a445fc225" testId="c2aaf1a3-cdf2-a67e-9e79-74a46ecfdc37" testName="CanReuseManager" computerName="CDOVPC01" duration="00:00:00.0078283" startTime="2010-06-08T16:07:28.3664432-04:00" endTime="2010-06-08T16:07:28.3964864-04:00" testType="13cdc9d9-ddb5-4fa4-a97d-d965ccfc6d4b" outcome="Passed" testListId="8c84fa94-04c1-424b-9868-57a2d4851a1d">
      <Output>
      </Output>
    </UnitTestResult>
    <UnitTestResult executionId="d390c09c-457c-4adb-9af9-7a2fb28a0c28" testId="dcd77c74-8e1c-4d30-6d5b-a1e5b47c5ef8" testName="CannotAppendText" computerName="CDOVPC01" duration="00:00:00.0410686" startTime="2010-06-08T16:07:28.3964864-04:00" endTime="2010-06-08T16:07:28.4465584-04:00" testType="13cdc9d9-ddb5-4fa4-a97d-d965ccfc6d4b" outcome="Passed" testListId="8c84fa94-04c1-424b-9868-57a2d4851a1d">
      <Output>
      </Output>
    </UnitTestResult>
    <UnitTestResult executionId="d0462457-9aee-43c1-a293-09d389763f5a" testId="fb8ab088-327e-38c3-a6a0-f97d5c6d7056" testName="CanDeleteFile" computerName="CDOVPC01" duration="00:00:00.0020829" startTime="2010-06-08T16:07:28.4565728-04:00" endTime="2010-06-08T16:07:28.4565728-04:00" testType="13cdc9d9-ddb5-4fa4-a97d-d965ccfc6d4b" outcome="Passed" testListId="8c84fa94-04c1-424b-9868-57a2d4851a1d">
      <Output>
      </Output>
    </UnitTestResult>
    <UnitTestResult executionId="3f6184bc-641d-4571-91d5-f86baeadc0b8" testId="fca7f287-37ab-25c7-6968-aa30f91c14a9" testName="CanCreateDirectory" computerName="CDOVPC01" duration="00:00:00.0012920" startTime="2010-06-08T16:07:28.4665872-04:00" endTime="2010-06-08T16:07:28.4665872-04:00" testType="13cdc9d9-ddb5-4fa4-a97d-d965ccfc6d4b" outcome="Passed" testListId="8c84fa94-04c1-424b-9868-57a2d4851a1d">
      <Output>
      </Output>
    </UnitTestResult>
    <UnitTestResult executionId="edc20791-2275-4052-9bee-07e90fc2695b" testId="fe5b79e7-9bd7-536d-3767-abaaa615374d" testName="CanCreateDirectoryAndRollback" computerName="CDOVPC01" duration="00:00:00.0013183" startTime="2010-06-08T16:07:28.4766016-04:00" endTime="2010-06-08T16:07:28.4766016-04:00" testType="13cdc9d9-ddb5-4fa4-a97d-d965ccfc6d4b" outcome="Passed" testListId="8c84fa94-04c1-424b-9868-57a2d4851a1d">
      <Output>
      </Output>
    </UnitTestResult>
  </Results>
</TestRun>