<?xml version="1.0" encoding="UTF-8"?>
<TestRun id="f588fc3a-c119-44ce-83d2-d6fd07514ecf" name="Cdo@CDOVPC01 2010-06-08 17:11:11" runUser="CDOVPC01\Cdo" xmlns="http://microsoft.com/schemas/VisualStudio/TeamTest/2006">
  <TestRunConfiguration name="Local Test Run" id="a8a2e672-9ca4-4527-a674-628eb5bad686">
    <Description>This is a default test run configuration for a local test run.</Description>
    <Timeouts testTimeout="300000" />
    <Deployment runDeploymentRoot="C:\Cdo\CodePlex\TxFileManager\TestResults\Cdo_CDOVPC01 2010-06-08 17_11_11">
      <DeploymentItem filename="C:\Cdo\CodePlex\TxFileManager\ChinhDo.Transactions.FileManager\bin\Debug\ChinhDo.Transactions.dll" />
    </Deployment>
    <TestTypeSpecific />
  </TestRunConfiguration>
  <ResultSummary outcome="Completed">
    <Counters total="20" executed="20" passed="20" error="0" failed="0" timeout="0" aborted="0" inconclusive="0" passedButRunAborted="0" notRunnable="0" notExecuted="0" disconnected="0" warning="0" completed="0" inProgress="0" pending="0" />
  </ResultSummary>
  <Times creation="2010-06-08T17:11:11.1733696-04:00" queuing="2010-06-08T17:11:11.4237296-04:00" start="2010-06-08T17:11:11.4938304-04:00" finish="2010-06-08T17:11:12.4151552-04:00" />
  <TestDefinitions>
    <UnitTest name="CanCreateDirectoryAndRollback" storage="c:\cdo\codeplex\txfilemanager\chinhdo.transactions.filemanagertest\bin\debug\chinhdo.transactions.filemanagertest.dll" id="fe5b79e7-9bd7-536d-3767-abaaa615374d">
      <Css projectStructure="" iteration="" />
      <Owners>
        <Owner name="" />
      </Owners>
      <Execution id="5bad264f-6eb3-42a7-86fd-edea5b8e3137" />
      <TestMethod codeBase="C:\Cdo\CodePlex\TxFileManager\ChinhDo.Transactions.FileManagerTest\bin\Debug\ChinhDo.Transactions.FileManagerTest.dll" adapterTypeName="Microsoft.VisualStudio.TestTools.TestTypes.Unit.UnitTestAdapter, Microsoft.VisualStudio.QualityTools.Tips.UnitTest.Adapter, Version=9.0.0.0, Culture=neutral, PublicKeyToken=b03f5f7f11d50a3a" className="ChinhDo.Transactions.FileManagerTest.FileManagerTest, ChinhDo.Transactions.FileManagerTest" name="CanCreateDirectoryAndRollback" />
    </UnitTest>
    <UnitTest name="CanNestTransactions" storage="c:\cdo\codeplex\txfilemanager\chinhdo.transactions.filemanagertest\bin\debug\chinhdo.transactions.filemanagertest.dll" id="72f2f819-10c1-d5dc-4916-1e29925832eb">
      <Css projectStructure="" iteration="" />
      <Owners>
        <Owner name="" />
      </Owners>
      <Execution id="98618f97-1e41-4d74-b87d-87ac0edcb36d" />
      <TestMethod codeBase="C:\Cdo\CodePlex\TxFileManager\ChinhDo.Transactions.FileManagerTest\bin\Debug\ChinhDo.Transactions.FileManagerTest.dll" adapterTypeName="Microsoft.VisualStudio.TestTools.TestTypes.Unit.UnitTestAdapter, Microsoft.VisualStudio.QualityTools.Tips.UnitTest.Adapter, Version=9.0.0.0, Culture=neutral, PublicKeyToken=b03f5f7f11d50a3a" className="ChinhDo.Transactions.FileManagerTest.FileManagerTest, ChinhDo.Transactions.FileManagerTest" name="CanNestTransactions" />
    </UnitTest>
    <UnitTest name="CannotRollback" storage="c:\cdo\codeplex\txfilemanager\chinhdo.transactions.filemanagertest\bin\debug\chinhdo.transactions.filemanagertest.dll" id="6c1f1fc7-c3d8-66ef-8a35-f62bf9786a9b">
      <Css projectStructure="" iteration="" />
      <Owners>
        <Owner name="" />
      </Owners>
      <Execution id="974cc219-f788-4db5-a144-27b236252425" />
      <TestMethod codeBase="C:\Cdo\CodePlex\TxFileManager\ChinhDo.Transactions.FileManagerTest\bin\Debug\ChinhDo.Transactions.FileManagerTest.dll" adapterTypeName="Microsoft.VisualStudio.TestTools.TestTypes.Unit.UnitTestAdapter, Microsoft.VisualStudio.QualityTools.Tips.UnitTest.Adapter, Version=9.0.0.0, Culture=neutral, PublicKeyToken=b03f5f7f11d50a3a" className="ChinhDo.Transactions.FileManagerTest.FileManagerTest, ChinhDo.Transactions.FileManagerTest" name="CannotRollback" />
    </UnitTest>
    <UnitTest name="CanReuseManager" storage="c:\cdo\codeplex\txfilemanager\chinhdo.transactions.filemanagertest\bin\debug\chinhdo.transactions.filemanagertest.dll" id="c2aaf1a3-cdf2-a67e-9e79-74a46ecfdc37">
      <Css projectStructure="" iteration="" />
      <Owners>
        <Owner name="" />
      </Owners>
      <Execution id="a6785bb2-f6e4-4995-9e9e-f46468de0684" />
      <TestMethod codeBase="C:\Cdo\CodePlex\TxFileManager\ChinhDo.Transactions.FileManagerTest\bin\Debug\ChinhDo.Transactions.FileManagerTest.dll" adapterTypeName="Microsoft.VisualStudio.TestTools.TestTypes.Unit.UnitTestAdapter, Microsoft.VisualStudio.QualityTools.Tips.UnitTest.Adapter, Version=9.0.0.0, Culture=neutral, PublicKeyToken=b03f5f7f11d50a3a" className="ChinhDo.Transactions.FileManagerTest.FileManagerTest, ChinhDo.Transactions.FileManagerTest" name="CanReuseManager" />
    </UnitTest>
    <UnitTest name="CanCreateDirectory" storage="c:\cdo\codeplex\txfilemanager\chinhdo.transactions.filemanagertest\bin\debug\chinhdo.transactions.filemanagertest.dll" id="fca7f287-37ab-25c7-6968-aa30f91c14a9">
      <Css projectStructure="" iteration="" />
      <Owners>
        <Owner name="" />
      </Owners>
      <Execution id="25c97a1b-b163-439d-9dd2-e3f9377f60b0" />
      <TestMethod codeBase="C:\Cdo\CodePlex\TxFileManager\ChinhDo.Transactions.FileManagerTest\bin\Debug\ChinhDo.Transactions.FileManagerTest.dll" adapterTypeName="Microsoft.VisualStudio.TestTools.TestTypes.Unit.UnitTestAdapter, Microsoft.VisualStudio.QualityTools.Tips.UnitTest.Adapter, Version=9.0.0.0, Culture=neutral, PublicKeyToken=b03f5f7f11d50a3a" className="ChinhDo.Transactions.FileManagerTest.FileManagerTest, ChinhDo.Transactions.FileManagerTest" name="CanCreateDirectory" />
    </UnitTest>
    <UnitTest name="CanMoveFile" storage="c:\cdo\codeplex\txfilemanager\chinhdo.transactions.filemanagertest\bin\debug\chinhdo.transactions.filemanagertest.dll" id="5ab28f5f-b988-8f56-a50e-a40e7807e4d9">
      <Css projectStructure="" iteration="" />
      <Owners>
        <Owner name="" />
      </Owners>
      <Execution id="0e7b9707-3eec-4fdc-bd4e-7fd7c22b1ff8" />
      <TestMethod codeBase="C:\Cdo\CodePlex\TxFileManager\ChinhDo.Transactions.FileManagerTest\bin\Debug\ChinhDo.Transactions.FileManagerTest.dll" adapterTypeName="Microsoft.VisualStudio.TestTools.TestTypes.Unit.UnitTestAdapter, Microsoft.VisualStudio.QualityTools.Tips.UnitTest.Adapter, Version=9.0.0.0, Culture=neutral, PublicKeyToken=b03f5f7f11d50a3a" className="ChinhDo.Transactions.FileManagerTest.FileManagerTest, ChinhDo.Transactions.FileManagerTest" name="CanMoveFile" />
    </UnitTest>
    <UnitTest name="CannotAppendText" storage="c:\cdo\codeplex\txfilemanager\chinhdo.transactions.filemanagertest\bin\debug\chinhdo.transactions.filemanagertest.dll" id="dcd77c74-8e1c-4d30-6d5b-a1e5b47c5ef8">
      <Css projectStructure="" iteration="" />
      <Owners>
        <Owner name="" />
      </Owners>
      <Execution id="9f5c4f5f-83fd-4324-bfdc-cf01fca8d0ea" />
      <TestMethod codeBase="C:\Cdo\CodePlex\TxFileManager\ChinhDo.Transactions.FileManagerTest\bin\Debug\ChinhDo.Transactions.FileManagerTest.dll" adapterTypeName="Microsoft.VisualStudio.TestTools.TestTypes.Unit.UnitTestAdapter, Microsoft.VisualStudio.QualityTools.Tips.UnitTest.Adapter, Version=9.0.0.0, Culture=neutral, PublicKeyToken=b03f5f7f11d50a3a" className="ChinhDo.Transactions.FileManagerTest.FileManagerTest, ChinhDo.Transactions.FileManagerTest" name="CannotAppendText" />
    </UnitTest>
    <UnitTest name="CanWriteAllTextAndRollback" storage="c:\cdo\codeplex\txfilemanager\chinhdo.transactions.filemanagertest\bin\debug\chinhdo.transactions.filemanagertest.dll" id="524ba5e4-ee2e-caa0-b515-ca43807b7d4e">
      <Css projectStructure="" iteration="" />
      <Owners>
        <Owner name="" />
      </Owners>
      <Execution id="1dc0caa0-3439-468e-81bb-d408355f2f1a" />
      <TestMethod codeBase="C:\Cdo\CodePlex\TxFileManager\ChinhDo.Transactions.FileManagerTest\bin\Debug\ChinhDo.Transactions.FileManagerTest.dll" adapterTypeName="Microsoft.VisualStudio.TestTools.TestTypes.Unit.UnitTestAdapter, Microsoft.VisualStudio.QualityTools.Tips.UnitTest.Adapter, Version=9.0.0.0, Culture=neutral, PublicKeyToken=b03f5f7f11d50a3a" className="ChinhDo.Transactions.FileManagerTest.FileManagerTest, ChinhDo.Transactions.FileManagerTest" name="CanWriteAllTextAndRollback" />
    </UnitTest>
    <UnitTest name="CanCopy" storage="c:\cdo\codeplex\txfilemanager\chinhdo.transactions.filemanagertest\bin\debug\chinhdo.transactions.filemanagertest.dll" id="2006797b-96f3-b8d2-e69b-5b738a9e0ce3">
      <Css projectStructure="" iteration="" />
      <Owners>
        <Owner name="" />
      </Owners>
      <Execution id="c89f652c-99be-40c1-8835-dd4f4751301c" />
      <TestMethod codeBase="C:\Cdo\CodePlex\TxFileManager\ChinhDo.Transactions.FileManagerTest\bin\Debug\ChinhDo.Transactions.FileManagerTest.dll" adapterTypeName="Microsoft.VisualStudio.TestTools.TestTypes.Unit.UnitTestAdapter, Microsoft.VisualStudio.QualityTools.Tips.UnitTest.Adapter, Version=9.0.0.0, Culture=neutral, PublicKeyToken=b03f5f7f11d50a3a" className="ChinhDo.Transactions.FileManagerTest.FileManagerTest, ChinhDo.Transactions.FileManagerTest" name="CanCopy" />
    </UnitTest>
    <UnitTest name="CanHandleCopyErrors" storage="c:\cdo\codeplex\txfilemanager\chinhdo.transactions.filemanagertest\bin\debug\chinhdo.transactions.filemanagertest.dll" id="6fecc392-c30e-5f7b-3615-b4cfe7262b04">
      <Css projectStructure="" iteration="" />
      <Owners>
        <Owner name="" />
      </Owners>
      <Execution id="bddba549-5aaa-4c83-8a92-713895337e6e" />
      <TestMethod codeBase="C:\Cdo\CodePlex\TxFileManager\ChinhDo.Transactions.FileManagerTest\bin\Debug\ChinhDo.Transactions.FileManagerTest.dll" adapterTypeName="Microsoft.VisualStudio.TestTools.TestTypes.Unit.UnitTestAdapter, Microsoft.VisualStudio.QualityTools.Tips.UnitTest.Adapter, Version=9.0.0.0, Culture=neutral, PublicKeyToken=b03f5f7f11d50a3a" className="ChinhDo.Transactions.FileManagerTest.FileManagerTest, ChinhDo.Transactions.FileManagerTest" name="CanHandleCopyErrors" />
    </UnitTest>
    <UnitTest name="CanSupportTransactionScopeOptionSuppress" storage="c:\cdo\codeplex\txfilemanager\chinhdo.transactions.filemanagertest\bin\debug\chinhdo.transactions.filemanagertest.dll" id="bd6b40d8-311c-7954-771d-ba41d4659ca0">
      <Css projectStructure="" iteration="" />
      <Owners>
        <Owner name="" />
      </Owners>
      <Execution id="1b0c74a2-8d7a-4cb7-9a0d-87902e0ad5a2" />
      <TestMethod codeBase="C:\Cdo\CodePlex\TxFileManager\ChinhDo.Transactions.FileManagerTest\bin\Debug\ChinhDo.Transactions.FileManagerTest.dll" adapterTypeName="Microsoft.VisualStudio.TestTools.TestTypes.Unit.UnitTestAdapter, Microsoft.VisualStudio.QualityTools.Tips.UnitTest.Adapter, Version=9.0.0.0, Culture=neutral, PublicKeyToken=b03f5f7f11d50a3a" className="ChinhDo.Transactions.FileManagerTest.FileManagerTest, ChinhDo.Transactions.FileManagerTest" name="CanSupportTransactionScopeOptionSuppress" />
    </UnitTest>
    <UnitTest name="CanDeleteFile" storage="c:\cdo\codeplex\txfilemanager\chinhdo.transactions.filemanagertest\bin\debug\chinhdo.transactions.filemanagertest.dll" id="fb8ab088-327e-38c3-a6a0-f97d5c6d7056">
      <Css projectStructure="" iteration="" />
      <Owners>
        <Owner name="" />
      </Owners>
      <Execution id="6b9c3f80-6fe0-48bf-9a06-fa14b5f5610a" />
      <TestMethod codeBase="C:\Cdo\CodePlex\TxFileManager\ChinhDo.Transactions.FileManagerTest\bin\Debug\ChinhDo.Transactions.FileManagerTest.dll" adapterTypeName="Microsoft.VisualStudio.TestTools.TestTypes.Unit.UnitTestAdapter, Microsoft.VisualStudio.QualityTools.Tips.UnitTest.Adapter, Version=9.0.0.0, Culture=neutral, PublicKeyToken=b03f5f7f11d50a3a" className="ChinhDo.Transactions.FileManagerTest.FileManagerTest, ChinhDo.Transactions.FileManagerTest" name="CanDeleteFile" />
    </UnitTest>
    <UnitTest name="CanMoveFileAndRollback" storage="c:\cdo\codeplex\txfilemanager\chinhdo.transactions.filemanagertest\bin\debug\chinhdo.transactions.filemanagertest.dll" id="05ad9006-51b8-6711-5ba1-dec35d99a4e9">
      <Css projectStructure="" iteration="" />
      <Owners>
        <Owner name="" />
      </Owners>
      <Execution id="162be64e-fc64-4bd2-a78c-21273361becf" />
      <TestMethod codeBase="C:\Cdo\CodePlex\TxFileManager\ChinhDo.Transactions.FileManagerTest\bin\Debug\ChinhDo.Transactions.FileManagerTest.dll" adapterTypeName="Microsoft.VisualStudio.TestTools.TestTypes.Unit.UnitTestAdapter, Microsoft.VisualStudio.QualityTools.Tips.UnitTest.Adapter, Version=9.0.0.0, Culture=neutral, PublicKeyToken=b03f5f7f11d50a3a" className="ChinhDo.Transactions.FileManagerTest.FileManagerTest, ChinhDo.Transactions.FileManagerTest" name="CanMoveFileAndRollback" />
    </UnitTest>
    <UnitTest name="CanCopyAndRollback" storage="c:\cdo\codeplex\txfilemanager\chinhdo.transactions.filemanagertest\bin\debug\chinhdo.transactions.filemanagertest.dll" id="28be67ad-27a6-95a1-3896-cfe7b42cec04">
      <Css projectStructure="" iteration="" />
      <Owners>
        <Owner name="" />
      </Owners>
      <Execution id="37824965-fb39-4172-af36-8f248b08cbf9" />
      <TestMethod codeBase="C:\Cdo\CodePlex\TxFileManager\ChinhDo.Transactions.FileManagerTest\bin\Debug\ChinhDo.Transactions.FileManagerTest.dll" adapterTypeName="Microsoft.VisualStudio.TestTools.TestTypes.Unit.UnitTestAdapter, Microsoft.VisualStudio.QualityTools.Tips.UnitTest.Adapter, Version=9.0.0.0, Culture=neutral, PublicKeyToken=b03f5f7f11d50a3a" className="ChinhDo.Transactions.FileManagerTest.FileManagerTest, ChinhDo.Transactions.FileManagerTest" name="CanCopyAndRollback" />
    </UnitTest>
    <UnitTest name="CanDeleteFileAndRollback" storage="c:\cdo\codeplex\txfilemanager\chinhdo.transactions.filemanagertest\bin\debug\chinhdo.transactions.filemanagertest.dll" id="0493ba1c-4c88-2e44-3275-cffb9f7bb64b">
      <Css projectStructure="" iteration="" />
      <Owners>
        <Owner name="" />
      </Owners>
      <Execution id="d42b5f0f-bc78-43f6-b8d1-a413f4e66829" />
      <TestMethod codeBase="C:\Cdo\CodePlex\TxFileManager\ChinhDo.Transactions.FileManagerTest\bin\Debug\ChinhDo.Transactions.FileManagerTest.dll" adapterTypeName="Microsoft.VisualStudio.TestTools.TestTypes.Unit.UnitTestAdapter, Microsoft.VisualStudio.QualityTools.Tips.UnitTest.Adapter, Version=9.0.0.0, Culture=neutral, PublicKeyToken=b03f5f7f11d50a3a" className="ChinhDo.Transactions.FileManagerTest.FileManagerTest, ChinhDo.Transactions.FileManagerTest" name="CanDeleteFileAndRollback" />
    </UnitTest>
    <UnitTest name="CanAppendTextAndRollback" storage="c:\cdo\codeplex\txfilemanager\chinhdo.transactions.filemanagertest\bin\debug\chinhdo.transactions.filemanagertest.dll" id="3e1e7c49-fea8-dda1-0ccf-8ccd72bfe782">
      <Css projectStructure="" iteration="" />
      <Owners>
        <Owner name="" />
      </Owners>
      <Execution id="51c32c3d-15fc-4c45-b1fd-c586e18f817f" />
      <TestMethod codeBase="C:\Cdo\CodePlex\TxFileManager\ChinhDo.Transactions.FileManagerTest\bin\Debug\ChinhDo.Transactions.FileManagerTest.dll" adapterTypeName="Microsoft.VisualStudio.TestTools.TestTypes.Unit.UnitTestAdapter, Microsoft.VisualStudio.QualityTools.Tips.UnitTest.Adapter, Version=9.0.0.0, Culture=neutral, PublicKeyToken=b03f5f7f11d50a3a" className="ChinhDo.Transactions.FileManagerTest.FileManagerTest, ChinhDo.Transactions.FileManagerTest" name="CanAppendTextAndRollback" />
    </UnitTest>
    <UnitTest name="CanSnapshot" storage="c:\cdo\codeplex\txfilemanager\chinhdo.transactions.filemanagertest\bin\debug\chinhdo.transactions.filemanagertest.dll" id="b1e9be15-025d-8f9c-5e70-820dc988c1d4">
      <Css projectStructure="" iteration="" />
      <Owners>
        <Owner name="" />
      </Owners>
      <Execution id="1e68009e-ba26-4d44-a03b-b5c91f1e69dc" />
      <TestMethod codeBase="C:\Cdo\CodePlex\TxFileManager\ChinhDo.Transactions.FileManagerTest\bin\Debug\ChinhDo.Transactions.FileManagerTest.dll" adapterTypeName="Microsoft.VisualStudio.TestTools.TestTypes.Unit.UnitTestAdapter, Microsoft.VisualStudio.QualityTools.Tips.UnitTest.Adapter, Version=9.0.0.0, Culture=neutral, PublicKeyToken=b03f5f7f11d50a3a" className="ChinhDo.Transactions.FileManagerTest.FileManagerTest, ChinhDo.Transactions.FileManagerTest" name="CanSnapshot" />
    </UnitTest>
    <UnitTest name="CanAppendText" storage="c:\cdo\codeplex\txfilemanager\chinhdo.transactions.filemanagertest\bin\debug\chinhdo.transactions.filemanagertest.dll" id="8527ade4-4fe8-d67a-1141-2972dd56c9e2">
      <Css projectStructure="" iteration="" />
      <Owners>
        <Owner name="" />
      </Owners>
      <Execution id="57866e63-b0b9-4e5c-aa4e-9f0ce6f4153b" />
      <TestMethod codeBase="C:\Cdo\CodePlex\TxFileManager\ChinhDo.Transactions.FileManagerTest\bin\Debug\ChinhDo.Transactions.FileManagerTest.dll" adapterTypeName="Microsoft.VisualStudio.TestTools.TestTypes.Unit.UnitTestAdapter, Microsoft.VisualStudio.QualityTools.Tips.UnitTest.Adapter, Version=9.0.0.0, Culture=neutral, PublicKeyToken=b03f5f7f11d50a3a" className="ChinhDo.Transactions.FileManagerTest.FileManagerTest, ChinhDo.Transactions.FileManagerTest" name="CanAppendText" />
    </UnitTest>
    <UnitTest name="CanWriteAllText" storage="c:\cdo\codeplex\txfilemanager\chinhdo.transactions.filemanagertest\bin\debug\chinhdo.transactions.filemanagertest.dll" id="129808c8-4b22-abc8-b07d-fa5da4757c17">
      <Css projectStructure="" iteration="" />
      <Owners>
        <Owner name="" />
      </Owners>
      <Execution id="0fb6377d-0a31-42f5-83da-3b3e9253c744" />
      <TestMethod codeBase="C:\Cdo\CodePlex\TxFileManager\ChinhDo.Transactions.FileManagerTest\bin\Debug\ChinhDo.Transactions.FileManagerTest.dll" adapterTypeName="Microsoft.VisualStudio.TestTools.TestTypes.Unit.UnitTestAdapter, Microsoft.VisualStudio.QualityTools.Tips.UnitTest.Adapter, Version=9.0.0.0, Culture=neutral, PublicKeyToken=b03f5f7f11d50a3a" className="ChinhDo.Transactions.FileManagerTest.FileManagerTest, ChinhDo.Transactions.FileManagerTest" name="CanWriteAllText" />
    </UnitTest>
    <UnitTest name="CanDoMultiThread" storage="c:\cdo\codeplex\txfilemanager\chinhdo.transactions.filemanagertest\bin\debug\chinhdo.transactions.filemanagertest.dll" id="102b97ad-ca70-792c-e4bd-f8d57299bc4c">
      <Css projectStructure="" iteration="" />
      <Owners>
        <Owner name="" />
      </Owners>
      <Execution id="8c0fcdd6-6d6e-414e-a547-ad8ce8f9e7eb" />
      <TestMethod codeBase="C:\Cdo\CodePlex\TxFileManager\ChinhDo.Transactions.FileManagerTest\bin\Debug\ChinhDo.Transactions.FileManagerTest.dll" adapterTypeName="Microsoft.VisualStudio.TestTools.TestTypes.Unit.UnitTestAdapter, Microsoft.VisualStudio.QualityTools.Tips.UnitTest.Adapter, Version=9.0.0.0, Culture=neutral, PublicKeyToken=b03f5f7f11d50a3a" className="ChinhDo.Transactions.FileManagerTest.FileManagerTest, ChinhDo.Transactions.FileManagerTest" name="CanDoMultiThread" />
    </UnitTest>
  </TestDefinitions>
  <TestLists>
    <TestList name="Results Not in a List" id="8c84fa94-04c1-424b-9868-57a2d4851a1d" />
    <TestList name="All Loaded Results" id="19431567-8539-422a-85d7-44ee4e166bda" />
  </TestLists>
  <TestEntries>
    <TestEntry testId="0493ba1c-4c88-2e44-3275-cffb9f7bb64b" executionId="d42b5f0f-bc78-43f6-b8d1-a413f4e66829" testListId="8c84fa94-04c1-424b-9868-57a2d4851a1d" />
    <TestEntry testId="05ad9006-51b8-6711-5ba1-dec35d99a4e9" executionId="162be64e-fc64-4bd2-a78c-21273361becf" testListId="8c84fa94-04c1-424b-9868-57a2d4851a1d" />
    <TestEntry testId="102b97ad-ca70-792c-e4bd-f8d57299bc4c" executionId="8c0fcdd6-6d6e-414e-a547-ad8ce8f9e7eb" testListId="8c84fa94-04c1-424b-9868-57a2d4851a1d" />
    <TestEntry testId="129808c8-4b22-abc8-b07d-fa5da4757c17" executionId="0fb6377d-0a31-42f5-83da-3b3e9253c744" testListId="8c84fa94-04c1-424b-9868-57a2d4851a1d" />
    <TestEntry testId="2006797b-96f3-b8d2-e69b-5b738a9e0ce3" executionId="c89f652c-99be-40c1-8835-dd4f4751301c" testListId="8c84fa94-04c1-424b-9868-57a2d4851a1d" />
    <TestEntry testId="28be67ad-27a6-95a1-3896-cfe7b42cec04" executionId="37824965-fb39-4172-af36-8f248b08cbf9" testListId="8c84fa94-04c1-424b-9868-57a2d4851a1d" />
    <TestEntry testId="3e1e7c49-fea8-dda1-0ccf-8ccd72bfe782" executionId="51c32c3d-15fc-4c45-b1fd-c586e18f817f" testListId="8c84fa94-04c1-424b-9868-57a2d4851a1d" />
    <TestEntry testId="524ba5e4-ee2e-caa0-b515-ca43807b7d4e" executionId="1dc0caa0-3439-468e-81bb-d408355f2f1a" testListId="8c84fa94-04c1-424b-9868-57a2d4851a1d" />
    <TestEntry testId="5ab28f5f-b988-8f56-a50e-a40e7807e4d9" executionId="0e7b9707-3eec-4fdc-bd4e-7fd7c22b1ff8" testListId="8c84fa94-04c1-424b-9868-57a2d4851a1d" />
    <TestEntry testId="6c1f1fc7-c3d8-66ef-8a35-f62bf9786a9b" executionId="974cc219-f788-4db5-a144-27b236252425" testListId="8c84fa94-04c1-424b-9868-57a2d4851a1d" />
    <TestEntry testId="6fecc392-c30e-5f7b-3615-b4cfe7262b04" executionId="bddba549-5aaa-4c83-8a92-713895337e6e" testListId="8c84fa94-04c1-424b-9868-57a2d4851a1d" />
    <TestEntry testId="72f2f819-10c1-d5dc-4916-1e29925832eb" executionId="98618f97-1e41-4d74-b87d-87ac0edcb36d" testListId="8c84fa94-04c1-424b-9868-57a2d4851a1d" />
    <TestEntry testId="8527ade4-4fe8-d67a-1141-2972dd56c9e2" executionId="57866e63-b0b9-4e5c-aa4e-9f0ce6f4153b" testListId="8c84fa94-04c1-424b-9868-57a2d4851a1d" />
    <TestEntry testId="b1e9be15-025d-8f9c-5e70-820dc988c1d4" executionId="1e68009e-ba26-4d44-a03b-b5c91f1e69dc" testListId="8c84fa94-04c1-424b-9868-57a2d4851a1d" />
    <TestEntry testId="bd6b40d8-311c-7954-771d-ba41d4659ca0" executionId="1b0c74a2-8d7a-4cb7-9a0d-87902e0ad5a2" testListId="8c84fa94-04c1-424b-9868-57a2d4851a1d" />
    <TestEntry testId="c2aaf1a3-cdf2-a67e-9e79-74a46ecfdc37" executionId="a6785bb2-f6e4-4995-9e9e-f46468de0684" testListId="8c84fa94-04c1-424b-9868-57a2d4851a1d" />
    <TestEntry testId="dcd77c74-8e1c-4d30-6d5b-a1e5b47c5ef8" executionId="9f5c4f5f-83fd-4324-bfdc-cf01fca8d0ea" testListId="8c84fa94-04c1-424b-9868-57a2d4851a1d" />
    <TestEntry testId="fb8ab088-327e-38c3-a6a0-f97d5c6d7056" executionId="6b9c3f80-6fe0-48bf-9a06-fa14b5f5610a" testListId="8c84fa94-04c1-424b-9868-57a2d4851a1d" />
    <TestEntry testId="fca7f287-37ab-25c7-6968-aa30f91c14a9" executionId="25c97a1b-b163-439d-9dd2-e3f9377f60b0" testListId="8c84fa94-04c1-424b-9868-57a2d4851a1d" />
    <TestEntry testId="fe5b79e7-9bd7-536d-3767-abaaa615374d" executionId="5bad264f-6eb3-42a7-86fd-edea5b8e3137" testListId="8c84fa94-04c1-424b-9868-57a2d4851a1d" />
  </TestEntries>
  <Results>
    <UnitTestResult executionId="d42b5f0f-bc78-43f6-b8d1-a413f4e66829" testId="0493ba1c-4c88-2e44-3275-cffb9f7bb64b" testName="CanDeleteFileAndRollback" computerName="CDOVPC01" duration="00:00:00.0371988" startTime="2010-06-08T17:11:11.5138592-04:00" endTime="2010-06-08T17:11:11.8843920-04:00" testType="13cdc9d9-ddb5-4fa4-a97d-d965ccfc6d4b" outcome="Passed" testListId="8c84fa94-04c1-424b-9868-57a2d4851a1d">
      <Output>
      </Output>
    </UnitTestResult>
    <UnitTestResult executionId="162be64e-fc64-4bd2-a78c-21273361becf" testId="05ad9006-51b8-6711-5ba1-dec35d99a4e9" testName="CanMoveFileAndRollback" computerName="CDOVPC01" duration="00:00:00.0051579" startTime="2010-06-08T17:11:11.8843920-04:00" endTime="2010-06-08T17:11:11.8944064-04:00" testType="13cdc9d9-ddb5-4fa4-a97d-d965ccfc6d4b" outcome="Passed" testListId="8c84fa94-04c1-424b-9868-57a2d4851a1d">
      <Output>
      </Output>
    </UnitTestResult>
    <UnitTestResult executionId="8c0fcdd6-6d6e-414e-a547-ad8ce8f9e7eb" testId="102b97ad-ca70-792c-e4bd-f8d57299bc4c" testName="CanDoMultiThread" computerName="CDOVPC01" duration="00:00:00.2927165" startTime="2010-06-08T17:11:11.8944064-04:00" endTime="2010-06-08T17:11:12.1948384-04:00" testType="13cdc9d9-ddb5-4fa4-a97d-d965ccfc6d4b" outcome="Passed" testListId="8c84fa94-04c1-424b-9868-57a2d4851a1d">
      <Output>
      </Output>
    </UnitTestResult>
    <UnitTestResult executionId="0fb6377d-0a31-42f5-83da-3b3e9253c744" testId="129808c8-4b22-abc8-b07d-fa5da4757c17" testName="CanWriteAllText" computerName="CDOVPC01" duration="00:00:00.0027833" startTime="2010-06-08T17:11:12.1948384-04:00" endTime="2010-06-08T17:11:12.2048528-04:00" testType="13cdc9d9-ddb5-4fa4-a97d-d965ccfc6d4b" outcome="Passed" testListId="8c84fa94-04c1-424b-9868-57a2d4851a1d">
      <Output>
      </Output>
    </UnitTestResult>
    <UnitTestResult executionId="c89f652c-99be-40c1-8835-dd4f4751301c" testId="2006797b-96f3-b8d2-e69b-5b738a9e0ce3" testName="CanCopy" computerName="CDOVPC01" duration="00:00:00.0024760" startTime="2010-06-08T17:11:12.2048528-04:00" endTime="2010-06-08T17:11:12.2148672-04:00" testType="13cdc9d9-ddb5-4fa4-a97d-d965ccfc6d4b" outcome="Passed" testListId="8c84fa94-04c1-424b-9868-57a2d4851a1d">
      <Output>
      </Output>
    </UnitTestResult>
    <UnitTestResult executionId="37824965-fb39-4172-af36-8f248b08cbf9" testId="28be67ad-27a6-95a1-3896-cfe7b42cec04" testName="CanCopyAndRollback" computerName="CDOVPC01" duration="00:00:00.0016340" startTime="2010-06-08T17:11:12.2148672-04:00" endTime="2010-06-08T17:11:12.2248816-04:00" testType="13cdc9d9-ddb5-4fa4-a97d-d965ccfc6d4b" outcome="Passed" testListId="8c84fa94-04c1-424b-9868-57a2d4851a1d">
      <Output>
      </Output>
    </UnitTestResult>
    <UnitTestResult executionId="51c32c3d-15fc-4c45-b1fd-c586e18f817f" testId="3e1e7c49-fea8-dda1-0ccf-8ccd72bfe782" testName="CanAppendTextAndRollback" computerName="CDOVPC01" duration="00:00:00.0015387" startTime="2010-06-08T17:11:12.2248816-04:00" endTime="2010-06-08T17:11:12.2248816-04:00" testType="13cdc9d9-ddb5-4fa4-a97d-d965ccfc6d4b" outcome="Passed" testListId="8c84fa94-04c1-424b-9868-57a2d4851a1d">
      <Output>
      </Output>
    </UnitTestResult>
    <UnitTestResult executionId="1dc0caa0-3439-468e-81bb-d408355f2f1a" testId="524ba5e4-ee2e-caa0-b515-ca43807b7d4e" testName="CanWriteAllTextAndRollback" computerName="CDOVPC01" duration="00:00:00.0026908" startTime="2010-06-08T17:11:12.2348960-04:00" endTime="2010-06-08T17:11:12.2348960-04:00" testType="13cdc9d9-ddb5-4fa4-a97d-d965ccfc6d4b" outcome="Passed" testListId="8c84fa94-04c1-424b-9868-57a2d4851a1d">
      <Output>
      </Output>
    </UnitTestResult>
    <UnitTestResult executionId="0e7b9707-3eec-4fdc-bd4e-7fd7c22b1ff8" testId="5ab28f5f-b988-8f56-a50e-a40e7807e4d9" testName="CanMoveFile" computerName="CDOVPC01" duration="00:00:00.0043318" startTime="2010-06-08T17:11:12.2449104-04:00" endTime="2010-06-08T17:11:12.2449104-04:00" testType="13cdc9d9-ddb5-4fa4-a97d-d965ccfc6d4b" outcome="Passed" testListId="8c84fa94-04c1-424b-9868-57a2d4851a1d">
      <Output>
      </Output>
    </UnitTestResult>
    <UnitTestResult executionId="974cc219-f788-4db5-a144-27b236252425" testId="6c1f1fc7-c3d8-66ef-8a35-f62bf9786a9b" testName="CannotRollback" computerName="CDOVPC01" duration="00:00:00.0079588" startTime="2010-06-08T17:11:12.2549248-04:00" endTime="2010-06-08T17:11:12.2649392-04:00" testType="13cdc9d9-ddb5-4fa4-a97d-d965ccfc6d4b" outcome="Passed" testListId="8c84fa94-04c1-424b-9868-57a2d4851a1d">
      <Output>
      </Output>
    </UnitTestResult>
    <UnitTestResult executionId="bddba549-5aaa-4c83-8a92-713895337e6e" testId="6fecc392-c30e-5f7b-3615-b4cfe7262b04" testName="CanHandleCopyErrors" computerName="CDOVPC01" duration="00:00:00.0030534" startTime="2010-06-08T17:11:12.2649392-04:00" endTime="2010-06-08T17:11:12.2749536-04:00" testType="13cdc9d9-ddb5-4fa4-a97d-d965ccfc6d4b" outcome="Passed" testListId="8c84fa94-04c1-424b-9868-57a2d4851a1d">
      <Output>
      </Output>
    </UnitTestResult>
    <UnitTestResult executionId="98618f97-1e41-4d74-b87d-87ac0edcb36d" testId="72f2f819-10c1-d5dc-4916-1e29925832eb" testName="CanNestTransactions" computerName="CDOVPC01" duration="00:00:00.0032467" startTime="2010-06-08T17:11:12.2749536-04:00" endTime="2010-06-08T17:11:12.2849680-04:00" testType="13cdc9d9-ddb5-4fa4-a97d-d965ccfc6d4b" outcome="Passed" testListId="8c84fa94-04c1-424b-9868-57a2d4851a1d">
      <Output>
      </Output>
    </UnitTestResult>
    <UnitTestResult executionId="57866e63-b0b9-4e5c-aa4e-9f0ce6f4153b" testId="8527ade4-4fe8-d67a-1141-2972dd56c9e2" testName="CanAppendText" computerName="CDOVPC01" duration="00:00:00.0019312" startTime="2010-06-08T17:11:12.2849680-04:00" endTime="2010-06-08T17:11:12.2949824-04:00" testType="13cdc9d9-ddb5-4fa4-a97d-d965ccfc6d4b" outcome="Passed" testListId="8c84fa94-04c1-424b-9868-57a2d4851a1d">
      <Output>
      </Output>
    </UnitTestResult>
    <UnitTestResult executionId="1e68009e-ba26-4d44-a03b-b5c91f1e69dc" testId="b1e9be15-025d-8f9c-5e70-820dc988c1d4" testName="CanSnapshot" computerName="CDOVPC01" duration="00:00:00.0014608" startTime="2010-06-08T17:11:12.2949824-04:00" endTime="2010-06-08T17:11:12.2949824-04:00" testType="13cdc9d9-ddb5-4fa4-a97d-d965ccfc6d4b" outcome="Passed" testListId="8c84fa94-04c1-424b-9868-57a2d4851a1d">
      <Output>
      </Output>
    </UnitTestResult>
    <UnitTestResult executionId="1b0c74a2-8d7a-4cb7-9a0d-87902e0ad5a2" testId="bd6b40d8-311c-7954-771d-ba41d4659ca0" testName="CanSupportTransactionScopeOptionSuppress" computerName="CDOVPC01" duration="00:00:00.0022159" startTime="2010-06-08T17:11:12.3049968-04:00" endTime="2010-06-08T17:11:12.3049968-04:00" testType="13cdc9d9-ddb5-4fa4-a97d-d965ccfc6d4b" outcome="Passed" testListId="8c84fa94-04c1-424b-9868-57a2d4851a1d">
      <Output>
      </Output>
    </UnitTestResult>
    <UnitTestResult executionId="a6785bb2-f6e4-4995-9e9e-f46468de0684" testId="c2aaf1a3-cdf2-a67e-9e79-74a46ecfdc37" testName="CanReuseManager" computerName="CDOVPC01" duration="00:00:00.0040499" startTime="2010-06-08T17:11:12.3150112-04:00" endTime="2010-06-08T17:11:12.3150112-04:00" testType="13cdc9d9-ddb5-4fa4-a97d-d965ccfc6d4b" outcome="Passed" testListId="8c84fa94-04c1-424b-9868-57a2d4851a1d">
      <Output>
      </Output>
    </UnitTestResult>
    <UnitTestResult executionId="9f5c4f5f-83fd-4324-bfdc-cf01fca8d0ea" testId="dcd77c74-8e1c-4d30-6d5b-a1e5b47c5ef8" testName="CannotAppendText" computerName="CDOVPC01" duration="00:00:00.0063432" startTime="2010-06-08T17:11:12.3250256-04:00" endTime="2010-06-08T17:11:12.3350400-04:00" testType="13cdc9d9-ddb5-4fa4-a97d-d965ccfc6d4b" outcome="Passed" testListId="8c84fa94-04c1-424b-9868-57a2d4851a1d">
      <Output>
      </Output>
    </UnitTestResult>
    <UnitTestResult executionId="6b9c3f80-6fe0-48bf-9a06-fa14b5f5610a" testId="fb8ab088-327e-38c3-a6a0-f97d5c6d7056" testName="CanDeleteFile" computerName="CDOVPC01" duration="00:00:00.0019214" startTime="2010-06-08T17:11:12.3350400-04:00" endTime="2010-06-08T17:11:12.3350400-04:00" testType="13cdc9d9-ddb5-4fa4-a97d-d965ccfc6d4b" outcome="Passed" testListId="8c84fa94-04c1-424b-9868-57a2d4851a1d">
      <Output>
      </Output>
    </UnitTestResult>
    <UnitTestResult executionId="25c97a1b-b163-439d-9dd2-e3f9377f60b0" testId="fca7f287-37ab-25c7-6968-aa30f91c14a9" testName="CanCreateDirectory" computerName="CDOVPC01" duration="00:00:00.0016150" startTime="2010-06-08T17:11:12.3450544-04:00" endTime="2010-06-08T17:11:12.3450544-04:00" testType="13cdc9d9-ddb5-4fa4-a97d-d965ccfc6d4b" outcome="Passed" testListId="8c84fa94-04c1-424b-9868-57a2d4851a1d">
      <Output>
      </Output>
    </UnitTestResult>
    <UnitTestResult executionId="5bad264f-6eb3-42a7-86fd-edea5b8e3137" testId="fe5b79e7-9bd7-536d-3767-abaaa615374d" testName="CanCreateDirectoryAndRollback" computerName="CDOVPC01" duration="00:00:00.0015451" startTime="2010-06-08T17:11:12.3550688-04:00" endTime="2010-06-08T17:11:12.3550688-04:00" testType="13cdc9d9-ddb5-4fa4-a97d-d965ccfc6d4b" outcome="Passed" testListId="8c84fa94-04c1-424b-9868-57a2d4851a1d">
      <Output>
      </Output>
    </UnitTestResult>
  </Results>
</TestRun>