<?xml version="1.0" encoding="UTF-8"?>
<TestRun id="6d0b8609-8844-43e2-acac-936cd5c5cb51" name="Cdo@CDOVPC01 2010-06-08 16:12:10" runUser="CDOVPC01\Cdo" xmlns="http://microsoft.com/schemas/VisualStudio/TeamTest/2006">
  <TestRunConfiguration name="Local Test Run" id="a8a2e672-9ca4-4527-a674-628eb5bad686">
    <Description>This is a default test run configuration for a local test run.</Description>
    <Timeouts testTimeout="300000" />
    <Deployment runDeploymentRoot="C:\Cdo\CodePlex\TxFileManager\TestResults\Cdo_CDOVPC01 2010-06-08 16_12_10">
      <DeploymentItem filename="C:\Cdo\CodePlex\TxFileManager\ChinhDo.Transactions.FileManager\bin\Debug\ChinhDo.Transactions.dll" />
    </Deployment>
    <TestTypeSpecific />
  </TestRunConfiguration>
  <ResultSummary outcome="Failed">
    <Counters total="1" executed="1" error="0" failed="1" timeout="0" aborted="0" inconclusive="0" passedButRunAborted="0" notRunnable="0" notExecuted="0" disconnected="0" warning="0" passed="0" completed="0" inProgress="0" pending="0" />
  </ResultSummary>
  <Times creation="2010-06-08T16:12:10.8125808-04:00" queuing="2010-06-08T16:12:11.5937040-04:00" start="2010-06-08T16:12:11.9942800-04:00" finish="2010-06-08T16:12:12.7754032-04:00" />
  <TestDefinitions>
    <UnitTest name="CanHandleCopyError" storage="c:\cdo\codeplex\txfilemanager\chinhdo.transactions.filemanagertest\bin\debug\chinhdo.transactions.filemanagertest.dll" id="fe051ae0-8816-5b8d-e59a-5587705dfa7e">
      <Css projectStructure="" iteration="" />
      <Owners>
        <Owner name="" />
      </Owners>
      <Execution id="d2563643-9ce8-450c-8f50-8204e975a928" />
      <TestMethod codeBase="C:\Cdo\CodePlex\TxFileManager\ChinhDo.Transactions.FileManagerTest\bin\Debug\ChinhDo.Transactions.FileManagerTest.dll" adapterTypeName="Microsoft.VisualStudio.TestTools.TestTypes.Unit.UnitTestAdapter, Microsoft.VisualStudio.QualityTools.Tips.UnitTest.Adapter, Version=9.0.0.0, Culture=neutral, PublicKeyToken=b03f5f7f11d50a3a" className="ChinhDo.Transactions.FileManagerTest.FileManagerTest, ChinhDo.Transactions.FileManagerTest" name="CanHandleCopyError" />
    </UnitTest>
  </TestDefinitions>
  <TestLists>
    <TestList name="Results Not in a List" id="8c84fa94-04c1-424b-9868-57a2d4851a1d" />
    <TestList name="All Loaded Results" id="19431567-8539-422a-85d7-44ee4e166bda" />
  </TestLists>
  <TestEntries>
    <TestEntry testId="fe051ae0-8816-5b8d-e59a-5587705dfa7e" executionId="d2563643-9ce8-450c-8f50-8204e975a928" testListId="8c84fa94-04c1-424b-9868-57a2d4851a1d" />
  </TestEntries>
  <Results>
    <UnitTestResult executionId="d2563643-9ce8-450c-8f50-8204e975a928" testId="fe051ae0-8816-5b8d-e59a-5587705dfa7e" testName="CanHandleCopyError" computerName="CDOVPC01" duration="00:00:00.0980339" startTime="2010-06-08T16:12:12.0743952-04:00" endTime="2010-06-08T16:12:12.6352016-04:00" testType="13cdc9d9-ddb5-4fa4-a97d-d965ccfc6d4b" outcome="Failed" testListId="8c84fa94-04c1-424b-9868-57a2d4851a1d">
      <Output>
        <ErrorInfo>
          <Message>Test method ChinhDo.Transactions.FileManagerTest.FileManagerTest.CanHandleCopyError threw exception:  System.IO.FileNotFoundException: Could not find file 'C:\Documents and Settings\Chinh Do\Local Settings\Temp\CdFileMgr\-1f533d00.tmp'..</Message>
          <StackTrace>    at System.IO.__Error.WinIOError(Int32 errorCode, String maybeFullPath)
   at System.IO.File.InternalCopy(String sourceFileName, String destFileName, Boolean overwrite)
   at System.IO.File.Copy(String sourceFileName, String destFileName, Boolean overwrite)
   at ChinhDo.Transactions.TxFileManager.TxEnlistment.Copy(String sourceFileName, String destFileName, Boolean overwrite) in C:\Cdo\CodePlex\TxFileManager\ChinhDo.Transactions.FileManager\TxEnlistment.cs:line 77
   at ChinhDo.Transactions.TxFileManager.Copy(String sourceFileName, String destFileName, Boolean overwrite) in C:\Cdo\CodePlex\TxFileManager\ChinhDo.Transactions.FileManager\TxFileManager.cs:line 66
   at ChinhDo.Transactions.FileManagerTest.FileManagerTest.CanHandleCopyError() in C:\Cdo\CodePlex\TxFileManager\ChinhDo.Transactions.FileManagerTest\FileManagerTest.cs:line 349
</StackTrace>
        </ErrorInfo>
      </Output>
    </UnitTestResult>
  </Results>
</TestRun>