<?xml version="1.0" encoding="UTF-8"?>
<TestRun id="15e36b3f-4b5d-4014-8165-e19abe17e23f" name="Cdo@CDOVPC01 2010-06-08 16:55:23" runUser="CDOVPC01\Cdo" xmlns="http://microsoft.com/schemas/VisualStudio/TeamTest/2006">
  <TestRunConfiguration name="Local Test Run" id="a8a2e672-9ca4-4527-a674-628eb5bad686">
    <Description>This is a default test run configuration for a local test run.</Description>
    <Timeouts testTimeout="300000" />
    <Deployment runDeploymentRoot="C:\Cdo\CodePlex\TxFileManager\TestResults\Cdo_CDOVPC01 2010-06-08 16_55_23">
      <DeploymentItem filename="C:\Cdo\CodePlex\TxFileManager\ChinhDo.Transactions.FileManager\bin\Debug\ChinhDo.Transactions.dll" />
    </Deployment>
    <TestTypeSpecific />
  </TestRunConfiguration>
  <ResultSummary outcome="Completed">
    <Counters total="20" executed="20" passed="20" error="0" failed="0" timeout="0" aborted="0" inconclusive="0" passedButRunAborted="0" notRunnable="0" notExecuted="0" disconnected="0" warning="0" completed="0" inProgress="0" pending="0" />
  </ResultSummary>
  <Times creation="2010-06-08T16:55:23.4906688-04:00" queuing="2010-06-08T16:55:23.7210000-04:00" start="2010-06-08T16:55:23.7810864-04:00" finish="2010-06-08T16:55:24.6222960-04:00" />
  <TestDefinitions>
    <UnitTest name="CanCreateDirectoryAndRollback" storage="c:\cdo\codeplex\txfilemanager\chinhdo.transactions.filemanagertest\bin\debug\chinhdo.transactions.filemanagertest.dll" id="fe5b79e7-9bd7-536d-3767-abaaa615374d">
      <Css projectStructure="" iteration="" />
      <Owners>
        <Owner name="" />
      </Owners>
      <Execution id="79de618d-0778-4867-99c3-a62e970720b4" />
      <TestMethod codeBase="C:\Cdo\CodePlex\TxFileManager\ChinhDo.Transactions.FileManagerTest\bin\Debug\ChinhDo.Transactions.FileManagerTest.dll" adapterTypeName="Microsoft.VisualStudio.TestTools.TestTypes.Unit.UnitTestAdapter, Microsoft.VisualStudio.QualityTools.Tips.UnitTest.Adapter, Version=9.0.0.0, Culture=neutral, PublicKeyToken=b03f5f7f11d50a3a" className="ChinhDo.Transactions.FileManagerTest.FileManagerTest, ChinhDo.Transactions.FileManagerTest" name="CanCreateDirectoryAndRollback" />
    </UnitTest>
    <UnitTest name="CanNestTransactions" storage="c:\cdo\codeplex\txfilemanager\chinhdo.transactions.filemanagertest\bin\debug\chinhdo.transactions.filemanagertest.dll" id="72f2f819-10c1-d5dc-4916-1e29925832eb">
      <Css projectStructure="" iteration="" />
      <Owners>
        <Owner name="" />
      </Owners>
      <Execution id="a16dc9b4-6e30-4782-a5c9-58953818263f" />
      <TestMethod codeBase="C:\Cdo\CodePlex\TxFileManager\ChinhDo.Transactions.FileManagerTest\bin\Debug\ChinhDo.Transactions.FileManagerTest.dll" adapterTypeName="Microsoft.VisualStudio.TestTools.TestTypes.Unit.UnitTestAdapter, Microsoft.VisualStudio.QualityTools.Tips.UnitTest.Adapter, Version=9.0.0.0, Culture=neutral, PublicKeyToken=b03f5f7f11d50a3a" className="ChinhDo.Transactions.FileManagerTest.FileManagerTest, ChinhDo.Transactions.FileManagerTest" name="CanNestTransactions" />
    </UnitTest>
    <UnitTest name="CannotRollback" storage="c:\cdo\codeplex\txfilemanager\chinhdo.transactions.filemanagertest\bin\debug\chinhdo.transactions.filemanagertest.dll" id="6c1f1fc7-c3d8-66ef-8a35-f62bf9786a9b">
      <Css projectStructure="" iteration="" />
      <Owners>
        <Owner name="" />
      </Owners>
      <Execution id="e9996bbf-3f55-4c86-9317-5e7d1f0cc705" />
      <TestMethod codeBase="C:\Cdo\CodePlex\TxFileManager\ChinhDo.Transactions.FileManagerTest\bin\Debug\ChinhDo.Transactions.FileManagerTest.dll" adapterTypeName="Microsoft.VisualStudio.TestTools.TestTypes.Unit.UnitTestAdapter, Microsoft.VisualStudio.QualityTools.Tips.UnitTest.Adapter, Version=9.0.0.0, Culture=neutral, PublicKeyToken=b03f5f7f11d50a3a" className="ChinhDo.Transactions.FileManagerTest.FileManagerTest, ChinhDo.Transactions.FileManagerTest" name="CannotRollback" />
    </UnitTest>
    <UnitTest name="CanReuseManager" storage="c:\cdo\codeplex\txfilemanager\chinhdo.transactions.filemanagertest\bin\debug\chinhdo.transactions.filemanagertest.dll" id="c2aaf1a3-cdf2-a67e-9e79-74a46ecfdc37">
      <Css projectStructure="" iteration="" />
      <Owners>
        <Owner name="" />
      </Owners>
      <Execution id="2db9a27b-344b-466a-9444-3d9e3796d174" />
      <TestMethod codeBase="C:\Cdo\CodePlex\TxFileManager\ChinhDo.Transactions.FileManagerTest\bin\Debug\ChinhDo.Transactions.FileManagerTest.dll" adapterTypeName="Microsoft.VisualStudio.TestTools.TestTypes.Unit.UnitTestAdapter, Microsoft.VisualStudio.QualityTools.Tips.UnitTest.Adapter, Version=9.0.0.0, Culture=neutral, PublicKeyToken=b03f5f7f11d50a3a" className="ChinhDo.Transactions.FileManagerTest.FileManagerTest, ChinhDo.Transactions.FileManagerTest" name="CanReuseManager" />
    </UnitTest>
    <UnitTest name="CanCreateDirectory" storage="c:\cdo\codeplex\txfilemanager\chinhdo.transactions.filemanagertest\bin\debug\chinhdo.transactions.filemanagertest.dll" id="fca7f287-37ab-25c7-6968-aa30f91c14a9">
      <Css projectStructure="" iteration="" />
      <Owners>
        <Owner name="" />
      </Owners>
      <Execution id="f5b5c234-2583-450a-9d7a-f4199923a039" />
      <TestMethod codeBase="C:\Cdo\CodePlex\TxFileManager\ChinhDo.Transactions.FileManagerTest\bin\Debug\ChinhDo.Transactions.FileManagerTest.dll" adapterTypeName="Microsoft.VisualStudio.TestTools.TestTypes.Unit.UnitTestAdapter, Microsoft.VisualStudio.QualityTools.Tips.UnitTest.Adapter, Version=9.0.0.0, Culture=neutral, PublicKeyToken=b03f5f7f11d50a3a" className="ChinhDo.Transactions.FileManagerTest.FileManagerTest, ChinhDo.Transactions.FileManagerTest" name="CanCreateDirectory" />
    </UnitTest>
    <UnitTest name="CanMoveFile" storage="c:\cdo\codeplex\txfilemanager\chinhdo.transactions.filemanagertest\bin\debug\chinhdo.transactions.filemanagertest.dll" id="5ab28f5f-b988-8f56-a50e-a40e7807e4d9">
      <Css projectStructure="" iteration="" />
      <Owners>
        <Owner name="" />
      </Owners>
      <Execution id="f88cfe1f-aee0-4819-aca6-966e0f0bf817" />
      <TestMethod codeBase="C:\Cdo\CodePlex\TxFileManager\ChinhDo.Transactions.FileManagerTest\bin\Debug\ChinhDo.Transactions.FileManagerTest.dll" adapterTypeName="Microsoft.VisualStudio.TestTools.TestTypes.Unit.UnitTestAdapter, Microsoft.VisualStudio.QualityTools.Tips.UnitTest.Adapter, Version=9.0.0.0, Culture=neutral, PublicKeyToken=b03f5f7f11d50a3a" className="ChinhDo.Transactions.FileManagerTest.FileManagerTest, ChinhDo.Transactions.FileManagerTest" name="CanMoveFile" />
    </UnitTest>
    <UnitTest name="CannotAppendText" storage="c:\cdo\codeplex\txfilemanager\chinhdo.transactions.filemanagertest\bin\debug\chinhdo.transactions.filemanagertest.dll" id="dcd77c74-8e1c-4d30-6d5b-a1e5b47c5ef8">
      <Css projectStructure="" iteration="" />
      <Owners>
        <Owner name="" />
      </Owners>
      <Execution id="069ae52d-a258-4c53-9043-7f4a44de2915" />
      <TestMethod codeBase="C:\Cdo\CodePlex\TxFileManager\ChinhDo.Transactions.FileManagerTest\bin\Debug\ChinhDo.Transactions.FileManagerTest.dll" adapterTypeName="Microsoft.VisualStudio.TestTools.TestTypes.Unit.UnitTestAdapter, Microsoft.VisualStudio.QualityTools.Tips.UnitTest.Adapter, Version=9.0.0.0, Culture=neutral, PublicKeyToken=b03f5f7f11d50a3a" className="ChinhDo.Transactions.FileManagerTest.FileManagerTest, ChinhDo.Transactions.FileManagerTest" name="CannotAppendText" />
    </UnitTest>
    <UnitTest name="CanWriteAllTextAndRollback" storage="c:\cdo\codeplex\txfilemanager\chinhdo.transactions.filemanagertest\bin\debug\chinhdo.transactions.filemanagertest.dll" id="524ba5e4-ee2e-caa0-b515-ca43807b7d4e">
      <Css projectStructure="" iteration="" />
      <Owners>
        <Owner name="" />
      </Owners>
      <Execution id="56f2a77e-95ec-421d-bf1a-d9a77d10d2ae" />
      <TestMethod codeBase="C:\Cdo\CodePlex\TxFileManager\ChinhDo.Transactions.FileManagerTest\bin\Debug\ChinhDo.Transactions.FileManagerTest.dll" adapterTypeName="Microsoft.VisualStudio.TestTools.TestTypes.Unit.UnitTestAdapter, Microsoft.VisualStudio.QualityTools.Tips.UnitTest.Adapter, Version=9.0.0.0, Culture=neutral, PublicKeyToken=b03f5f7f11d50a3a" className="ChinhDo.Transactions.FileManagerTest.FileManagerTest, ChinhDo.Transactions.FileManagerTest" name="CanWriteAllTextAndRollback" />
    </UnitTest>
    <UnitTest name="CanCopy" storage="c:\cdo\codeplex\txfilemanager\chinhdo.transactions.filemanagertest\bin\debug\chinhdo.transactions.filemanagertest.dll" id="2006797b-96f3-b8d2-e69b-5b738a9e0ce3">
      <Css projectStructure="" iteration="" />
      <Owners>
        <Owner name="" />
      </Owners>
      <Execution id="cb855b8e-9584-410d-9f47-55cb0338668d" />
      <TestMethod codeBase="C:\Cdo\CodePlex\TxFileManager\ChinhDo.Transactions.FileManagerTest\bin\Debug\ChinhDo.Transactions.FileManagerTest.dll" adapterTypeName="Microsoft.VisualStudio.TestTools.TestTypes.Unit.UnitTestAdapter, Microsoft.VisualStudio.QualityTools.Tips.UnitTest.Adapter, Version=9.0.0.0, Culture=neutral, PublicKeyToken=b03f5f7f11d50a3a" className="ChinhDo.Transactions.FileManagerTest.FileManagerTest, ChinhDo.Transactions.FileManagerTest" name="CanCopy" />
    </UnitTest>
    <UnitTest name="CanHandleCopyErrors" storage="c:\cdo\codeplex\txfilemanager\chinhdo.transactions.filemanagertest\bin\debug\chinhdo.transactions.filemanagertest.dll" id="6fecc392-c30e-5f7b-3615-b4cfe7262b04">
      <Css projectStructure="" iteration="" />
      <Owners>
        <Owner name="" />
      </Owners>
      <Execution id="8868d9d7-38b2-48a1-a106-f90153d33d4b" />
      <TestMethod codeBase="C:\Cdo\CodePlex\TxFileManager\ChinhDo.Transactions.FileManagerTest\bin\Debug\ChinhDo.Transactions.FileManagerTest.dll" adapterTypeName="Microsoft.VisualStudio.TestTools.TestTypes.Unit.UnitTestAdapter, Microsoft.VisualStudio.QualityTools.Tips.UnitTest.Adapter, Version=9.0.0.0, Culture=neutral, PublicKeyToken=b03f5f7f11d50a3a" className="ChinhDo.Transactions.FileManagerTest.FileManagerTest, ChinhDo.Transactions.FileManagerTest" name="CanHandleCopyErrors" />
    </UnitTest>
    <UnitTest name="CanSupportTransactionScopeOptionSuppress" storage="c:\cdo\codeplex\txfilemanager\chinhdo.transactions.filemanagertest\bin\debug\chinhdo.transactions.filemanagertest.dll" id="bd6b40d8-311c-7954-771d-ba41d4659ca0">
      <Css projectStructure="" iteration="" />
      <Owners>
        <Owner name="" />
      </Owners>
      <Execution id="d5a84a7c-c8b3-4839-ad08-bb6ebd90dcf5" />
      <TestMethod codeBase="C:\Cdo\CodePlex\TxFileManager\ChinhDo.Transactions.FileManagerTest\bin\Debug\ChinhDo.Transactions.FileManagerTest.dll" adapterTypeName="Microsoft.VisualStudio.TestTools.TestTypes.Unit.UnitTestAdapter, Microsoft.VisualStudio.QualityTools.Tips.UnitTest.Adapter, Version=9.0.0.0, Culture=neutral, PublicKeyToken=b03f5f7f11d50a3a" className="ChinhDo.Transactions.FileManagerTest.FileManagerTest, ChinhDo.Transactions.FileManagerTest" name="CanSupportTransactionScopeOptionSuppress" />
    </UnitTest>
    <UnitTest name="CanDeleteFile" storage="c:\cdo\codeplex\txfilemanager\chinhdo.transactions.filemanagertest\bin\debug\chinhdo.transactions.filemanagertest.dll" id="fb8ab088-327e-38c3-a6a0-f97d5c6d7056">
      <Css projectStructure="" iteration="" />
      <Owners>
        <Owner name="" />
      </Owners>
      <Execution id="e2c1a872-b9d4-4015-880f-6b665df21091" />
      <TestMethod codeBase="C:\Cdo\CodePlex\TxFileManager\ChinhDo.Transactions.FileManagerTest\bin\Debug\ChinhDo.Transactions.FileManagerTest.dll" adapterTypeName="Microsoft.VisualStudio.TestTools.TestTypes.Unit.UnitTestAdapter, Microsoft.VisualStudio.QualityTools.Tips.UnitTest.Adapter, Version=9.0.0.0, Culture=neutral, PublicKeyToken=b03f5f7f11d50a3a" className="ChinhDo.Transactions.FileManagerTest.FileManagerTest, ChinhDo.Transactions.FileManagerTest" name="CanDeleteFile" />
    </UnitTest>
    <UnitTest name="CanMoveFileAndRollback" storage="c:\cdo\codeplex\txfilemanager\chinhdo.transactions.filemanagertest\bin\debug\chinhdo.transactions.filemanagertest.dll" id="05ad9006-51b8-6711-5ba1-dec35d99a4e9">
      <Css projectStructure="" iteration="" />
      <Owners>
        <Owner name="" />
      </Owners>
      <Execution id="59929b2f-13fb-4880-ac83-356b09a74163" />
      <TestMethod codeBase="C:\Cdo\CodePlex\TxFileManager\ChinhDo.Transactions.FileManagerTest\bin\Debug\ChinhDo.Transactions.FileManagerTest.dll" adapterTypeName="Microsoft.VisualStudio.TestTools.TestTypes.Unit.UnitTestAdapter, Microsoft.VisualStudio.QualityTools.Tips.UnitTest.Adapter, Version=9.0.0.0, Culture=neutral, PublicKeyToken=b03f5f7f11d50a3a" className="ChinhDo.Transactions.FileManagerTest.FileManagerTest, ChinhDo.Transactions.FileManagerTest" name="CanMoveFileAndRollback" />
    </UnitTest>
    <UnitTest name="CanCopyAndRollback" storage="c:\cdo\codeplex\txfilemanager\chinhdo.transactions.filemanagertest\bin\debug\chinhdo.transactions.filemanagertest.dll" id="28be67ad-27a6-95a1-3896-cfe7b42cec04">
      <Css projectStructure="" iteration="" />
      <Owners>
        <Owner name="" />
      </Owners>
      <Execution id="fccabf76-02ad-450e-a295-fabed2d21805" />
      <TestMethod codeBase="C:\Cdo\CodePlex\TxFileManager\ChinhDo.Transactions.FileManagerTest\bin\Debug\ChinhDo.Transactions.FileManagerTest.dll" adapterTypeName="Microsoft.VisualStudio.TestTools.TestTypes.Unit.UnitTestAdapter, Microsoft.VisualStudio.QualityTools.Tips.UnitTest.Adapter, Version=9.0.0.0, Culture=neutral, PublicKeyToken=b03f5f7f11d50a3a" className="ChinhDo.Transactions.FileManagerTest.FileManagerTest, ChinhDo.Transactions.FileManagerTest" name="CanCopyAndRollback" />
    </UnitTest>
    <UnitTest name="CanDeleteFileAndRollback" storage="c:\cdo\codeplex\txfilemanager\chinhdo.transactions.filemanagertest\bin\debug\chinhdo.transactions.filemanagertest.dll" id="0493ba1c-4c88-2e44-3275-cffb9f7bb64b">
      <Css projectStructure="" iteration="" />
      <Owners>
        <Owner name="" />
      </Owners>
      <Execution id="62d7d079-f4ae-4db5-99c9-d90f7f582611" />
      <TestMethod codeBase="C:\Cdo\CodePlex\TxFileManager\ChinhDo.Transactions.FileManagerTest\bin\Debug\ChinhDo.Transactions.FileManagerTest.dll" adapterTypeName="Microsoft.VisualStudio.TestTools.TestTypes.Unit.UnitTestAdapter, Microsoft.VisualStudio.QualityTools.Tips.UnitTest.Adapter, Version=9.0.0.0, Culture=neutral, PublicKeyToken=b03f5f7f11d50a3a" className="ChinhDo.Transactions.FileManagerTest.FileManagerTest, ChinhDo.Transactions.FileManagerTest" name="CanDeleteFileAndRollback" />
    </UnitTest>
    <UnitTest name="CanAppendTextAndRollback" storage="c:\cdo\codeplex\txfilemanager\chinhdo.transactions.filemanagertest\bin\debug\chinhdo.transactions.filemanagertest.dll" id="3e1e7c49-fea8-dda1-0ccf-8ccd72bfe782">
      <Css projectStructure="" iteration="" />
      <Owners>
        <Owner name="" />
      </Owners>
      <Execution id="40813842-5528-473f-9527-f0b18e257d2d" />
      <TestMethod codeBase="C:\Cdo\CodePlex\TxFileManager\ChinhDo.Transactions.FileManagerTest\bin\Debug\ChinhDo.Transactions.FileManagerTest.dll" adapterTypeName="Microsoft.VisualStudio.TestTools.TestTypes.Unit.UnitTestAdapter, Microsoft.VisualStudio.QualityTools.Tips.UnitTest.Adapter, Version=9.0.0.0, Culture=neutral, PublicKeyToken=b03f5f7f11d50a3a" className="ChinhDo.Transactions.FileManagerTest.FileManagerTest, ChinhDo.Transactions.FileManagerTest" name="CanAppendTextAndRollback" />
    </UnitTest>
    <UnitTest name="CanSnapshot" storage="c:\cdo\codeplex\txfilemanager\chinhdo.transactions.filemanagertest\bin\debug\chinhdo.transactions.filemanagertest.dll" id="b1e9be15-025d-8f9c-5e70-820dc988c1d4">
      <Css projectStructure="" iteration="" />
      <Owners>
        <Owner name="" />
      </Owners>
      <Execution id="2d74ad41-7e23-4892-8304-1a713d03f97c" />
      <TestMethod codeBase="C:\Cdo\CodePlex\TxFileManager\ChinhDo.Transactions.FileManagerTest\bin\Debug\ChinhDo.Transactions.FileManagerTest.dll" adapterTypeName="Microsoft.VisualStudio.TestTools.TestTypes.Unit.UnitTestAdapter, Microsoft.VisualStudio.QualityTools.Tips.UnitTest.Adapter, Version=9.0.0.0, Culture=neutral, PublicKeyToken=b03f5f7f11d50a3a" className="ChinhDo.Transactions.FileManagerTest.FileManagerTest, ChinhDo.Transactions.FileManagerTest" name="CanSnapshot" />
    </UnitTest>
    <UnitTest name="CanAppendText" storage="c:\cdo\codeplex\txfilemanager\chinhdo.transactions.filemanagertest\bin\debug\chinhdo.transactions.filemanagertest.dll" id="8527ade4-4fe8-d67a-1141-2972dd56c9e2">
      <Css projectStructure="" iteration="" />
      <Owners>
        <Owner name="" />
      </Owners>
      <Execution id="42b87937-d9f3-482d-ad76-19d65d931505" />
      <TestMethod codeBase="C:\Cdo\CodePlex\TxFileManager\ChinhDo.Transactions.FileManagerTest\bin\Debug\ChinhDo.Transactions.FileManagerTest.dll" adapterTypeName="Microsoft.VisualStudio.TestTools.TestTypes.Unit.UnitTestAdapter, Microsoft.VisualStudio.QualityTools.Tips.UnitTest.Adapter, Version=9.0.0.0, Culture=neutral, PublicKeyToken=b03f5f7f11d50a3a" className="ChinhDo.Transactions.FileManagerTest.FileManagerTest, ChinhDo.Transactions.FileManagerTest" name="CanAppendText" />
    </UnitTest>
    <UnitTest name="CanWriteAllText" storage="c:\cdo\codeplex\txfilemanager\chinhdo.transactions.filemanagertest\bin\debug\chinhdo.transactions.filemanagertest.dll" id="129808c8-4b22-abc8-b07d-fa5da4757c17">
      <Css projectStructure="" iteration="" />
      <Owners>
        <Owner name="" />
      </Owners>
      <Execution id="ea27a7c8-f108-4801-a7bc-b4a33199f361" />
      <TestMethod codeBase="C:\Cdo\CodePlex\TxFileManager\ChinhDo.Transactions.FileManagerTest\bin\Debug\ChinhDo.Transactions.FileManagerTest.dll" adapterTypeName="Microsoft.VisualStudio.TestTools.TestTypes.Unit.UnitTestAdapter, Microsoft.VisualStudio.QualityTools.Tips.UnitTest.Adapter, Version=9.0.0.0, Culture=neutral, PublicKeyToken=b03f5f7f11d50a3a" className="ChinhDo.Transactions.FileManagerTest.FileManagerTest, ChinhDo.Transactions.FileManagerTest" name="CanWriteAllText" />
    </UnitTest>
    <UnitTest name="CanDoMultiThread" storage="c:\cdo\codeplex\txfilemanager\chinhdo.transactions.filemanagertest\bin\debug\chinhdo.transactions.filemanagertest.dll" id="102b97ad-ca70-792c-e4bd-f8d57299bc4c">
      <Css projectStructure="" iteration="" />
      <Owners>
        <Owner name="" />
      </Owners>
      <Execution id="a9c5bf4d-6d94-49f5-a006-6358ca75db49" />
      <TestMethod codeBase="C:\Cdo\CodePlex\TxFileManager\ChinhDo.Transactions.FileManagerTest\bin\Debug\ChinhDo.Transactions.FileManagerTest.dll" adapterTypeName="Microsoft.VisualStudio.TestTools.TestTypes.Unit.UnitTestAdapter, Microsoft.VisualStudio.QualityTools.Tips.UnitTest.Adapter, Version=9.0.0.0, Culture=neutral, PublicKeyToken=b03f5f7f11d50a3a" className="ChinhDo.Transactions.FileManagerTest.FileManagerTest, ChinhDo.Transactions.FileManagerTest" name="CanDoMultiThread" />
    </UnitTest>
  </TestDefinitions>
  <TestLists>
    <TestList name="Results Not in a List" id="8c84fa94-04c1-424b-9868-57a2d4851a1d" />
    <TestList name="All Loaded Results" id="19431567-8539-422a-85d7-44ee4e166bda" />
  </TestLists>
  <TestEntries>
    <TestEntry testId="0493ba1c-4c88-2e44-3275-cffb9f7bb64b" executionId="62d7d079-f4ae-4db5-99c9-d90f7f582611" testListId="8c84fa94-04c1-424b-9868-57a2d4851a1d" />
    <TestEntry testId="05ad9006-51b8-6711-5ba1-dec35d99a4e9" executionId="59929b2f-13fb-4880-ac83-356b09a74163" testListId="8c84fa94-04c1-424b-9868-57a2d4851a1d" />
    <TestEntry testId="102b97ad-ca70-792c-e4bd-f8d57299bc4c" executionId="a9c5bf4d-6d94-49f5-a006-6358ca75db49" testListId="8c84fa94-04c1-424b-9868-57a2d4851a1d" />
    <TestEntry testId="129808c8-4b22-abc8-b07d-fa5da4757c17" executionId="ea27a7c8-f108-4801-a7bc-b4a33199f361" testListId="8c84fa94-04c1-424b-9868-57a2d4851a1d" />
    <TestEntry testId="2006797b-96f3-b8d2-e69b-5b738a9e0ce3" executionId="cb855b8e-9584-410d-9f47-55cb0338668d" testListId="8c84fa94-04c1-424b-9868-57a2d4851a1d" />
    <TestEntry testId="28be67ad-27a6-95a1-3896-cfe7b42cec04" executionId="fccabf76-02ad-450e-a295-fabed2d21805" testListId="8c84fa94-04c1-424b-9868-57a2d4851a1d" />
    <TestEntry testId="3e1e7c49-fea8-dda1-0ccf-8ccd72bfe782" executionId="40813842-5528-473f-9527-f0b18e257d2d" testListId="8c84fa94-04c1-424b-9868-57a2d4851a1d" />
    <TestEntry testId="524ba5e4-ee2e-caa0-b515-ca43807b7d4e" executionId="56f2a77e-95ec-421d-bf1a-d9a77d10d2ae" testListId="8c84fa94-04c1-424b-9868-57a2d4851a1d" />
    <TestEntry testId="5ab28f5f-b988-8f56-a50e-a40e7807e4d9" executionId="f88cfe1f-aee0-4819-aca6-966e0f0bf817" testListId="8c84fa94-04c1-424b-9868-57a2d4851a1d" />
    <TestEntry testId="6c1f1fc7-c3d8-66ef-8a35-f62bf9786a9b" executionId="e9996bbf-3f55-4c86-9317-5e7d1f0cc705" testListId="8c84fa94-04c1-424b-9868-57a2d4851a1d" />
    <TestEntry testId="6fecc392-c30e-5f7b-3615-b4cfe7262b04" executionId="8868d9d7-38b2-48a1-a106-f90153d33d4b" testListId="8c84fa94-04c1-424b-9868-57a2d4851a1d" />
    <TestEntry testId="72f2f819-10c1-d5dc-4916-1e29925832eb" executionId="a16dc9b4-6e30-4782-a5c9-58953818263f" testListId="8c84fa94-04c1-424b-9868-57a2d4851a1d" />
    <TestEntry testId="8527ade4-4fe8-d67a-1141-2972dd56c9e2" executionId="42b87937-d9f3-482d-ad76-19d65d931505" testListId="8c84fa94-04c1-424b-9868-57a2d4851a1d" />
    <TestEntry testId="b1e9be15-025d-8f9c-5e70-820dc988c1d4" executionId="2d74ad41-7e23-4892-8304-1a713d03f97c" testListId="8c84fa94-04c1-424b-9868-57a2d4851a1d" />
    <TestEntry testId="bd6b40d8-311c-7954-771d-ba41d4659ca0" executionId="d5a84a7c-c8b3-4839-ad08-bb6ebd90dcf5" testListId="8c84fa94-04c1-424b-9868-57a2d4851a1d" />
    <TestEntry testId="c2aaf1a3-cdf2-a67e-9e79-74a46ecfdc37" executionId="2db9a27b-344b-466a-9444-3d9e3796d174" testListId="8c84fa94-04c1-424b-9868-57a2d4851a1d" />
    <TestEntry testId="dcd77c74-8e1c-4d30-6d5b-a1e5b47c5ef8" executionId="069ae52d-a258-4c53-9043-7f4a44de2915" testListId="8c84fa94-04c1-424b-9868-57a2d4851a1d" />
    <TestEntry testId="fb8ab088-327e-38c3-a6a0-f97d5c6d7056" executionId="e2c1a872-b9d4-4015-880f-6b665df21091" testListId="8c84fa94-04c1-424b-9868-57a2d4851a1d" />
    <TestEntry testId="fca7f287-37ab-25c7-6968-aa30f91c14a9" executionId="f5b5c234-2583-450a-9d7a-f4199923a039" testListId="8c84fa94-04c1-424b-9868-57a2d4851a1d" />
    <TestEntry testId="fe5b79e7-9bd7-536d-3767-abaaa615374d" executionId="79de618d-0778-4867-99c3-a62e970720b4" testListId="8c84fa94-04c1-424b-9868-57a2d4851a1d" />
  </TestEntries>
  <Results>
    <UnitTestResult executionId="62d7d079-f4ae-4db5-99c9-d90f7f582611" testId="0493ba1c-4c88-2e44-3275-cffb9f7bb64b" testName="CanDeleteFileAndRollback" computerName="CDOVPC01" duration="00:00:00.0465204" startTime="2010-06-08T16:55:23.8111296-04:00" endTime="2010-06-08T16:55:24.1916768-04:00" testType="13cdc9d9-ddb5-4fa4-a97d-d965ccfc6d4b" outcome="Passed" testListId="8c84fa94-04c1-424b-9868-57a2d4851a1d">
      <Output>
      </Output>
    </UnitTestResult>
    <UnitTestResult executionId="59929b2f-13fb-4880-ac83-356b09a74163" testId="05ad9006-51b8-6711-5ba1-dec35d99a4e9" testName="CanMoveFileAndRollback" computerName="CDOVPC01" duration="00:00:00.0049450" startTime="2010-06-08T16:55:24.1916768-04:00" endTime="2010-06-08T16:55:24.2016912-04:00" testType="13cdc9d9-ddb5-4fa4-a97d-d965ccfc6d4b" outcome="Passed" testListId="8c84fa94-04c1-424b-9868-57a2d4851a1d">
      <Output>
      </Output>
    </UnitTestResult>
    <UnitTestResult executionId="a9c5bf4d-6d94-49f5-a006-6358ca75db49" testId="102b97ad-ca70-792c-e4bd-f8d57299bc4c" testName="CanDoMultiThread" computerName="CDOVPC01" duration="00:00:00.1929901" startTime="2010-06-08T16:55:24.2016912-04:00" endTime="2010-06-08T16:55:24.4019792-04:00" testType="13cdc9d9-ddb5-4fa4-a97d-d965ccfc6d4b" outcome="Passed" testListId="8c84fa94-04c1-424b-9868-57a2d4851a1d">
      <Output>
      </Output>
    </UnitTestResult>
    <UnitTestResult executionId="ea27a7c8-f108-4801-a7bc-b4a33199f361" testId="129808c8-4b22-abc8-b07d-fa5da4757c17" testName="CanWriteAllText" computerName="CDOVPC01" duration="00:00:00.0020483" startTime="2010-06-08T16:55:24.4019792-04:00" endTime="2010-06-08T16:55:24.4119936-04:00" testType="13cdc9d9-ddb5-4fa4-a97d-d965ccfc6d4b" outcome="Passed" testListId="8c84fa94-04c1-424b-9868-57a2d4851a1d">
      <Output>
      </Output>
    </UnitTestResult>
    <UnitTestResult executionId="cb855b8e-9584-410d-9f47-55cb0338668d" testId="2006797b-96f3-b8d2-e69b-5b738a9e0ce3" testName="CanCopy" computerName="CDOVPC01" duration="00:00:00.0016404" startTime="2010-06-08T16:55:24.4119936-04:00" endTime="2010-06-08T16:55:24.4220080-04:00" testType="13cdc9d9-ddb5-4fa4-a97d-d965ccfc6d4b" outcome="Passed" testListId="8c84fa94-04c1-424b-9868-57a2d4851a1d">
      <Output>
      </Output>
    </UnitTestResult>
    <UnitTestResult executionId="fccabf76-02ad-450e-a295-fabed2d21805" testId="28be67ad-27a6-95a1-3896-cfe7b42cec04" testName="CanCopyAndRollback" computerName="CDOVPC01" duration="00:00:00.0016943" startTime="2010-06-08T16:55:24.4220080-04:00" endTime="2010-06-08T16:55:24.4320224-04:00" testType="13cdc9d9-ddb5-4fa4-a97d-d965ccfc6d4b" outcome="Passed" testListId="8c84fa94-04c1-424b-9868-57a2d4851a1d">
      <Output>
      </Output>
    </UnitTestResult>
    <UnitTestResult executionId="40813842-5528-473f-9527-f0b18e257d2d" testId="3e1e7c49-fea8-dda1-0ccf-8ccd72bfe782" testName="CanAppendTextAndRollback" computerName="CDOVPC01" duration="00:00:00.0012300" startTime="2010-06-08T16:55:24.4320224-04:00" endTime="2010-06-08T16:55:24.4320224-04:00" testType="13cdc9d9-ddb5-4fa4-a97d-d965ccfc6d4b" outcome="Passed" testListId="8c84fa94-04c1-424b-9868-57a2d4851a1d">
      <Output>
      </Output>
    </UnitTestResult>
    <UnitTestResult executionId="56f2a77e-95ec-421d-bf1a-d9a77d10d2ae" testId="524ba5e4-ee2e-caa0-b515-ca43807b7d4e" testName="CanWriteAllTextAndRollback" computerName="CDOVPC01" duration="00:00:00.0129569" startTime="2010-06-08T16:55:24.4420368-04:00" endTime="2010-06-08T16:55:24.4520512-04:00" testType="13cdc9d9-ddb5-4fa4-a97d-d965ccfc6d4b" outcome="Passed" testListId="8c84fa94-04c1-424b-9868-57a2d4851a1d">
      <Output>
      </Output>
    </UnitTestResult>
    <UnitTestResult executionId="f88cfe1f-aee0-4819-aca6-966e0f0bf817" testId="5ab28f5f-b988-8f56-a50e-a40e7807e4d9" testName="CanMoveFile" computerName="CDOVPC01" duration="00:00:00.0021192" startTime="2010-06-08T16:55:24.4620656-04:00" endTime="2010-06-08T16:55:24.4620656-04:00" testType="13cdc9d9-ddb5-4fa4-a97d-d965ccfc6d4b" outcome="Passed" testListId="8c84fa94-04c1-424b-9868-57a2d4851a1d">
      <Output>
      </Output>
    </UnitTestResult>
    <UnitTestResult executionId="e9996bbf-3f55-4c86-9317-5e7d1f0cc705" testId="6c1f1fc7-c3d8-66ef-8a35-f62bf9786a9b" testName="CannotRollback" computerName="CDOVPC01" duration="00:00:00.0071752" startTime="2010-06-08T16:55:24.4620656-04:00" endTime="2010-06-08T16:55:24.4720800-04:00" testType="13cdc9d9-ddb5-4fa4-a97d-d965ccfc6d4b" outcome="Passed" testListId="8c84fa94-04c1-424b-9868-57a2d4851a1d">
      <Output>
      </Output>
    </UnitTestResult>
    <UnitTestResult executionId="8868d9d7-38b2-48a1-a106-f90153d33d4b" testId="6fecc392-c30e-5f7b-3615-b4cfe7262b04" testName="CanHandleCopyErrors" computerName="CDOVPC01" duration="00:00:00.0022083" startTime="2010-06-08T16:55:24.4820944-04:00" endTime="2010-06-08T16:55:24.4820944-04:00" testType="13cdc9d9-ddb5-4fa4-a97d-d965ccfc6d4b" outcome="Passed" testListId="8c84fa94-04c1-424b-9868-57a2d4851a1d">
      <Output>
      </Output>
    </UnitTestResult>
    <UnitTestResult executionId="a16dc9b4-6e30-4782-a5c9-58953818263f" testId="72f2f819-10c1-d5dc-4916-1e29925832eb" testName="CanNestTransactions" computerName="CDOVPC01" duration="00:00:00.0031470" startTime="2010-06-08T16:55:24.4820944-04:00" endTime="2010-06-08T16:55:24.4921088-04:00" testType="13cdc9d9-ddb5-4fa4-a97d-d965ccfc6d4b" outcome="Passed" testListId="8c84fa94-04c1-424b-9868-57a2d4851a1d">
      <Output>
      </Output>
    </UnitTestResult>
    <UnitTestResult executionId="42b87937-d9f3-482d-ad76-19d65d931505" testId="8527ade4-4fe8-d67a-1141-2972dd56c9e2" testName="CanAppendText" computerName="CDOVPC01" duration="00:00:00.0013105" startTime="2010-06-08T16:55:24.4921088-04:00" endTime="2010-06-08T16:55:24.5021232-04:00" testType="13cdc9d9-ddb5-4fa4-a97d-d965ccfc6d4b" outcome="Passed" testListId="8c84fa94-04c1-424b-9868-57a2d4851a1d">
      <Output>
      </Output>
    </UnitTestResult>
    <UnitTestResult executionId="2d74ad41-7e23-4892-8304-1a713d03f97c" testId="b1e9be15-025d-8f9c-5e70-820dc988c1d4" testName="CanSnapshot" computerName="CDOVPC01" duration="00:00:00.0013965" startTime="2010-06-08T16:55:24.5021232-04:00" endTime="2010-06-08T16:55:24.5121376-04:00" testType="13cdc9d9-ddb5-4fa4-a97d-d965ccfc6d4b" outcome="Passed" testListId="8c84fa94-04c1-424b-9868-57a2d4851a1d">
      <Output>
      </Output>
    </UnitTestResult>
    <UnitTestResult executionId="d5a84a7c-c8b3-4839-ad08-bb6ebd90dcf5" testId="bd6b40d8-311c-7954-771d-ba41d4659ca0" testName="CanSupportTransactionScopeOptionSuppress" computerName="CDOVPC01" duration="00:00:00.0017605" startTime="2010-06-08T16:55:24.5121376-04:00" endTime="2010-06-08T16:55:24.5121376-04:00" testType="13cdc9d9-ddb5-4fa4-a97d-d965ccfc6d4b" outcome="Passed" testListId="8c84fa94-04c1-424b-9868-57a2d4851a1d">
      <Output>
      </Output>
    </UnitTestResult>
    <UnitTestResult executionId="2db9a27b-344b-466a-9444-3d9e3796d174" testId="c2aaf1a3-cdf2-a67e-9e79-74a46ecfdc37" testName="CanReuseManager" computerName="CDOVPC01" duration="00:00:00.0028372" startTime="2010-06-08T16:55:24.5221520-04:00" endTime="2010-06-08T16:55:24.5221520-04:00" testType="13cdc9d9-ddb5-4fa4-a97d-d965ccfc6d4b" outcome="Passed" testListId="8c84fa94-04c1-424b-9868-57a2d4851a1d">
      <Output>
      </Output>
    </UnitTestResult>
    <UnitTestResult executionId="069ae52d-a258-4c53-9043-7f4a44de2915" testId="dcd77c74-8e1c-4d30-6d5b-a1e5b47c5ef8" testName="CannotAppendText" computerName="CDOVPC01" duration="00:00:00.0046779" startTime="2010-06-08T16:55:24.5221520-04:00" endTime="2010-06-08T16:55:24.5321664-04:00" testType="13cdc9d9-ddb5-4fa4-a97d-d965ccfc6d4b" outcome="Passed" testListId="8c84fa94-04c1-424b-9868-57a2d4851a1d">
      <Output>
      </Output>
    </UnitTestResult>
    <UnitTestResult executionId="e2c1a872-b9d4-4015-880f-6b665df21091" testId="fb8ab088-327e-38c3-a6a0-f97d5c6d7056" testName="CanDeleteFile" computerName="CDOVPC01" duration="00:00:00.0017259" startTime="2010-06-08T16:55:24.5321664-04:00" endTime="2010-06-08T16:55:24.5421808-04:00" testType="13cdc9d9-ddb5-4fa4-a97d-d965ccfc6d4b" outcome="Passed" testListId="8c84fa94-04c1-424b-9868-57a2d4851a1d">
      <Output>
      </Output>
    </UnitTestResult>
    <UnitTestResult executionId="f5b5c234-2583-450a-9d7a-f4199923a039" testId="fca7f287-37ab-25c7-6968-aa30f91c14a9" testName="CanCreateDirectory" computerName="CDOVPC01" duration="00:00:00.0012272" startTime="2010-06-08T16:55:24.5421808-04:00" endTime="2010-06-08T16:55:24.5521952-04:00" testType="13cdc9d9-ddb5-4fa4-a97d-d965ccfc6d4b" outcome="Passed" testListId="8c84fa94-04c1-424b-9868-57a2d4851a1d">
      <Output>
      </Output>
    </UnitTestResult>
    <UnitTestResult executionId="79de618d-0778-4867-99c3-a62e970720b4" testId="fe5b79e7-9bd7-536d-3767-abaaa615374d" testName="CanCreateDirectoryAndRollback" computerName="CDOVPC01" duration="00:00:00.0015228" startTime="2010-06-08T16:55:24.5521952-04:00" endTime="2010-06-08T16:55:24.5521952-04:00" testType="13cdc9d9-ddb5-4fa4-a97d-d965ccfc6d4b" outcome="Passed" testListId="8c84fa94-04c1-424b-9868-57a2d4851a1d">
      <Output>
      </Output>
    </UnitTestResult>
  </Results>
</TestRun>