<?xml version="1.0" encoding="UTF-8"?>
<TestRun id="24c37e97-2df7-45ea-b664-180eba88716f" name="Cdo@CDOVPC01 2010-06-08 16:53:16" runUser="CDOVPC01\Cdo" xmlns="http://microsoft.com/schemas/VisualStudio/TeamTest/2006">
  <TestRunConfiguration name="Local Test Run" id="a8a2e672-9ca4-4527-a674-628eb5bad686">
    <Description>This is a default test run configuration for a local test run.</Description>
    <Timeouts testTimeout="300000" />
    <Deployment runDeploymentRoot="C:\Cdo\CodePlex\TxFileManager\TestResults\Cdo_CDOVPC01 2010-06-08 16_53_16">
      <DeploymentItem filename="C:\Cdo\CodePlex\TxFileManager\ChinhDo.Transactions.FileManager\bin\Debug\ChinhDo.Transactions.dll" />
    </Deployment>
    <TestTypeSpecific />
  </TestRunConfiguration>
  <ResultSummary outcome="Completed">
    <Counters total="20" executed="20" passed="20" error="0" failed="0" timeout="0" aborted="0" inconclusive="0" passedButRunAborted="0" notRunnable="0" notExecuted="0" disconnected="0" warning="0" completed="0" inProgress="0" pending="0" />
  </ResultSummary>
  <Times creation="2010-06-08T16:53:16.3879040-04:00" queuing="2010-06-08T16:53:16.6182352-04:00" start="2010-06-08T16:53:16.7183792-04:00" finish="2010-06-08T16:53:17.5796176-04:00" />
  <TestDefinitions>
    <UnitTest name="CanCreateDirectoryAndRollback" storage="c:\cdo\codeplex\txfilemanager\chinhdo.transactions.filemanagertest\bin\debug\chinhdo.transactions.filemanagertest.dll" id="fe5b79e7-9bd7-536d-3767-abaaa615374d">
      <Css projectStructure="" iteration="" />
      <Owners>
        <Owner name="" />
      </Owners>
      <Execution id="e5f688c6-7d57-49d8-a66e-66795048c819" />
      <TestMethod codeBase="C:\Cdo\CodePlex\TxFileManager\ChinhDo.Transactions.FileManagerTest\bin\Debug\ChinhDo.Transactions.FileManagerTest.dll" adapterTypeName="Microsoft.VisualStudio.TestTools.TestTypes.Unit.UnitTestAdapter, Microsoft.VisualStudio.QualityTools.Tips.UnitTest.Adapter, Version=9.0.0.0, Culture=neutral, PublicKeyToken=b03f5f7f11d50a3a" className="ChinhDo.Transactions.FileManagerTest.FileManagerTest, ChinhDo.Transactions.FileManagerTest" name="CanCreateDirectoryAndRollback" />
    </UnitTest>
    <UnitTest name="CanNestTransactions" storage="c:\cdo\codeplex\txfilemanager\chinhdo.transactions.filemanagertest\bin\debug\chinhdo.transactions.filemanagertest.dll" id="72f2f819-10c1-d5dc-4916-1e29925832eb">
      <Css projectStructure="" iteration="" />
      <Owners>
        <Owner name="" />
      </Owners>
      <Execution id="614f54bb-4fbd-4638-b741-c2687fc6013c" />
      <TestMethod codeBase="C:\Cdo\CodePlex\TxFileManager\ChinhDo.Transactions.FileManagerTest\bin\Debug\ChinhDo.Transactions.FileManagerTest.dll" adapterTypeName="Microsoft.VisualStudio.TestTools.TestTypes.Unit.UnitTestAdapter, Microsoft.VisualStudio.QualityTools.Tips.UnitTest.Adapter, Version=9.0.0.0, Culture=neutral, PublicKeyToken=b03f5f7f11d50a3a" className="ChinhDo.Transactions.FileManagerTest.FileManagerTest, ChinhDo.Transactions.FileManagerTest" name="CanNestTransactions" />
    </UnitTest>
    <UnitTest name="CannotRollback" storage="c:\cdo\codeplex\txfilemanager\chinhdo.transactions.filemanagertest\bin\debug\chinhdo.transactions.filemanagertest.dll" id="6c1f1fc7-c3d8-66ef-8a35-f62bf9786a9b">
      <Css projectStructure="" iteration="" />
      <Owners>
        <Owner name="" />
      </Owners>
      <Execution id="011591e9-bd02-4477-9fcc-8270433987e7" />
      <TestMethod codeBase="C:\Cdo\CodePlex\TxFileManager\ChinhDo.Transactions.FileManagerTest\bin\Debug\ChinhDo.Transactions.FileManagerTest.dll" adapterTypeName="Microsoft.VisualStudio.TestTools.TestTypes.Unit.UnitTestAdapter, Microsoft.VisualStudio.QualityTools.Tips.UnitTest.Adapter, Version=9.0.0.0, Culture=neutral, PublicKeyToken=b03f5f7f11d50a3a" className="ChinhDo.Transactions.FileManagerTest.FileManagerTest, ChinhDo.Transactions.FileManagerTest" name="CannotRollback" />
    </UnitTest>
    <UnitTest name="CanReuseManager" storage="c:\cdo\codeplex\txfilemanager\chinhdo.transactions.filemanagertest\bin\debug\chinhdo.transactions.filemanagertest.dll" id="c2aaf1a3-cdf2-a67e-9e79-74a46ecfdc37">
      <Css projectStructure="" iteration="" />
      <Owners>
        <Owner name="" />
      </Owners>
      <Execution id="85a141bf-8cd0-4a40-8e6d-5885d3543ac0" />
      <TestMethod codeBase="C:\Cdo\CodePlex\TxFileManager\ChinhDo.Transactions.FileManagerTest\bin\Debug\ChinhDo.Transactions.FileManagerTest.dll" adapterTypeName="Microsoft.VisualStudio.TestTools.TestTypes.Unit.UnitTestAdapter, Microsoft.VisualStudio.QualityTools.Tips.UnitTest.Adapter, Version=9.0.0.0, Culture=neutral, PublicKeyToken=b03f5f7f11d50a3a" className="ChinhDo.Transactions.FileManagerTest.FileManagerTest, ChinhDo.Transactions.FileManagerTest" name="CanReuseManager" />
    </UnitTest>
    <UnitTest name="CanCreateDirectory" storage="c:\cdo\codeplex\txfilemanager\chinhdo.transactions.filemanagertest\bin\debug\chinhdo.transactions.filemanagertest.dll" id="fca7f287-37ab-25c7-6968-aa30f91c14a9">
      <Css projectStructure="" iteration="" />
      <Owners>
        <Owner name="" />
      </Owners>
      <Execution id="f0c3a427-a226-4e0e-980a-25dee4c8ea92" />
      <TestMethod codeBase="C:\Cdo\CodePlex\TxFileManager\ChinhDo.Transactions.FileManagerTest\bin\Debug\ChinhDo.Transactions.FileManagerTest.dll" adapterTypeName="Microsoft.VisualStudio.TestTools.TestTypes.Unit.UnitTestAdapter, Microsoft.VisualStudio.QualityTools.Tips.UnitTest.Adapter, Version=9.0.0.0, Culture=neutral, PublicKeyToken=b03f5f7f11d50a3a" className="ChinhDo.Transactions.FileManagerTest.FileManagerTest, ChinhDo.Transactions.FileManagerTest" name="CanCreateDirectory" />
    </UnitTest>
    <UnitTest name="CanMoveFile" storage="c:\cdo\codeplex\txfilemanager\chinhdo.transactions.filemanagertest\bin\debug\chinhdo.transactions.filemanagertest.dll" id="5ab28f5f-b988-8f56-a50e-a40e7807e4d9">
      <Css projectStructure="" iteration="" />
      <Owners>
        <Owner name="" />
      </Owners>
      <Execution id="9ab83b82-cbcc-4b6a-a951-5cfa9915deae" />
      <TestMethod codeBase="C:\Cdo\CodePlex\TxFileManager\ChinhDo.Transactions.FileManagerTest\bin\Debug\ChinhDo.Transactions.FileManagerTest.dll" adapterTypeName="Microsoft.VisualStudio.TestTools.TestTypes.Unit.UnitTestAdapter, Microsoft.VisualStudio.QualityTools.Tips.UnitTest.Adapter, Version=9.0.0.0, Culture=neutral, PublicKeyToken=b03f5f7f11d50a3a" className="ChinhDo.Transactions.FileManagerTest.FileManagerTest, ChinhDo.Transactions.FileManagerTest" name="CanMoveFile" />
    </UnitTest>
    <UnitTest name="CannotAppendText" storage="c:\cdo\codeplex\txfilemanager\chinhdo.transactions.filemanagertest\bin\debug\chinhdo.transactions.filemanagertest.dll" id="dcd77c74-8e1c-4d30-6d5b-a1e5b47c5ef8">
      <Css projectStructure="" iteration="" />
      <Owners>
        <Owner name="" />
      </Owners>
      <Execution id="4a217bf9-c938-425e-9d70-016d578966ce" />
      <TestMethod codeBase="C:\Cdo\CodePlex\TxFileManager\ChinhDo.Transactions.FileManagerTest\bin\Debug\ChinhDo.Transactions.FileManagerTest.dll" adapterTypeName="Microsoft.VisualStudio.TestTools.TestTypes.Unit.UnitTestAdapter, Microsoft.VisualStudio.QualityTools.Tips.UnitTest.Adapter, Version=9.0.0.0, Culture=neutral, PublicKeyToken=b03f5f7f11d50a3a" className="ChinhDo.Transactions.FileManagerTest.FileManagerTest, ChinhDo.Transactions.FileManagerTest" name="CannotAppendText" />
    </UnitTest>
    <UnitTest name="CanWriteAllTextAndRollback" storage="c:\cdo\codeplex\txfilemanager\chinhdo.transactions.filemanagertest\bin\debug\chinhdo.transactions.filemanagertest.dll" id="524ba5e4-ee2e-caa0-b515-ca43807b7d4e">
      <Css projectStructure="" iteration="" />
      <Owners>
        <Owner name="" />
      </Owners>
      <Execution id="e38ef5fa-7ee6-467f-b142-870259d234b4" />
      <TestMethod codeBase="C:\Cdo\CodePlex\TxFileManager\ChinhDo.Transactions.FileManagerTest\bin\Debug\ChinhDo.Transactions.FileManagerTest.dll" adapterTypeName="Microsoft.VisualStudio.TestTools.TestTypes.Unit.UnitTestAdapter, Microsoft.VisualStudio.QualityTools.Tips.UnitTest.Adapter, Version=9.0.0.0, Culture=neutral, PublicKeyToken=b03f5f7f11d50a3a" className="ChinhDo.Transactions.FileManagerTest.FileManagerTest, ChinhDo.Transactions.FileManagerTest" name="CanWriteAllTextAndRollback" />
    </UnitTest>
    <UnitTest name="CanCopy" storage="c:\cdo\codeplex\txfilemanager\chinhdo.transactions.filemanagertest\bin\debug\chinhdo.transactions.filemanagertest.dll" id="2006797b-96f3-b8d2-e69b-5b738a9e0ce3">
      <Css projectStructure="" iteration="" />
      <Owners>
        <Owner name="" />
      </Owners>
      <Execution id="46dba93d-fefc-44cd-bad7-de0c9d098d3d" />
      <TestMethod codeBase="C:\Cdo\CodePlex\TxFileManager\ChinhDo.Transactions.FileManagerTest\bin\Debug\ChinhDo.Transactions.FileManagerTest.dll" adapterTypeName="Microsoft.VisualStudio.TestTools.TestTypes.Unit.UnitTestAdapter, Microsoft.VisualStudio.QualityTools.Tips.UnitTest.Adapter, Version=9.0.0.0, Culture=neutral, PublicKeyToken=b03f5f7f11d50a3a" className="ChinhDo.Transactions.FileManagerTest.FileManagerTest, ChinhDo.Transactions.FileManagerTest" name="CanCopy" />
    </UnitTest>
    <UnitTest name="CanHandleCopyErrors" storage="c:\cdo\codeplex\txfilemanager\chinhdo.transactions.filemanagertest\bin\debug\chinhdo.transactions.filemanagertest.dll" id="6fecc392-c30e-5f7b-3615-b4cfe7262b04">
      <Css projectStructure="" iteration="" />
      <Owners>
        <Owner name="" />
      </Owners>
      <Execution id="78d875f0-e4ed-4f58-8ca6-b0e591281275" />
      <TestMethod codeBase="C:\Cdo\CodePlex\TxFileManager\ChinhDo.Transactions.FileManagerTest\bin\Debug\ChinhDo.Transactions.FileManagerTest.dll" adapterTypeName="Microsoft.VisualStudio.TestTools.TestTypes.Unit.UnitTestAdapter, Microsoft.VisualStudio.QualityTools.Tips.UnitTest.Adapter, Version=9.0.0.0, Culture=neutral, PublicKeyToken=b03f5f7f11d50a3a" className="ChinhDo.Transactions.FileManagerTest.FileManagerTest, ChinhDo.Transactions.FileManagerTest" name="CanHandleCopyErrors" />
    </UnitTest>
    <UnitTest name="CanSupportTransactionScopeOptionSuppress" storage="c:\cdo\codeplex\txfilemanager\chinhdo.transactions.filemanagertest\bin\debug\chinhdo.transactions.filemanagertest.dll" id="bd6b40d8-311c-7954-771d-ba41d4659ca0">
      <Css projectStructure="" iteration="" />
      <Owners>
        <Owner name="" />
      </Owners>
      <Execution id="52a3dd45-0010-4c9d-9136-ed285a5582e0" />
      <TestMethod codeBase="C:\Cdo\CodePlex\TxFileManager\ChinhDo.Transactions.FileManagerTest\bin\Debug\ChinhDo.Transactions.FileManagerTest.dll" adapterTypeName="Microsoft.VisualStudio.TestTools.TestTypes.Unit.UnitTestAdapter, Microsoft.VisualStudio.QualityTools.Tips.UnitTest.Adapter, Version=9.0.0.0, Culture=neutral, PublicKeyToken=b03f5f7f11d50a3a" className="ChinhDo.Transactions.FileManagerTest.FileManagerTest, ChinhDo.Transactions.FileManagerTest" name="CanSupportTransactionScopeOptionSuppress" />
    </UnitTest>
    <UnitTest name="CanDeleteFile" storage="c:\cdo\codeplex\txfilemanager\chinhdo.transactions.filemanagertest\bin\debug\chinhdo.transactions.filemanagertest.dll" id="fb8ab088-327e-38c3-a6a0-f97d5c6d7056">
      <Css projectStructure="" iteration="" />
      <Owners>
        <Owner name="" />
      </Owners>
      <Execution id="870285f0-111c-4fd5-96f4-0c26a8ff2168" />
      <TestMethod codeBase="C:\Cdo\CodePlex\TxFileManager\ChinhDo.Transactions.FileManagerTest\bin\Debug\ChinhDo.Transactions.FileManagerTest.dll" adapterTypeName="Microsoft.VisualStudio.TestTools.TestTypes.Unit.UnitTestAdapter, Microsoft.VisualStudio.QualityTools.Tips.UnitTest.Adapter, Version=9.0.0.0, Culture=neutral, PublicKeyToken=b03f5f7f11d50a3a" className="ChinhDo.Transactions.FileManagerTest.FileManagerTest, ChinhDo.Transactions.FileManagerTest" name="CanDeleteFile" />
    </UnitTest>
    <UnitTest name="CanMoveFileAndRollback" storage="c:\cdo\codeplex\txfilemanager\chinhdo.transactions.filemanagertest\bin\debug\chinhdo.transactions.filemanagertest.dll" id="05ad9006-51b8-6711-5ba1-dec35d99a4e9">
      <Css projectStructure="" iteration="" />
      <Owners>
        <Owner name="" />
      </Owners>
      <Execution id="1c18681c-3784-44a6-8384-9d943c4acca6" />
      <TestMethod codeBase="C:\Cdo\CodePlex\TxFileManager\ChinhDo.Transactions.FileManagerTest\bin\Debug\ChinhDo.Transactions.FileManagerTest.dll" adapterTypeName="Microsoft.VisualStudio.TestTools.TestTypes.Unit.UnitTestAdapter, Microsoft.VisualStudio.QualityTools.Tips.UnitTest.Adapter, Version=9.0.0.0, Culture=neutral, PublicKeyToken=b03f5f7f11d50a3a" className="ChinhDo.Transactions.FileManagerTest.FileManagerTest, ChinhDo.Transactions.FileManagerTest" name="CanMoveFileAndRollback" />
    </UnitTest>
    <UnitTest name="CanCopyAndRollback" storage="c:\cdo\codeplex\txfilemanager\chinhdo.transactions.filemanagertest\bin\debug\chinhdo.transactions.filemanagertest.dll" id="28be67ad-27a6-95a1-3896-cfe7b42cec04">
      <Css projectStructure="" iteration="" />
      <Owners>
        <Owner name="" />
      </Owners>
      <Execution id="62dc86c0-9f49-40b5-939c-8f328a718b96" />
      <TestMethod codeBase="C:\Cdo\CodePlex\TxFileManager\ChinhDo.Transactions.FileManagerTest\bin\Debug\ChinhDo.Transactions.FileManagerTest.dll" adapterTypeName="Microsoft.VisualStudio.TestTools.TestTypes.Unit.UnitTestAdapter, Microsoft.VisualStudio.QualityTools.Tips.UnitTest.Adapter, Version=9.0.0.0, Culture=neutral, PublicKeyToken=b03f5f7f11d50a3a" className="ChinhDo.Transactions.FileManagerTest.FileManagerTest, ChinhDo.Transactions.FileManagerTest" name="CanCopyAndRollback" />
    </UnitTest>
    <UnitTest name="CanDeleteFileAndRollback" storage="c:\cdo\codeplex\txfilemanager\chinhdo.transactions.filemanagertest\bin\debug\chinhdo.transactions.filemanagertest.dll" id="0493ba1c-4c88-2e44-3275-cffb9f7bb64b">
      <Css projectStructure="" iteration="" />
      <Owners>
        <Owner name="" />
      </Owners>
      <Execution id="aaf577ad-1185-4032-8c32-f47dcaa626f3" />
      <TestMethod codeBase="C:\Cdo\CodePlex\TxFileManager\ChinhDo.Transactions.FileManagerTest\bin\Debug\ChinhDo.Transactions.FileManagerTest.dll" adapterTypeName="Microsoft.VisualStudio.TestTools.TestTypes.Unit.UnitTestAdapter, Microsoft.VisualStudio.QualityTools.Tips.UnitTest.Adapter, Version=9.0.0.0, Culture=neutral, PublicKeyToken=b03f5f7f11d50a3a" className="ChinhDo.Transactions.FileManagerTest.FileManagerTest, ChinhDo.Transactions.FileManagerTest" name="CanDeleteFileAndRollback" />
    </UnitTest>
    <UnitTest name="CanAppendTextAndRollback" storage="c:\cdo\codeplex\txfilemanager\chinhdo.transactions.filemanagertest\bin\debug\chinhdo.transactions.filemanagertest.dll" id="3e1e7c49-fea8-dda1-0ccf-8ccd72bfe782">
      <Css projectStructure="" iteration="" />
      <Owners>
        <Owner name="" />
      </Owners>
      <Execution id="635225ed-c055-4913-a49b-7832f170140c" />
      <TestMethod codeBase="C:\Cdo\CodePlex\TxFileManager\ChinhDo.Transactions.FileManagerTest\bin\Debug\ChinhDo.Transactions.FileManagerTest.dll" adapterTypeName="Microsoft.VisualStudio.TestTools.TestTypes.Unit.UnitTestAdapter, Microsoft.VisualStudio.QualityTools.Tips.UnitTest.Adapter, Version=9.0.0.0, Culture=neutral, PublicKeyToken=b03f5f7f11d50a3a" className="ChinhDo.Transactions.FileManagerTest.FileManagerTest, ChinhDo.Transactions.FileManagerTest" name="CanAppendTextAndRollback" />
    </UnitTest>
    <UnitTest name="CanSnapshot" storage="c:\cdo\codeplex\txfilemanager\chinhdo.transactions.filemanagertest\bin\debug\chinhdo.transactions.filemanagertest.dll" id="b1e9be15-025d-8f9c-5e70-820dc988c1d4">
      <Css projectStructure="" iteration="" />
      <Owners>
        <Owner name="" />
      </Owners>
      <Execution id="7e9ca498-57ee-48b8-9d57-f200161032be" />
      <TestMethod codeBase="C:\Cdo\CodePlex\TxFileManager\ChinhDo.Transactions.FileManagerTest\bin\Debug\ChinhDo.Transactions.FileManagerTest.dll" adapterTypeName="Microsoft.VisualStudio.TestTools.TestTypes.Unit.UnitTestAdapter, Microsoft.VisualStudio.QualityTools.Tips.UnitTest.Adapter, Version=9.0.0.0, Culture=neutral, PublicKeyToken=b03f5f7f11d50a3a" className="ChinhDo.Transactions.FileManagerTest.FileManagerTest, ChinhDo.Transactions.FileManagerTest" name="CanSnapshot" />
    </UnitTest>
    <UnitTest name="CanAppendText" storage="c:\cdo\codeplex\txfilemanager\chinhdo.transactions.filemanagertest\bin\debug\chinhdo.transactions.filemanagertest.dll" id="8527ade4-4fe8-d67a-1141-2972dd56c9e2">
      <Css projectStructure="" iteration="" />
      <Owners>
        <Owner name="" />
      </Owners>
      <Execution id="10145462-c449-45db-b824-b0525e0ffb92" />
      <TestMethod codeBase="C:\Cdo\CodePlex\TxFileManager\ChinhDo.Transactions.FileManagerTest\bin\Debug\ChinhDo.Transactions.FileManagerTest.dll" adapterTypeName="Microsoft.VisualStudio.TestTools.TestTypes.Unit.UnitTestAdapter, Microsoft.VisualStudio.QualityTools.Tips.UnitTest.Adapter, Version=9.0.0.0, Culture=neutral, PublicKeyToken=b03f5f7f11d50a3a" className="ChinhDo.Transactions.FileManagerTest.FileManagerTest, ChinhDo.Transactions.FileManagerTest" name="CanAppendText" />
    </UnitTest>
    <UnitTest name="CanWriteAllText" storage="c:\cdo\codeplex\txfilemanager\chinhdo.transactions.filemanagertest\bin\debug\chinhdo.transactions.filemanagertest.dll" id="129808c8-4b22-abc8-b07d-fa5da4757c17">
      <Css projectStructure="" iteration="" />
      <Owners>
        <Owner name="" />
      </Owners>
      <Execution id="3b7bfd0d-c333-4f72-8722-cefbf7e72f19" />
      <TestMethod codeBase="C:\Cdo\CodePlex\TxFileManager\ChinhDo.Transactions.FileManagerTest\bin\Debug\ChinhDo.Transactions.FileManagerTest.dll" adapterTypeName="Microsoft.VisualStudio.TestTools.TestTypes.Unit.UnitTestAdapter, Microsoft.VisualStudio.QualityTools.Tips.UnitTest.Adapter, Version=9.0.0.0, Culture=neutral, PublicKeyToken=b03f5f7f11d50a3a" className="ChinhDo.Transactions.FileManagerTest.FileManagerTest, ChinhDo.Transactions.FileManagerTest" name="CanWriteAllText" />
    </UnitTest>
    <UnitTest name="CanDoMultiThread" storage="c:\cdo\codeplex\txfilemanager\chinhdo.transactions.filemanagertest\bin\debug\chinhdo.transactions.filemanagertest.dll" id="102b97ad-ca70-792c-e4bd-f8d57299bc4c">
      <Css projectStructure="" iteration="" />
      <Owners>
        <Owner name="" />
      </Owners>
      <Execution id="889dcbb2-77cb-4fa5-a885-37de7fd940cb" />
      <TestMethod codeBase="C:\Cdo\CodePlex\TxFileManager\ChinhDo.Transactions.FileManagerTest\bin\Debug\ChinhDo.Transactions.FileManagerTest.dll" adapterTypeName="Microsoft.VisualStudio.TestTools.TestTypes.Unit.UnitTestAdapter, Microsoft.VisualStudio.QualityTools.Tips.UnitTest.Adapter, Version=9.0.0.0, Culture=neutral, PublicKeyToken=b03f5f7f11d50a3a" className="ChinhDo.Transactions.FileManagerTest.FileManagerTest, ChinhDo.Transactions.FileManagerTest" name="CanDoMultiThread" />
    </UnitTest>
  </TestDefinitions>
  <TestLists>
    <TestList name="Results Not in a List" id="8c84fa94-04c1-424b-9868-57a2d4851a1d" />
    <TestList name="All Loaded Results" id="19431567-8539-422a-85d7-44ee4e166bda" />
  </TestLists>
  <TestEntries>
    <TestEntry testId="0493ba1c-4c88-2e44-3275-cffb9f7bb64b" executionId="aaf577ad-1185-4032-8c32-f47dcaa626f3" testListId="8c84fa94-04c1-424b-9868-57a2d4851a1d" />
    <TestEntry testId="05ad9006-51b8-6711-5ba1-dec35d99a4e9" executionId="1c18681c-3784-44a6-8384-9d943c4acca6" testListId="8c84fa94-04c1-424b-9868-57a2d4851a1d" />
    <TestEntry testId="102b97ad-ca70-792c-e4bd-f8d57299bc4c" executionId="889dcbb2-77cb-4fa5-a885-37de7fd940cb" testListId="8c84fa94-04c1-424b-9868-57a2d4851a1d" />
    <TestEntry testId="129808c8-4b22-abc8-b07d-fa5da4757c17" executionId="3b7bfd0d-c333-4f72-8722-cefbf7e72f19" testListId="8c84fa94-04c1-424b-9868-57a2d4851a1d" />
    <TestEntry testId="2006797b-96f3-b8d2-e69b-5b738a9e0ce3" executionId="46dba93d-fefc-44cd-bad7-de0c9d098d3d" testListId="8c84fa94-04c1-424b-9868-57a2d4851a1d" />
    <TestEntry testId="28be67ad-27a6-95a1-3896-cfe7b42cec04" executionId="62dc86c0-9f49-40b5-939c-8f328a718b96" testListId="8c84fa94-04c1-424b-9868-57a2d4851a1d" />
    <TestEntry testId="3e1e7c49-fea8-dda1-0ccf-8ccd72bfe782" executionId="635225ed-c055-4913-a49b-7832f170140c" testListId="8c84fa94-04c1-424b-9868-57a2d4851a1d" />
    <TestEntry testId="524ba5e4-ee2e-caa0-b515-ca43807b7d4e" executionId="e38ef5fa-7ee6-467f-b142-870259d234b4" testListId="8c84fa94-04c1-424b-9868-57a2d4851a1d" />
    <TestEntry testId="5ab28f5f-b988-8f56-a50e-a40e7807e4d9" executionId="9ab83b82-cbcc-4b6a-a951-5cfa9915deae" testListId="8c84fa94-04c1-424b-9868-57a2d4851a1d" />
    <TestEntry testId="6c1f1fc7-c3d8-66ef-8a35-f62bf9786a9b" executionId="011591e9-bd02-4477-9fcc-8270433987e7" testListId="8c84fa94-04c1-424b-9868-57a2d4851a1d" />
    <TestEntry testId="6fecc392-c30e-5f7b-3615-b4cfe7262b04" executionId="78d875f0-e4ed-4f58-8ca6-b0e591281275" testListId="8c84fa94-04c1-424b-9868-57a2d4851a1d" />
    <TestEntry testId="72f2f819-10c1-d5dc-4916-1e29925832eb" executionId="614f54bb-4fbd-4638-b741-c2687fc6013c" testListId="8c84fa94-04c1-424b-9868-57a2d4851a1d" />
    <TestEntry testId="8527ade4-4fe8-d67a-1141-2972dd56c9e2" executionId="10145462-c449-45db-b824-b0525e0ffb92" testListId="8c84fa94-04c1-424b-9868-57a2d4851a1d" />
    <TestEntry testId="b1e9be15-025d-8f9c-5e70-820dc988c1d4" executionId="7e9ca498-57ee-48b8-9d57-f200161032be" testListId="8c84fa94-04c1-424b-9868-57a2d4851a1d" />
    <TestEntry testId="bd6b40d8-311c-7954-771d-ba41d4659ca0" executionId="52a3dd45-0010-4c9d-9136-ed285a5582e0" testListId="8c84fa94-04c1-424b-9868-57a2d4851a1d" />
    <TestEntry testId="c2aaf1a3-cdf2-a67e-9e79-74a46ecfdc37" executionId="85a141bf-8cd0-4a40-8e6d-5885d3543ac0" testListId="8c84fa94-04c1-424b-9868-57a2d4851a1d" />
    <TestEntry testId="dcd77c74-8e1c-4d30-6d5b-a1e5b47c5ef8" executionId="4a217bf9-c938-425e-9d70-016d578966ce" testListId="8c84fa94-04c1-424b-9868-57a2d4851a1d" />
    <TestEntry testId="fb8ab088-327e-38c3-a6a0-f97d5c6d7056" executionId="870285f0-111c-4fd5-96f4-0c26a8ff2168" testListId="8c84fa94-04c1-424b-9868-57a2d4851a1d" />
    <TestEntry testId="fca7f287-37ab-25c7-6968-aa30f91c14a9" executionId="f0c3a427-a226-4e0e-980a-25dee4c8ea92" testListId="8c84fa94-04c1-424b-9868-57a2d4851a1d" />
    <TestEntry testId="fe5b79e7-9bd7-536d-3767-abaaa615374d" executionId="e5f688c6-7d57-49d8-a66e-66795048c819" testListId="8c84fa94-04c1-424b-9868-57a2d4851a1d" />
  </TestEntries>
  <Results>
    <UnitTestResult executionId="aaf577ad-1185-4032-8c32-f47dcaa626f3" testId="0493ba1c-4c88-2e44-3275-cffb9f7bb64b" testName="CanDeleteFileAndRollback" computerName="CDOVPC01" duration="00:00:00.0332307" startTime="2010-06-08T16:53:16.7384080-04:00" endTime="2010-06-08T16:53:17.1389840-04:00" testType="13cdc9d9-ddb5-4fa4-a97d-d965ccfc6d4b" outcome="Passed" testListId="8c84fa94-04c1-424b-9868-57a2d4851a1d">
      <Output>
      </Output>
    </UnitTestResult>
    <UnitTestResult executionId="1c18681c-3784-44a6-8384-9d943c4acca6" testId="05ad9006-51b8-6711-5ba1-dec35d99a4e9" testName="CanMoveFileAndRollback" computerName="CDOVPC01" duration="00:00:00.0041725" startTime="2010-06-08T16:53:17.1489984-04:00" endTime="2010-06-08T16:53:17.1489984-04:00" testType="13cdc9d9-ddb5-4fa4-a97d-d965ccfc6d4b" outcome="Passed" testListId="8c84fa94-04c1-424b-9868-57a2d4851a1d">
      <Output>
      </Output>
    </UnitTestResult>
    <UnitTestResult executionId="889dcbb2-77cb-4fa5-a885-37de7fd940cb" testId="102b97ad-ca70-792c-e4bd-f8d57299bc4c" testName="CanDoMultiThread" computerName="CDOVPC01" duration="00:00:00.1984537" startTime="2010-06-08T16:53:17.1590128-04:00" endTime="2010-06-08T16:53:17.3593008-04:00" testType="13cdc9d9-ddb5-4fa4-a97d-d965ccfc6d4b" outcome="Passed" testListId="8c84fa94-04c1-424b-9868-57a2d4851a1d">
      <Output>
      </Output>
    </UnitTestResult>
    <UnitTestResult executionId="3b7bfd0d-c333-4f72-8722-cefbf7e72f19" testId="129808c8-4b22-abc8-b07d-fa5da4757c17" testName="CanWriteAllText" computerName="CDOVPC01" duration="00:00:00.0019320" startTime="2010-06-08T16:53:17.3593008-04:00" endTime="2010-06-08T16:53:17.3693152-04:00" testType="13cdc9d9-ddb5-4fa4-a97d-d965ccfc6d4b" outcome="Passed" testListId="8c84fa94-04c1-424b-9868-57a2d4851a1d">
      <Output>
      </Output>
    </UnitTestResult>
    <UnitTestResult executionId="46dba93d-fefc-44cd-bad7-de0c9d098d3d" testId="2006797b-96f3-b8d2-e69b-5b738a9e0ce3" testName="CanCopy" computerName="CDOVPC01" duration="00:00:00.0017412" startTime="2010-06-08T16:53:17.3693152-04:00" endTime="2010-06-08T16:53:17.3793296-04:00" testType="13cdc9d9-ddb5-4fa4-a97d-d965ccfc6d4b" outcome="Passed" testListId="8c84fa94-04c1-424b-9868-57a2d4851a1d">
      <Output>
      </Output>
    </UnitTestResult>
    <UnitTestResult executionId="62dc86c0-9f49-40b5-939c-8f328a718b96" testId="28be67ad-27a6-95a1-3896-cfe7b42cec04" testName="CanCopyAndRollback" computerName="CDOVPC01" duration="00:00:00.0018686" startTime="2010-06-08T16:53:17.3793296-04:00" endTime="2010-06-08T16:53:17.3893440-04:00" testType="13cdc9d9-ddb5-4fa4-a97d-d965ccfc6d4b" outcome="Passed" testListId="8c84fa94-04c1-424b-9868-57a2d4851a1d">
      <Output>
      </Output>
    </UnitTestResult>
    <UnitTestResult executionId="635225ed-c055-4913-a49b-7832f170140c" testId="3e1e7c49-fea8-dda1-0ccf-8ccd72bfe782" testName="CanAppendTextAndRollback" computerName="CDOVPC01" duration="00:00:00.0012621" startTime="2010-06-08T16:53:17.3893440-04:00" endTime="2010-06-08T16:53:17.3893440-04:00" testType="13cdc9d9-ddb5-4fa4-a97d-d965ccfc6d4b" outcome="Passed" testListId="8c84fa94-04c1-424b-9868-57a2d4851a1d">
      <Output>
      </Output>
    </UnitTestResult>
    <UnitTestResult executionId="e38ef5fa-7ee6-467f-b142-870259d234b4" testId="524ba5e4-ee2e-caa0-b515-ca43807b7d4e" testName="CanWriteAllTextAndRollback" computerName="CDOVPC01" duration="00:00:00.0019594" startTime="2010-06-08T16:53:17.3993584-04:00" endTime="2010-06-08T16:53:17.4093728-04:00" testType="13cdc9d9-ddb5-4fa4-a97d-d965ccfc6d4b" outcome="Passed" testListId="8c84fa94-04c1-424b-9868-57a2d4851a1d">
      <Output>
      </Output>
    </UnitTestResult>
    <UnitTestResult executionId="9ab83b82-cbcc-4b6a-a951-5cfa9915deae" testId="5ab28f5f-b988-8f56-a50e-a40e7807e4d9" testName="CanMoveFile" computerName="CDOVPC01" duration="00:00:00.0021620" startTime="2010-06-08T16:53:17.4093728-04:00" endTime="2010-06-08T16:53:17.4193872-04:00" testType="13cdc9d9-ddb5-4fa4-a97d-d965ccfc6d4b" outcome="Passed" testListId="8c84fa94-04c1-424b-9868-57a2d4851a1d">
      <Output>
      </Output>
    </UnitTestResult>
    <UnitTestResult executionId="011591e9-bd02-4477-9fcc-8270433987e7" testId="6c1f1fc7-c3d8-66ef-8a35-f62bf9786a9b" testName="CannotRollback" computerName="CDOVPC01" duration="00:00:00.0073285" startTime="2010-06-08T16:53:17.4193872-04:00" endTime="2010-06-08T16:53:17.4294016-04:00" testType="13cdc9d9-ddb5-4fa4-a97d-d965ccfc6d4b" outcome="Passed" testListId="8c84fa94-04c1-424b-9868-57a2d4851a1d">
      <Output>
      </Output>
    </UnitTestResult>
    <UnitTestResult executionId="78d875f0-e4ed-4f58-8ca6-b0e591281275" testId="6fecc392-c30e-5f7b-3615-b4cfe7262b04" testName="CanHandleCopyErrors" computerName="CDOVPC01" duration="00:00:00.0023519" startTime="2010-06-08T16:53:17.4294016-04:00" endTime="2010-06-08T16:53:17.4394160-04:00" testType="13cdc9d9-ddb5-4fa4-a97d-d965ccfc6d4b" outcome="Passed" testListId="8c84fa94-04c1-424b-9868-57a2d4851a1d">
      <Output>
      </Output>
    </UnitTestResult>
    <UnitTestResult executionId="614f54bb-4fbd-4638-b741-c2687fc6013c" testId="72f2f819-10c1-d5dc-4916-1e29925832eb" testName="CanNestTransactions" computerName="CDOVPC01" duration="00:00:00.0041862" startTime="2010-06-08T16:53:17.4394160-04:00" endTime="2010-06-08T16:53:17.4494304-04:00" testType="13cdc9d9-ddb5-4fa4-a97d-d965ccfc6d4b" outcome="Passed" testListId="8c84fa94-04c1-424b-9868-57a2d4851a1d">
      <Output>
      </Output>
    </UnitTestResult>
    <UnitTestResult executionId="10145462-c449-45db-b824-b0525e0ffb92" testId="8527ade4-4fe8-d67a-1141-2972dd56c9e2" testName="CanAppendText" computerName="CDOVPC01" duration="00:00:00.0016298" startTime="2010-06-08T16:53:17.4494304-04:00" endTime="2010-06-08T16:53:17.4594448-04:00" testType="13cdc9d9-ddb5-4fa4-a97d-d965ccfc6d4b" outcome="Passed" testListId="8c84fa94-04c1-424b-9868-57a2d4851a1d">
      <Output>
      </Output>
    </UnitTestResult>
    <UnitTestResult executionId="7e9ca498-57ee-48b8-9d57-f200161032be" testId="b1e9be15-025d-8f9c-5e70-820dc988c1d4" testName="CanSnapshot" computerName="CDOVPC01" duration="00:00:00.0019862" startTime="2010-06-08T16:53:17.4594448-04:00" endTime="2010-06-08T16:53:17.4694592-04:00" testType="13cdc9d9-ddb5-4fa4-a97d-d965ccfc6d4b" outcome="Passed" testListId="8c84fa94-04c1-424b-9868-57a2d4851a1d">
      <Output>
      </Output>
    </UnitTestResult>
    <UnitTestResult executionId="52a3dd45-0010-4c9d-9136-ed285a5582e0" testId="bd6b40d8-311c-7954-771d-ba41d4659ca0" testName="CanSupportTransactionScopeOptionSuppress" computerName="CDOVPC01" duration="00:00:00.0016471" startTime="2010-06-08T16:53:17.4694592-04:00" endTime="2010-06-08T16:53:17.4694592-04:00" testType="13cdc9d9-ddb5-4fa4-a97d-d965ccfc6d4b" outcome="Passed" testListId="8c84fa94-04c1-424b-9868-57a2d4851a1d">
      <Output>
      </Output>
    </UnitTestResult>
    <UnitTestResult executionId="85a141bf-8cd0-4a40-8e6d-5885d3543ac0" testId="c2aaf1a3-cdf2-a67e-9e79-74a46ecfdc37" testName="CanReuseManager" computerName="CDOVPC01" duration="00:00:00.0027944" startTime="2010-06-08T16:53:17.4694592-04:00" endTime="2010-06-08T16:53:17.4794736-04:00" testType="13cdc9d9-ddb5-4fa4-a97d-d965ccfc6d4b" outcome="Passed" testListId="8c84fa94-04c1-424b-9868-57a2d4851a1d">
      <Output>
      </Output>
    </UnitTestResult>
    <UnitTestResult executionId="4a217bf9-c938-425e-9d70-016d578966ce" testId="dcd77c74-8e1c-4d30-6d5b-a1e5b47c5ef8" testName="CannotAppendText" computerName="CDOVPC01" duration="00:00:00.0047550" startTime="2010-06-08T16:53:17.4794736-04:00" endTime="2010-06-08T16:53:17.4894880-04:00" testType="13cdc9d9-ddb5-4fa4-a97d-d965ccfc6d4b" outcome="Passed" testListId="8c84fa94-04c1-424b-9868-57a2d4851a1d">
      <Output>
      </Output>
    </UnitTestResult>
    <UnitTestResult executionId="870285f0-111c-4fd5-96f4-0c26a8ff2168" testId="fb8ab088-327e-38c3-a6a0-f97d5c6d7056" testName="CanDeleteFile" computerName="CDOVPC01" duration="00:00:00.0015599" startTime="2010-06-08T16:53:17.4894880-04:00" endTime="2010-06-08T16:53:17.4995024-04:00" testType="13cdc9d9-ddb5-4fa4-a97d-d965ccfc6d4b" outcome="Passed" testListId="8c84fa94-04c1-424b-9868-57a2d4851a1d">
      <Output>
      </Output>
    </UnitTestResult>
    <UnitTestResult executionId="f0c3a427-a226-4e0e-980a-25dee4c8ea92" testId="fca7f287-37ab-25c7-6968-aa30f91c14a9" testName="CanCreateDirectory" computerName="CDOVPC01" duration="00:00:00.0012356" startTime="2010-06-08T16:53:17.4995024-04:00" endTime="2010-06-08T16:53:17.5095168-04:00" testType="13cdc9d9-ddb5-4fa4-a97d-d965ccfc6d4b" outcome="Passed" testListId="8c84fa94-04c1-424b-9868-57a2d4851a1d">
      <Output>
      </Output>
    </UnitTestResult>
    <UnitTestResult executionId="e5f688c6-7d57-49d8-a66e-66795048c819" testId="fe5b79e7-9bd7-536d-3767-abaaa615374d" testName="CanCreateDirectoryAndRollback" computerName="CDOVPC01" duration="00:00:00.0013046" startTime="2010-06-08T16:53:17.5095168-04:00" endTime="2010-06-08T16:53:17.5095168-04:00" testType="13cdc9d9-ddb5-4fa4-a97d-d965ccfc6d4b" outcome="Passed" testListId="8c84fa94-04c1-424b-9868-57a2d4851a1d">
      <Output>
      </Output>
    </UnitTestResult>
  </Results>
</TestRun>